# JRE version: OpenJDK Runtime Environment Temurin-21.0.10+7 (21.0.10+7) (build 21.0.10+7-LTS)
# Java VM: OpenJDK 64-Bit Server VM Temurin-21.0.10+7 (21.0.10+7-LTS, mixed mode, sharing, tiered, compressed oops, compressed class ptrs, parallel gc, windows-amd64)
GC Precious Log:
 CardTable entry size: 512
 CPUs: 8 total, 8 available
 Memory: 7918M
 Large Page Support: Disabled
 NUMA Support: Disabled
 Compressed Oops: Enabled (32-bit)
 Alignments: Space 512K, Generation 512K, Heap 2M
 Heap Min Capacity: 100M
 Heap Initial Capacity: 100M
 Heap Max Capacity: 2G
 Pre-touch: Disabled
 Parallel Workers: 8
Heap:
 PSYoungGen      total 17408K, used 8581K [0x00000000d5580000, 0x00000000d6780000, 0x0000000100000000)
  eden space 16896K, 49% used [0x00000000d5580000,0x00000000d5da1500,0x00000000d6600000)
  from space 512K, 50% used [0x00000000d6700000,0x00000000d6740000,0x00000000d6780000)
  to   space 512K, 0% used [0x00000000d6680000,0x00000000d6680000,0x00000000d6700000)
 ParOldGen       total 84480K, used 84020K [0x0000000080000000, 0x0000000085280000, 0x00000000d5580000)
  object space 84480K, 99% used [0x0000000080000000,0x000000008520d388,0x0000000085280000)
 Metaspace       used 67441K, committed 68928K, reserved 1114112K
  class space    used 7197K, committed 7808K, reserved 1048576K
GC Heap History (20 events):
Event: 34.295 GC heap before
{Heap before GC invocations=86 (full 3):
 PSYoungGen      total 19968K, used 19362K [0x00000000d5580000, 0x00000000d6c00000, 0x0000000100000000)
  eden space 16896K, 97% used [0x00000000d5580000,0x00000000d659bd38,0x00000000d6600000)
  from space 3072K, 93% used [0x00000000d6900000,0x00000000d6bccda8,0x00000000d6c00000)
  to   space 3072K, 0% used [0x00000000d6600000,0x00000000d6600000,0x00000000d6900000)
 ParOldGen       total 79872K, used 79810K [0x0000000080000000, 0x0000000084e00000, 0x00000000d5580000)
  object space 79872K, 99% used [0x0000000080000000,0x0000000084df0bf0,0x0000000084e00000)
 Metaspace       used 67146K, committed 68672K, reserved 1114112K
  class space    used 7182K, committed 7808K, reserved 1048576K
}
Event: 34.297 GC heap after
{Heap after GC invocations=86 (full 3):
 PSYoungGen      total 17408K, used 288K [0x00000000d5580000, 0x00000000d6980000, 0x0000000100000000)
  eden space 16896K, 0% used [0x00000000d5580000,0x00000000d5580000,0x00000000d6600000)
  from space 512K, 56% used [0x00000000d6600000,0x00000000d6648000,0x00000000d6680000)
  to   space 1536K, 0% used [0x00000000d6800000,0x00000000d6800000,0x00000000d6980000)
 ParOldGen       total 80896K, used 80522K [0x0000000080000000, 0x0000000084f00000, 0x00000000d5580000)
  object space 80896K, 99% used [0x0000000080000000,0x0000000084ea2bf0,0x0000000084f00000)
 Metaspace       used 67146K, committed 68672K, reserved 1114112K
  class space    used 7182K, committed 7808K, reserved 1048576K
}
Event: 34.387 GC heap before
{Heap before GC invocations=87 (full 3):
 PSYoungGen      total 17408K, used 17168K [0x00000000d5580000, 0x00000000d6980000, 0x0000000100000000)
  eden space 16896K, 99% used [0x00000000d5580000,0x00000000d65fc008,0x00000000d6600000)
  from space 512K, 56% used [0x00000000d6600000,0x00000000d6648000,0x00000000d6680000)
  to   space 1536K, 0% used [0x00000000d6800000,0x00000000d6800000,0x00000000d6980000)
 ParOldGen       total 80896K, used 80522K [0x0000000080000000, 0x0000000084f00000, 0x00000000d5580000)
  object space 80896K, 99% used [0x0000000080000000,0x0000000084ea2bf0,0x0000000084f00000)
 Metaspace       used 67167K, committed 68672K, reserved 1114112K
  class space    used 7182K, committed 7808K, reserved 1048576K
}
Event: 34.389 GC heap after
{Heap after GC invocations=87 (full 3):
 PSYoungGen      total 17408K, used 428K [0x00000000d5580000, 0x00000000d6880000, 0x0000000100000000)
  eden space 16896K, 0% used [0x00000000d5580000,0x00000000d5580000,0x00000000d6600000)
  from space 512K, 83% used [0x00000000d6800000,0x00000000d686b238,0x00000000d6880000)
  to   space 1024K, 0% used [0x00000000d6680000,0x00000000d6680000,0x00000000d6780000)
 ParOldGen       total 82432K, used 82011K [0x0000000080000000, 0x0000000085080000, 0x00000000d5580000)
  object space 82432K, 99% used [0x0000000080000000,0x0000000085016e88,0x0000000085080000)
 Metaspace       used 67167K, committed 68672K, reserved 1114112K
  class space    used 7182K, committed 7808K, reserved 1048576K
}
Event: 34.460 GC heap before
{Heap before GC invocations=88 (full 3):
 PSYoungGen      total 17408K, used 16756K [0x00000000d5580000, 0x00000000d6880000, 0x0000000100000000)
  eden space 16896K, 96% used [0x00000000d5580000,0x00000000d6571f68,0x00000000d6600000)
  from space 512K, 83% used [0x00000000d6800000,0x00000000d686b238,0x00000000d6880000)
  to   space 1024K, 0% used [0x00000000d6680000,0x00000000d6680000,0x00000000d6780000)
 ParOldGen       total 82432K, used 82011K [0x0000000080000000, 0x0000000085080000, 0x00000000d5580000)
  object space 82432K, 99% used [0x0000000080000000,0x0000000085016e88,0x0000000085080000)
 Metaspace       used 67178K, committed 68672K, reserved 1114112K
  class space    used 7182K, committed 7808K, reserved 1048576K
}
Event: 34.461 GC heap after
{Heap after GC invocations=88 (full 3):
 PSYoungGen      total 17920K, used 224K [0x00000000d5580000, 0x00000000d6880000, 0x0000000100000000)
  eden space 16896K, 0% used [0x00000000d5580000,0x00000000d5580000,0x00000000d6600000)
  from space 1024K, 21% used [0x00000000d6680000,0x00000000d66b8000,0x00000000d6780000)
  to   space 512K, 0% used [0x00000000d6800000,0x00000000d6800000,0x00000000d6880000)
 ParOldGen       total 82432K, used 82035K [0x0000000080000000, 0x0000000085080000, 0x00000000d5580000)
  object space 82432K, 99% used [0x0000000080000000,0x000000008501ce88,0x0000000085080000)
 Metaspace       used 67178K, committed 68672K, reserved 1114112K
  class space    used 7182K, committed 7808K, reserved 1048576K
}
Event: 34.550 GC heap before
{Heap before GC invocations=89 (full 3):
 PSYoungGen      total 17920K, used 17120K [0x00000000d5580000, 0x00000000d6880000, 0x0000000100000000)
  eden space 16896K, 100% used [0x00000000d5580000,0x00000000d6600000,0x00000000d6600000)
  from space 1024K, 21% used [0x00000000d6680000,0x00000000d66b8000,0x00000000d6780000)
  to   space 512K, 0% used [0x00000000d6800000,0x00000000d6800000,0x00000000d6880000)
 ParOldGen       total 82432K, used 82035K [0x0000000080000000, 0x0000000085080000, 0x00000000d5580000)
  object space 82432K, 99% used [0x0000000080000000,0x000000008501ce88,0x0000000085080000)
 Metaspace       used 67183K, committed 68672K, reserved 1114112K
  class space    used 7182K, committed 7808K, reserved 1048576K
}
Event: 34.552 GC heap after
{Heap after GC invocations=89 (full 3):
 PSYoungGen      total 17408K, used 512K [0x00000000d5580000, 0x00000000d6880000, 0x0000000100000000)
  eden space 16896K, 0% used [0x00000000d5580000,0x00000000d5580000,0x00000000d6600000)
  from space 512K, 100% used [0x00000000d6800000,0x00000000d6880000,0x00000000d6880000)
  to   space 1024K, 0% used [0x00000000d6680000,0x00000000d6680000,0x00000000d6780000)
 ParOldGen       total 82432K, used 82203K [0x0000000080000000, 0x0000000085080000, 0x00000000d5580000)
  object space 82432K, 99% used [0x0000000080000000,0x0000000085046e88,0x0000000085080000)
 Metaspace       used 67183K, committed 68672K, reserved 1114112K
  class space    used 7182K, committed 7808K, reserved 1048576K
}
Event: 34.694 GC heap before
{Heap before GC invocations=90 (full 3):
 PSYoungGen      total 17408K, used 16208K [0x00000000d5580000, 0x00000000d6880000, 0x0000000100000000)
  eden space 16896K, 92% used [0x00000000d5580000,0x00000000d64d42d0,0x00000000d6600000)
  from space 512K, 100% used [0x00000000d6800000,0x00000000d6880000,0x00000000d6880000)
  to   space 1024K, 0% used [0x00000000d6680000,0x00000000d6680000,0x00000000d6780000)
 ParOldGen       total 82432K, used 82203K [0x0000000080000000, 0x0000000085080000, 0x00000000d5580000)
  object space 82432K, 99% used [0x0000000080000000,0x0000000085046e88,0x0000000085080000)
 Metaspace       used 67223K, committed 68736K, reserved 1114112K
  class space    used 7188K, committed 7808K, reserved 1048576K
}
Event: 34.695 GC heap after
{Heap after GC invocations=90 (full 3):
 PSYoungGen      total 17920K, used 512K [0x00000000d5580000, 0x00000000d6880000, 0x0000000100000000)
  eden space 16896K, 0% used [0x00000000d5580000,0x00000000d5580000,0x00000000d6600000)
  from space 1024K, 50% used [0x00000000d6680000,0x00000000d6700000,0x00000000d6780000)
  to   space 1024K, 0% used [0x00000000d6780000,0x00000000d6780000,0x00000000d6880000)
 ParOldGen       total 82944K, used 82707K [0x0000000080000000, 0x0000000085100000, 0x00000000d5580000)
  object space 82944K, 99% used [0x0000000080000000,0x00000000850c4e88,0x0000000085100000)
 Metaspace       used 67223K, committed 68736K, reserved 1114112K
  class space    used 7188K, committed 7808K, reserved 1048576K
}
Event: 34.762 GC heap before
{Heap before GC invocations=91 (full 3):
 PSYoungGen      total 17920K, used 16827K [0x00000000d5580000, 0x00000000d6880000, 0x0000000100000000)
  eden space 16896K, 96% used [0x00000000d5580000,0x00000000d656efc8,0x00000000d6600000)
  from space 1024K, 50% used [0x00000000d6680000,0x00000000d6700000,0x00000000d6780000)
  to   space 1024K, 0% used [0x00000000d6780000,0x00000000d6780000,0x00000000d6880000)
 ParOldGen       total 82944K, used 82707K [0x0000000080000000, 0x0000000085100000, 0x00000000d5580000)
  object space 82944K, 99% used [0x0000000080000000,0x00000000850c4e88,0x0000000085100000)
 Metaspace       used 67253K, committed 68800K, reserved 1114112K
  class space    used 7188K, committed 7808K, reserved 1048576K
}
Event: 34.763 GC heap after
{Heap after GC invocations=91 (full 3):
 PSYoungGen      total 17408K, used 192K [0x00000000d5580000, 0x00000000d6800000, 0x0000000100000000)
  eden space 16896K, 0% used [0x00000000d5580000,0x00000000d5580000,0x00000000d6600000)
  from space 512K, 37% used [0x00000000d6780000,0x00000000d67b0000,0x00000000d6800000)
  to   space 512K, 0% used [0x00000000d6700000,0x00000000d6700000,0x00000000d6780000)
 ParOldGen       total 83456K, used 83067K [0x0000000080000000, 0x0000000085180000, 0x00000000d5580000)
  object space 83456K, 99% used [0x0000000080000000,0x000000008511ee88,0x0000000085180000)
 Metaspace       used 67253K, committed 68800K, reserved 1114112K
  class space    used 7188K, committed 7808K, reserved 1048576K
}
Event: 34.859 GC heap before
{Heap before GC invocations=92 (full 3):
 PSYoungGen      total 17408K, used 15915K [0x00000000d5580000, 0x00000000d6800000, 0x0000000100000000)
  eden space 16896K, 93% used [0x00000000d5580000,0x00000000d64dadc8,0x00000000d6600000)
  from space 512K, 37% used [0x00000000d6780000,0x00000000d67b0000,0x00000000d6800000)
  to   space 512K, 0% used [0x00000000d6700000,0x00000000d6700000,0x00000000d6780000)
 ParOldGen       total 83456K, used 83067K [0x0000000080000000, 0x0000000085180000, 0x00000000d5580000)
  object space 83456K, 99% used [0x0000000080000000,0x000000008511ee88,0x0000000085180000)
 Metaspace       used 67311K, committed 68800K, reserved 1114112K
  class space    used 7196K, committed 7808K, reserved 1048576K
}
Event: 34.861 GC heap after
{Heap after GC invocations=92 (full 3):
 PSYoungGen      total 17408K, used 481K [0x00000000d5580000, 0x00000000d6800000, 0x0000000100000000)
  eden space 16896K, 0% used [0x00000000d5580000,0x00000000d5580000,0x00000000d6600000)
  from space 512K, 94% used [0x00000000d6700000,0x00000000d6778780,0x00000000d6780000)
  to   space 512K, 0% used [0x00000000d6780000,0x00000000d6780000,0x00000000d6800000)
 ParOldGen       total 83456K, used 83239K [0x0000000080000000, 0x0000000085180000, 0x00000000d5580000)
  object space 83456K, 99% used [0x0000000080000000,0x0000000085149e98,0x0000000085180000)
 Metaspace       used 67311K, committed 68800K, reserved 1114112K
  class space    used 7196K, committed 7808K, reserved 1048576K
}
Event: 34.904 GC heap before
{Heap before GC invocations=93 (full 3):
 PSYoungGen      total 17408K, used 17377K [0x00000000d5580000, 0x00000000d6800000, 0x0000000100000000)
  eden space 16896K, 100% used [0x00000000d5580000,0x00000000d6600000,0x00000000d6600000)
  from space 512K, 94% used [0x00000000d6700000,0x00000000d6778780,0x00000000d6780000)
  to   space 512K, 0% used [0x00000000d6780000,0x00000000d6780000,0x00000000d6800000)
 ParOldGen       total 83456K, used 83239K [0x0000000080000000, 0x0000000085180000, 0x00000000d5580000)
  object space 83456K, 99% used [0x0000000080000000,0x0000000085149e98,0x0000000085180000)
 Metaspace       used 67318K, committed 68800K, reserved 1114112K
  class space    used 7196K, committed 7808K, reserved 1048576K
}
Event: 34.906 GC heap after
{Heap after GC invocations=93 (full 3):
 PSYoungGen      total 17408K, used 502K [0x00000000d5580000, 0x00000000d6800000, 0x0000000100000000)
  eden space 16896K, 0% used [0x00000000d5580000,0x00000000d5580000,0x00000000d6600000)
  from space 512K, 98% used [0x00000000d6780000,0x00000000d67fd950,0x00000000d6800000)
  to   space 1024K, 0% used [0x00000000d6600000,0x00000000d6600000,0x00000000d6700000)
 ParOldGen       total 83968K, used 83662K [0x0000000080000000, 0x0000000085200000, 0x00000000d5580000)
  object space 83968K, 99% used [0x0000000080000000,0x00000000851b3a38,0x0000000085200000)
 Metaspace       used 67318K, committed 68800K, reserved 1114112K
  class space    used 7196K, committed 7808K, reserved 1048576K
}
Event: 34.972 GC heap before
{Heap before GC invocations=94 (full 3):
 PSYoungGen      total 17408K, used 17398K [0x00000000d5580000, 0x00000000d6800000, 0x0000000100000000)
  eden space 16896K, 100% used [0x00000000d5580000,0x00000000d6600000,0x00000000d6600000)
  from space 512K, 98% used [0x00000000d6780000,0x00000000d67fd950,0x00000000d6800000)
  to   space 1024K, 0% used [0x00000000d6600000,0x00000000d6600000,0x00000000d6700000)
 ParOldGen       total 83968K, used 83662K [0x0000000080000000, 0x0000000085200000, 0x00000000d5580000)
  object space 83968K, 99% used [0x0000000080000000,0x00000000851b3a38,0x0000000085200000)
 Metaspace       used 67329K, committed 68800K, reserved 1114112K
  class space    used 7196K, committed 7808K, reserved 1048576K
}
Event: 34.973 GC heap after
{Heap after GC invocations=94 (full 3):
 PSYoungGen      total 17920K, used 288K [0x00000000d5580000, 0x00000000d6800000, 0x0000000100000000)
  eden space 16896K, 0% used [0x00000000d5580000,0x00000000d5580000,0x00000000d6600000)
  from space 1024K, 28% used [0x00000000d6600000,0x00000000d6648000,0x00000000d6700000)
  to   space 1024K, 0% used [0x00000000d6700000,0x00000000d6700000,0x00000000d6800000)
 ParOldGen       total 84480K, used 83988K [0x0000000080000000, 0x0000000085280000, 0x00000000d5580000)
  object space 84480K, 99% used [0x0000000080000000,0x0000000085205388,0x0000000085280000)
 Metaspace       used 67329K, committed 68800K, reserved 1114112K
  class space    used 7196K, committed 7808K, reserved 1048576K
}
Event: 35.043 GC heap before
{Heap before GC invocations=95 (full 3):
 PSYoungGen      total 17920K, used 17184K [0x00000000d5580000, 0x00000000d6800000, 0x0000000100000000)
  eden space 16896K, 100% used [0x00000000d5580000,0x00000000d6600000,0x00000000d6600000)
  from space 1024K, 28% used [0x00000000d6600000,0x00000000d6648000,0x00000000d6700000)
  to   space 1024K, 0% used [0x00000000d6700000,0x00000000d6700000,0x00000000d6800000)
 ParOldGen       total 84480K, used 83988K [0x0000000080000000, 0x0000000085280000, 0x00000000d5580000)
  object space 84480K, 99% used [0x0000000080000000,0x0000000085205388,0x0000000085280000)
 Metaspace       used 67365K, committed 68864K, reserved 1114112K
  class space    used 7196K, committed 7808K, reserved 1048576K
}
Event: 35.045 GC heap after
{Heap after GC invocations=95 (full 3):
 PSYoungGen      total 17408K, used 256K [0x00000000d5580000, 0x00000000d6780000, 0x0000000100000000)
  eden space 16896K, 0% used [0x00000000d5580000,0x00000000d5580000,0x00000000d6600000)
  from space 512K, 50% used [0x00000000d6700000,0x00000000d6740000,0x00000000d6780000)
  to   space 512K, 0% used [0x00000000d6680000,0x00000000d6680000,0x00000000d6700000)
 ParOldGen       total 84480K, used 84020K [0x0000000080000000, 0x0000000085280000, 0x00000000d5580000)
  object space 84480K, 99% used [0x0000000080000000,0x000000008520d388,0x0000000085280000)
 Metaspace       used 67365K, committed 68864K, reserved 1114112K
  class space    used 7196K, committed 7808K, reserved 1048576K
}

