# JRE version: OpenJDK Runtime Environment Temurin-21.0.10+7 (21.0.10+7) (build 21.0.10+7-LTS)
# Java VM: OpenJDK 64-Bit Server VM Temurin-21.0.10+7 (21.0.10+7-LTS, mixed mode, sharing, tiered, compressed oops, compressed class ptrs, parallel gc, windows-amd64)
GC Precious Log:
 CardTable entry size: 512
 CPUs: 8 total, 8 available
 Memory: 7918M
 Large Page Support: Disabled
 NUMA Support: Disabled
 Compressed Oops: Enabled (32-bit)
 Alignments: Space 512K, Generation 512K, Heap 2M
 Heap Min Capacity: 100M
 Heap Initial Capacity: 100M
 Heap Max Capacity: 2G
 Pre-touch: Disabled
 Parallel Workers: 8
Heap:
 PSYoungGen      total 12288K, used 5442K [0x00000000d5580000, 0x00000000d6380000, 0x0000000100000000)
  eden space 11776K, 44% used [0x00000000d5580000,0x00000000d5a98818,0x00000000d6100000)
  from space 512K, 43% used [0x00000000d6300000,0x00000000d6338000,0x00000000d6380000)
  to   space 512K, 0% used [0x00000000d6280000,0x00000000d6280000,0x00000000d6300000)
 ParOldGen       total 86016K, used 85883K [0x0000000080000000, 0x0000000085400000, 0x00000000d5580000)
  object space 86016K, 99% used [0x0000000080000000,0x00000000853dedf0,0x0000000085400000)
 Metaspace       used 65969K, committed 67648K, reserved 1114112K
  class space    used 6998K, committed 7680K, reserved 1048576K
GC Heap History (20 events):
Event: 35.450 GC heap before
{Heap before GC invocations=116 (full 3):
 PSYoungGen      total 12288K, used 11601K [0x00000000d5580000, 0x00000000d6400000, 0x0000000100000000)
  eden space 11776K, 94% used [0x00000000d5580000,0x00000000d60547d8,0x00000000d6100000)
  from space 512K, 100% used [0x00000000d6380000,0x00000000d6400000,0x00000000d6400000)
  to   space 1536K, 0% used [0x00000000d6100000,0x00000000d6100000,0x00000000d6280000)
 ParOldGen       total 83456K, used 83109K [0x0000000080000000, 0x0000000085180000, 0x00000000d5580000)
  object space 83456K, 99% used [0x0000000080000000,0x00000000851297d0,0x0000000085180000)
 Metaspace       used 65410K, committed 67008K, reserved 1114112K
  class space    used 6952K, committed 7616K, reserved 1048576K
}
Event: 35.452 GC heap after
{Heap after GC invocations=116 (full 3):
 PSYoungGen      total 13312K, used 288K [0x00000000d5580000, 0x00000000d6400000, 0x0000000100000000)
  eden space 11776K, 0% used [0x00000000d5580000,0x00000000d5580000,0x00000000d6100000)
  from space 1536K, 18% used [0x00000000d6100000,0x00000000d6148000,0x00000000d6280000)
  to   space 512K, 0% used [0x00000000d6380000,0x00000000d6380000,0x00000000d6400000)
 ParOldGen       total 83456K, used 83117K [0x0000000080000000, 0x0000000085180000, 0x00000000d5580000)
  object space 83456K, 99% used [0x0000000080000000,0x000000008512b7d0,0x0000000085180000)
 Metaspace       used 65410K, committed 67008K, reserved 1114112K
  class space    used 6952K, committed 7616K, reserved 1048576K
}
Event: 35.679 GC heap before
{Heap before GC invocations=117 (full 3):
 PSYoungGen      total 13312K, used 12064K [0x00000000d5580000, 0x00000000d6400000, 0x0000000100000000)
  eden space 11776K, 100% used [0x00000000d5580000,0x00000000d6100000,0x00000000d6100000)
  from space 1536K, 18% used [0x00000000d6100000,0x00000000d6148000,0x00000000d6280000)
  to   space 512K, 0% used [0x00000000d6380000,0x00000000d6380000,0x00000000d6400000)
 ParOldGen       total 83456K, used 83117K [0x0000000080000000, 0x0000000085180000, 0x00000000d5580000)
  object space 83456K, 99% used [0x0000000080000000,0x000000008512b7d0,0x0000000085180000)
 Metaspace       used 65446K, committed 67008K, reserved 1114112K
  class space    used 6958K, committed 7616K, reserved 1048576K
}
Event: 35.680 GC heap after
{Heap after GC invocations=117 (full 3):
 PSYoungGen      total 12288K, used 256K [0x00000000d5580000, 0x00000000d6400000, 0x0000000100000000)
  eden space 11776K, 0% used [0x00000000d5580000,0x00000000d5580000,0x00000000d6100000)
  from space 512K, 50% used [0x00000000d6380000,0x00000000d63c0000,0x00000000d6400000)
  to   space 512K, 0% used [0x00000000d6300000,0x00000000d6300000,0x00000000d6380000)
 ParOldGen       total 83456K, used 83237K [0x0000000080000000, 0x0000000085180000, 0x00000000d5580000)
  object space 83456K, 99% used [0x0000000080000000,0x00000000851497d0,0x0000000085180000)
 Metaspace       used 65446K, committed 67008K, reserved 1114112K
  class space    used 6958K, committed 7616K, reserved 1048576K
}
Event: 35.724 GC heap before
{Heap before GC invocations=118 (full 3):
 PSYoungGen      total 12288K, used 10980K [0x00000000d5580000, 0x00000000d6400000, 0x0000000100000000)
  eden space 11776K, 91% used [0x00000000d5580000,0x00000000d5ff90f0,0x00000000d6100000)
  from space 512K, 50% used [0x00000000d6380000,0x00000000d63c0000,0x00000000d6400000)
  to   space 512K, 0% used [0x00000000d6300000,0x00000000d6300000,0x00000000d6380000)
 ParOldGen       total 83456K, used 83237K [0x0000000080000000, 0x0000000085180000, 0x00000000d5580000)
  object space 83456K, 99% used [0x0000000080000000,0x00000000851497d0,0x0000000085180000)
 Metaspace       used 65466K, committed 67072K, reserved 1114112K
  class space    used 6958K, committed 7616K, reserved 1048576K
}
Event: 35.725 GC heap after
{Heap after GC invocations=118 (full 3):
 PSYoungGen      total 12288K, used 256K [0x00000000d5580000, 0x00000000d6400000, 0x0000000100000000)
  eden space 11776K, 0% used [0x00000000d5580000,0x00000000d5580000,0x00000000d6100000)
  from space 512K, 50% used [0x00000000d6300000,0x00000000d6340000,0x00000000d6380000)
  to   space 512K, 0% used [0x00000000d6380000,0x00000000d6380000,0x00000000d6400000)
 ParOldGen       total 83456K, used 83309K [0x0000000080000000, 0x0000000085180000, 0x00000000d5580000)
  object space 83456K, 99% used [0x0000000080000000,0x000000008515b7d0,0x0000000085180000)
 Metaspace       used 65466K, committed 67072K, reserved 1114112K
  class space    used 6958K, committed 7616K, reserved 1048576K
}
Event: 35.871 GC heap before
{Heap before GC invocations=119 (full 3):
 PSYoungGen      total 12288K, used 12032K [0x00000000d5580000, 0x00000000d6400000, 0x0000000100000000)
  eden space 11776K, 100% used [0x00000000d5580000,0x00000000d6100000,0x00000000d6100000)
  from space 512K, 50% used [0x00000000d6300000,0x00000000d6340000,0x00000000d6380000)
  to   space 512K, 0% used [0x00000000d6380000,0x00000000d6380000,0x00000000d6400000)
 ParOldGen       total 83456K, used 83309K [0x0000000080000000, 0x0000000085180000, 0x00000000d5580000)
  object space 83456K, 99% used [0x0000000080000000,0x000000008515b7d0,0x0000000085180000)
 Metaspace       used 65513K, committed 67072K, reserved 1114112K
  class space    used 6965K, committed 7616K, reserved 1048576K
}
Event: 35.873 GC heap after
{Heap after GC invocations=119 (full 3):
 PSYoungGen      total 12288K, used 288K [0x00000000d5580000, 0x00000000d6400000, 0x0000000100000000)
  eden space 11776K, 0% used [0x00000000d5580000,0x00000000d5580000,0x00000000d6100000)
  from space 512K, 56% used [0x00000000d6380000,0x00000000d63c8000,0x00000000d6400000)
  to   space 512K, 0% used [0x00000000d6300000,0x00000000d6300000,0x00000000d6380000)
 ParOldGen       total 83456K, used 83381K [0x0000000080000000, 0x0000000085180000, 0x00000000d5580000)
  object space 83456K, 99% used [0x0000000080000000,0x000000008516d7d0,0x0000000085180000)
 Metaspace       used 65513K, committed 67072K, reserved 1114112K
  class space    used 6965K, committed 7616K, reserved 1048576K
}
Event: 36.018 GC heap before
{Heap before GC invocations=120 (full 3):
 PSYoungGen      total 12288K, used 12052K [0x00000000d5580000, 0x00000000d6400000, 0x0000000100000000)
  eden space 11776K, 99% used [0x00000000d5580000,0x00000000d60fd3b0,0x00000000d6100000)
  from space 512K, 56% used [0x00000000d6380000,0x00000000d63c8000,0x00000000d6400000)
  to   space 512K, 0% used [0x00000000d6300000,0x00000000d6300000,0x00000000d6380000)
 ParOldGen       total 83456K, used 83381K [0x0000000080000000, 0x0000000085180000, 0x00000000d5580000)
  object space 83456K, 99% used [0x0000000080000000,0x000000008516d7d0,0x0000000085180000)
 Metaspace       used 65547K, committed 67072K, reserved 1114112K
  class space    used 6966K, committed 7616K, reserved 1048576K
}
Event: 36.020 GC heap after
{Heap after GC invocations=120 (full 3):
 PSYoungGen      total 12288K, used 502K [0x00000000d5580000, 0x00000000d6400000, 0x0000000100000000)
  eden space 11776K, 0% used [0x00000000d5580000,0x00000000d5580000,0x00000000d6100000)
  from space 512K, 98% used [0x00000000d6300000,0x00000000d637d810,0x00000000d6380000)
  to   space 512K, 0% used [0x00000000d6380000,0x00000000d6380000,0x00000000d6400000)
 ParOldGen       total 83968K, used 83552K [0x0000000080000000, 0x0000000085200000, 0x00000000d5580000)
  object space 83968K, 99% used [0x0000000080000000,0x0000000085198100,0x0000000085200000)
 Metaspace       used 65547K, committed 67072K, reserved 1114112K
  class space    used 6966K, committed 7616K, reserved 1048576K
}
Event: 36.114 GC heap before
{Heap before GC invocations=121 (full 3):
 PSYoungGen      total 12288K, used 12003K [0x00000000d5580000, 0x00000000d6400000, 0x0000000100000000)
  eden space 11776K, 97% used [0x00000000d5580000,0x00000000d60bb5a0,0x00000000d6100000)
  from space 512K, 98% used [0x00000000d6300000,0x00000000d637d810,0x00000000d6380000)
  to   space 512K, 0% used [0x00000000d6380000,0x00000000d6380000,0x00000000d6400000)
 ParOldGen       total 83968K, used 83552K [0x0000000080000000, 0x0000000085200000, 0x00000000d5580000)
  object space 83968K, 99% used [0x0000000080000000,0x0000000085198100,0x0000000085200000)
 Metaspace       used 65548K, committed 67072K, reserved 1114112K
  class space    used 6966K, committed 7616K, reserved 1048576K
}
Event: 36.118 GC heap after
{Heap after GC invocations=121 (full 3):
 PSYoungGen      total 12288K, used 503K [0x00000000d5580000, 0x00000000d6400000, 0x0000000100000000)
  eden space 11776K, 0% used [0x00000000d5580000,0x00000000d5580000,0x00000000d6100000)
  from space 512K, 98% used [0x00000000d6380000,0x00000000d63fdee8,0x00000000d6400000)
  to   space 1024K, 0% used [0x00000000d6200000,0x00000000d6200000,0x00000000d6300000)
 ParOldGen       total 85504K, used 85357K [0x0000000080000000, 0x0000000085380000, 0x00000000d5580000)
  object space 85504K, 99% used [0x0000000080000000,0x000000008535b4a0,0x0000000085380000)
 Metaspace       used 65548K, committed 67072K, reserved 1114112K
  class space    used 6966K, committed 7616K, reserved 1048576K
}
Event: 36.290 GC heap before
{Heap before GC invocations=122 (full 3):
 PSYoungGen      total 12288K, used 12279K [0x00000000d5580000, 0x00000000d6400000, 0x0000000100000000)
  eden space 11776K, 100% used [0x00000000d5580000,0x00000000d6100000,0x00000000d6100000)
  from space 512K, 98% used [0x00000000d6380000,0x00000000d63fdee8,0x00000000d6400000)
  to   space 1024K, 0% used [0x00000000d6200000,0x00000000d6200000,0x00000000d6300000)
 ParOldGen       total 85504K, used 85357K [0x0000000080000000, 0x0000000085380000, 0x00000000d5580000)
  object space 85504K, 99% used [0x0000000080000000,0x000000008535b4a0,0x0000000085380000)
 Metaspace       used 65562K, committed 67136K, reserved 1114112K
  class space    used 6966K, committed 7616K, reserved 1048576K
}
Event: 36.292 GC heap after
{Heap after GC invocations=122 (full 3):
 PSYoungGen      total 12800K, used 598K [0x00000000d5580000, 0x00000000d6400000, 0x0000000100000000)
  eden space 11776K, 0% used [0x00000000d5580000,0x00000000d5580000,0x00000000d6100000)
  from space 1024K, 58% used [0x00000000d6200000,0x00000000d6295950,0x00000000d6300000)
  to   space 1024K, 0% used [0x00000000d6300000,0x00000000d6300000,0x00000000d6400000)
 ParOldGen       total 85504K, used 85405K [0x0000000080000000, 0x0000000085380000, 0x00000000d5580000)
  object space 85504K, 99% used [0x0000000080000000,0x00000000853674a0,0x0000000085380000)
 Metaspace       used 65562K, committed 67136K, reserved 1114112K
  class space    used 6966K, committed 7616K, reserved 1048576K
}
Event: 36.380 GC heap before
{Heap before GC invocations=123 (full 3):
 PSYoungGen      total 12800K, used 12374K [0x00000000d5580000, 0x00000000d6400000, 0x0000000100000000)
  eden space 11776K, 100% used [0x00000000d5580000,0x00000000d6100000,0x00000000d6100000)
  from space 1024K, 58% used [0x00000000d6200000,0x00000000d6295950,0x00000000d6300000)
  to   space 1024K, 0% used [0x00000000d6300000,0x00000000d6300000,0x00000000d6400000)
 ParOldGen       total 85504K, used 85405K [0x0000000080000000, 0x0000000085380000, 0x00000000d5580000)
  object space 85504K, 99% used [0x0000000080000000,0x00000000853674a0,0x0000000085380000)
 Metaspace       used 65565K, committed 67136K, reserved 1114112K
  class space    used 6966K, committed 7616K, reserved 1048576K
}
Event: 36.381 GC heap after
{Heap after GC invocations=123 (full 3):
 PSYoungGen      total 12288K, used 256K [0x00000000d5580000, 0x00000000d6380000, 0x0000000100000000)
  eden space 11776K, 0% used [0x00000000d5580000,0x00000000d5580000,0x00000000d6100000)
  from space 512K, 50% used [0x00000000d6300000,0x00000000d6340000,0x00000000d6380000)
  to   space 512K, 0% used [0x00000000d6280000,0x00000000d6280000,0x00000000d6300000)
 ParOldGen       total 86016K, used 85739K [0x0000000080000000, 0x0000000085400000, 0x00000000d5580000)
  object space 86016K, 99% used [0x0000000080000000,0x00000000853badf0,0x0000000085400000)
 Metaspace       used 65565K, committed 67136K, reserved 1114112K
  class space    used 6966K, committed 7616K, reserved 1048576K
}
Event: 36.445 GC heap before
{Heap before GC invocations=124 (full 3):
 PSYoungGen      total 12288K, used 11018K [0x00000000d5580000, 0x00000000d6380000, 0x0000000100000000)
  eden space 11776K, 91% used [0x00000000d5580000,0x00000000d6002818,0x00000000d6100000)
  from space 512K, 50% used [0x00000000d6300000,0x00000000d6340000,0x00000000d6380000)
  to   space 512K, 0% used [0x00000000d6280000,0x00000000d6280000,0x00000000d6300000)
 ParOldGen       total 86016K, used 85739K [0x0000000080000000, 0x0000000085400000, 0x00000000d5580000)
  object space 86016K, 99% used [0x0000000080000000,0x00000000853badf0,0x0000000085400000)
 Metaspace       used 65595K, committed 67136K, reserved 1114112K
  class space    used 6966K, committed 7616K, reserved 1048576K
}
Event: 36.446 GC heap after
{Heap after GC invocations=124 (full 3):
 PSYoungGen      total 12288K, used 256K [0x00000000d5580000, 0x00000000d6380000, 0x0000000100000000)
  eden space 11776K, 0% used [0x00000000d5580000,0x00000000d5580000,0x00000000d6100000)
  from space 512K, 50% used [0x00000000d6280000,0x00000000d62c0000,0x00000000d6300000)
  to   space 512K, 0% used [0x00000000d6300000,0x00000000d6300000,0x00000000d6380000)
 ParOldGen       total 86016K, used 85787K [0x0000000080000000, 0x0000000085400000, 0x00000000d5580000)
  object space 86016K, 99% used [0x0000000080000000,0x00000000853c6df0,0x0000000085400000)
 Metaspace       used 65595K, committed 67136K, reserved 1114112K
  class space    used 6966K, committed 7616K, reserved 1048576K
}
Event: 36.520 GC heap before
{Heap before GC invocations=125 (full 3):
 PSYoungGen      total 12288K, used 12032K [0x00000000d5580000, 0x00000000d6380000, 0x0000000100000000)
  eden space 11776K, 100% used [0x00000000d5580000,0x00000000d6100000,0x00000000d6100000)
  from space 512K, 50% used [0x00000000d6280000,0x00000000d62c0000,0x00000000d6300000)
  to   space 512K, 0% used [0x00000000d6300000,0x00000000d6300000,0x00000000d6380000)
 ParOldGen       total 86016K, used 85787K [0x0000000080000000, 0x0000000085400000, 0x00000000d5580000)
  object space 86016K, 99% used [0x0000000080000000,0x00000000853c6df0,0x0000000085400000)
 Metaspace       used 65605K, committed 67136K, reserved 1114112K
  class space    used 6966K, committed 7616K, reserved 1048576K
}
Event: 36.521 GC heap after
{Heap after GC invocations=125 (full 3):
 PSYoungGen      total 12288K, used 224K [0x00000000d5580000, 0x00000000d6380000, 0x0000000100000000)
  eden space 11776K, 0% used [0x00000000d5580000,0x00000000d5580000,0x00000000d6100000)
  from space 512K, 43% used [0x00000000d6300000,0x00000000d6338000,0x00000000d6380000)
  to   space 512K, 0% used [0x00000000d6280000,0x00000000d6280000,0x00000000d6300000)
 ParOldGen       total 86016K, used 85883K [0x0000000080000000, 0x0000000085400000, 0x00000000d5580000)
  object space 86016K, 99% used [0x0000000080000000,0x00000000853dedf0,0x0000000085400000)
 Metaspace       used 65605K, committed 67136K, reserved 1114112K
  class space    used 6966K, committed 7616K, reserved 1048576K
}

