# JRE version: OpenJDK Runtime Environment Temurin-21.0.10+7 (21.0.10+7) (build 21.0.10+7-LTS)
# Java VM: OpenJDK 64-Bit Server VM Temurin-21.0.10+7 (21.0.10+7-LTS, mixed mode, sharing, tiered, compressed oops, compressed class ptrs, parallel gc, windows-amd64)
GC Precious Log:
 CardTable entry size: 512
 CPUs: 8 total, 8 available
 Memory: 7918M
 Large Page Support: Disabled
 NUMA Support: Disabled
 Compressed Oops: Enabled (32-bit)
 Alignments: Space 512K, Generation 512K, Heap 2M
 Heap Min Capacity: 100M
 Heap Initial Capacity: 100M
 Heap Max Capacity: 2G
 Pre-touch: Disabled
 Parallel Workers: 8
Heap:
 PSYoungGen      total 9216K, used 8318K [0x00000000d5580000, 0x00000000d6000000, 0x0000000100000000)
  eden space 8704K, 92% used [0x00000000d5580000,0x00000000d5d57b40,0x00000000d5e00000)
  from space 512K, 56% used [0x00000000d5f80000,0x00000000d5fc8020,0x00000000d6000000)
  to   space 512K, 0% used [0x00000000d5f00000,0x00000000d5f00000,0x00000000d5f80000)
 ParOldGen       total 222720K, used 222275K [0x0000000080000000, 0x000000008d980000, 0x00000000d5580000)
  object space 222720K, 99% used [0x0000000080000000,0x000000008d910c38,0x000000008d980000)
 Metaspace       used 75424K, committed 77056K, reserved 1179648K
  class space    used 7939K, committed 8704K, reserved 1048576K
GC Heap History (20 events):
Event: 96.874 GC heap before
{Heap before GC invocations=250 (full 3):
 PSYoungGen      total 10240K, used 10224K [0x00000000d5580000, 0x00000000d6100000, 0x0000000100000000)
  eden space 9728K, 100% used [0x00000000d5580000,0x00000000d5f00000,0x00000000d5f00000)
  from space 512K, 96% used [0x00000000d6000000,0x00000000d607c190,0x00000000d6080000)
  to   space 1024K, 0% used [0x00000000d5f00000,0x00000000d5f00000,0x00000000d6000000)
 ParOldGen       total 219136K, used 218990K [0x0000000080000000, 0x000000008d600000, 0x00000000d5580000)
  object space 219136K, 99% used [0x0000000080000000,0x000000008d5dbba0,0x000000008d600000)
 Metaspace       used 72057K, committed 73600K, reserved 1179648K
  class space    used 7557K, committed 8256K, reserved 1048576K
}
Event: 96.933 GC heap after
{Heap after GC invocations=250 (full 3):
 PSYoungGen      total 10752K, used 256K [0x00000000d5580000, 0x00000000d6080000, 0x0000000100000000)
  eden space 9728K, 0% used [0x00000000d5580000,0x00000000d5580000,0x00000000d5f00000)
  from space 1024K, 25% used [0x00000000d5f00000,0x00000000d5f40000,0x00000000d6000000)
  to   space 512K, 0% used [0x00000000d6000000,0x00000000d6000000,0x00000000d6080000)
 ParOldGen       total 219136K, used 219078K [0x0000000080000000, 0x000000008d600000, 0x00000000d5580000)
  object space 219136K, 99% used [0x0000000080000000,0x000000008d5f1ba0,0x000000008d600000)
 Metaspace       used 72057K, committed 73600K, reserved 1179648K
  class space    used 7557K, committed 8256K, reserved 1048576K
}
Event: 97.103 GC heap before
{Heap before GC invocations=251 (full 3):
 PSYoungGen      total 10752K, used 9984K [0x00000000d5580000, 0x00000000d6080000, 0x0000000100000000)
  eden space 9728K, 100% used [0x00000000d5580000,0x00000000d5f00000,0x00000000d5f00000)
  from space 1024K, 25% used [0x00000000d5f00000,0x00000000d5f40000,0x00000000d6000000)
  to   space 512K, 0% used [0x00000000d6000000,0x00000000d6000000,0x00000000d6080000)
 ParOldGen       total 219136K, used 219078K [0x0000000080000000, 0x000000008d600000, 0x00000000d5580000)
  object space 219136K, 99% used [0x0000000080000000,0x000000008d5f1ba0,0x000000008d600000)
 Metaspace       used 72057K, committed 73600K, reserved 1179648K
  class space    used 7557K, committed 8256K, reserved 1048576K
}
Event: 97.105 GC heap after
{Heap after GC invocations=251 (full 3):
 PSYoungGen      total 10240K, used 96K [0x00000000d5580000, 0x00000000d6080000, 0x0000000100000000)
  eden space 9728K, 0% used [0x00000000d5580000,0x00000000d5580000,0x00000000d5f00000)
  from space 512K, 18% used [0x00000000d6000000,0x00000000d6018000,0x00000000d6080000)
  to   space 512K, 0% used [0x00000000d5f80000,0x00000000d5f80000,0x00000000d6000000)
 ParOldGen       total 219136K, used 219126K [0x0000000080000000, 0x000000008d600000, 0x00000000d5580000)
  object space 219136K, 99% used [0x0000000080000000,0x000000008d5fdba0,0x000000008d600000)
 Metaspace       used 72057K, committed 73600K, reserved 1179648K
  class space    used 7557K, committed 8256K, reserved 1048576K
}
Event: 22617.288 GC heap before
{Heap before GC invocations=252 (full 3):
 PSYoungGen      total 10240K, used 9822K [0x00000000d5580000, 0x00000000d6080000, 0x0000000100000000)
  eden space 9728K, 99% used [0x00000000d5580000,0x00000000d5effb78,0x00000000d5f00000)
  from space 512K, 18% used [0x00000000d6000000,0x00000000d6018000,0x00000000d6080000)
  to   space 512K, 0% used [0x00000000d5f80000,0x00000000d5f80000,0x00000000d6000000)
 ParOldGen       total 219136K, used 219126K [0x0000000080000000, 0x000000008d600000, 0x00000000d5580000)
  object space 219136K, 99% used [0x0000000080000000,0x000000008d5fdba0,0x000000008d600000)
 Metaspace       used 72203K, committed 73728K, reserved 1179648K
  class space    used 7561K, committed 8256K, reserved 1048576K
}
Event: 22617.477 GC heap after
{Heap after GC invocations=252 (full 3):
 PSYoungGen      total 10240K, used 224K [0x00000000d5580000, 0x00000000d6080000, 0x0000000100000000)
  eden space 9728K, 0% used [0x00000000d5580000,0x00000000d5580000,0x00000000d5f00000)
  from space 512K, 43% used [0x00000000d5f80000,0x00000000d5fb8000,0x00000000d6000000)
  to   space 512K, 0% used [0x00000000d6000000,0x00000000d6000000,0x00000000d6080000)
 ParOldGen       total 219136K, used 219134K [0x0000000080000000, 0x000000008d600000, 0x00000000d5580000)
  object space 219136K, 99% used [0x0000000080000000,0x000000008d5ffba0,0x000000008d600000)
 Metaspace       used 72203K, committed 73728K, reserved 1179648K
  class space    used 7561K, committed 8256K, reserved 1048576K
}
Event: 22619.648 GC heap before
{Heap before GC invocations=253 (full 3):
 PSYoungGen      total 10240K, used 9945K [0x00000000d5580000, 0x00000000d6080000, 0x0000000100000000)
  eden space 9728K, 99% used [0x00000000d5580000,0x00000000d5efe468,0x00000000d5f00000)
  from space 512K, 43% used [0x00000000d5f80000,0x00000000d5fb8000,0x00000000d6000000)
  to   space 512K, 0% used [0x00000000d6000000,0x00000000d6000000,0x00000000d6080000)
 ParOldGen       total 219136K, used 219134K [0x0000000080000000, 0x000000008d600000, 0x00000000d5580000)
  object space 219136K, 99% used [0x0000000080000000,0x000000008d5ffba0,0x000000008d600000)
 Metaspace       used 72485K, committed 74048K, reserved 1179648K
  class space    used 7588K, committed 8320K, reserved 1048576K
}
Event: 22619.654 GC heap after
{Heap after GC invocations=253 (full 3):
 PSYoungGen      total 9216K, used 494K [0x00000000d5580000, 0x00000000d6300000, 0x0000000100000000)
  eden space 8704K, 0% used [0x00000000d5580000,0x00000000d5580000,0x00000000d5e00000)
  from space 512K, 96% used [0x00000000d6000000,0x00000000d607b9a0,0x00000000d6080000)
  to   space 2048K, 0% used [0x00000000d5e00000,0x00000000d5e00000,0x00000000d6000000)
 ParOldGen       total 220672K, used 220290K [0x0000000080000000, 0x000000008d780000, 0x00000000d5580000)
  object space 220672K, 99% used [0x0000000080000000,0x000000008d720a68,0x000000008d780000)
 Metaspace       used 72485K, committed 74048K, reserved 1179648K
  class space    used 7588K, committed 8320K, reserved 1048576K
}
Event: 22619.873 GC heap before
{Heap before GC invocations=254 (full 3):
 PSYoungGen      total 9216K, used 9188K [0x00000000d5580000, 0x00000000d6300000, 0x0000000100000000)
  eden space 8704K, 99% used [0x00000000d5580000,0x00000000d5dfd680,0x00000000d5e00000)
  from space 512K, 96% used [0x00000000d6000000,0x00000000d607b9a0,0x00000000d6080000)
  to   space 2048K, 0% used [0x00000000d5e00000,0x00000000d5e00000,0x00000000d6000000)
 ParOldGen       total 220672K, used 220290K [0x0000000080000000, 0x000000008d780000, 0x00000000d5580000)
  object space 220672K, 99% used [0x0000000080000000,0x000000008d720a68,0x000000008d780000)
 Metaspace       used 72746K, committed 74304K, reserved 1179648K
  class space    used 7620K, committed 8320K, reserved 1048576K
}
Event: 22619.881 GC heap after
{Heap after GC invocations=254 (full 3):
 PSYoungGen      total 10752K, used 1832K [0x00000000d5580000, 0x00000000d6200000, 0x0000000100000000)
  eden space 8704K, 0% used [0x00000000d5580000,0x00000000d5580000,0x00000000d5e00000)
  from space 2048K, 89% used [0x00000000d5e00000,0x00000000d5fca120,0x00000000d6000000)
  to   space 2048K, 0% used [0x00000000d6000000,0x00000000d6000000,0x00000000d6200000)
 ParOldGen       total 220672K, used 220609K [0x0000000080000000, 0x000000008d780000, 0x00000000d5580000)
  object space 220672K, 99% used [0x0000000080000000,0x000000008d7704e0,0x000000008d780000)
 Metaspace       used 72746K, committed 74304K, reserved 1179648K
  class space    used 7620K, committed 8320K, reserved 1048576K
}
Event: 22619.968 GC heap before
{Heap before GC invocations=255 (full 3):
 PSYoungGen      total 10752K, used 10536K [0x00000000d5580000, 0x00000000d6200000, 0x0000000100000000)
  eden space 8704K, 100% used [0x00000000d5580000,0x00000000d5e00000,0x00000000d5e00000)
  from space 2048K, 89% used [0x00000000d5e00000,0x00000000d5fca120,0x00000000d6000000)
  to   space 2048K, 0% used [0x00000000d6000000,0x00000000d6000000,0x00000000d6200000)
 ParOldGen       total 220672K, used 220609K [0x0000000080000000, 0x000000008d780000, 0x00000000d5580000)
  object space 220672K, 99% used [0x0000000080000000,0x000000008d7704e0,0x000000008d780000)
 Metaspace       used 73065K, committed 74624K, reserved 1179648K
  class space    used 7641K, committed 8384K, reserved 1048576K
}
Event: 22619.970 GC heap after
{Heap after GC invocations=255 (full 3):
 PSYoungGen      total 9728K, used 991K [0x00000000d5580000, 0x00000000d6100000, 0x0000000100000000)
  eden space 8704K, 0% used [0x00000000d5580000,0x00000000d5580000,0x00000000d5e00000)
  from space 1024K, 96% used [0x00000000d6000000,0x00000000d60f7c20,0x00000000d6100000)
  to   space 1536K, 0% used [0x00000000d5e00000,0x00000000d5e00000,0x00000000d5f80000)
 ParOldGen       total 221696K, used 221437K [0x0000000080000000, 0x000000008d880000, 0x00000000d5580000)
  object space 221696K, 99% used [0x0000000080000000,0x000000008d83f6a8,0x000000008d880000)
 Metaspace       used 73065K, committed 74624K, reserved 1179648K
  class space    used 7641K, committed 8384K, reserved 1048576K
}
Event: 22620.959 GC heap before
{Heap before GC invocations=256 (full 3):
 PSYoungGen      total 9728K, used 9695K [0x00000000d5580000, 0x00000000d6100000, 0x0000000100000000)
  eden space 8704K, 100% used [0x00000000d5580000,0x00000000d5e00000,0x00000000d5e00000)
  from space 1024K, 96% used [0x00000000d6000000,0x00000000d60f7c20,0x00000000d6100000)
  to   space 1536K, 0% used [0x00000000d5e00000,0x00000000d5e00000,0x00000000d5f80000)
 ParOldGen       total 221696K, used 221437K [0x0000000080000000, 0x000000008d880000, 0x00000000d5580000)
  object space 221696K, 99% used [0x0000000080000000,0x000000008d83f6a8,0x000000008d880000)
 Metaspace       used 73921K, committed 75456K, reserved 1179648K
  class space    used 7784K, committed 8512K, reserved 1048576K
}
Event: 22620.961 GC heap after
{Heap after GC invocations=256 (full 3):
 PSYoungGen      total 10240K, used 564K [0x00000000d5580000, 0x00000000d6080000, 0x0000000100000000)
  eden space 8704K, 0% used [0x00000000d5580000,0x00000000d5580000,0x00000000d5e00000)
  from space 1536K, 36% used [0x00000000d5e00000,0x00000000d5e8d220,0x00000000d5f80000)
  to   space 1024K, 0% used [0x00000000d5f80000,0x00000000d5f80000,0x00000000d6080000)
 ParOldGen       total 221696K, used 221614K [0x0000000080000000, 0x000000008d880000, 0x00000000d5580000)
  object space 221696K, 99% used [0x0000000080000000,0x000000008d86bbc8,0x000000008d880000)
 Metaspace       used 73921K, committed 75456K, reserved 1179648K
  class space    used 7784K, committed 8512K, reserved 1048576K
}
Event: 22621.155 GC heap before
{Heap before GC invocations=257 (full 3):
 PSYoungGen      total 10240K, used 9226K [0x00000000d5580000, 0x00000000d6080000, 0x0000000100000000)
  eden space 8704K, 99% used [0x00000000d5580000,0x00000000d5df55f0,0x00000000d5e00000)
  from space 1536K, 36% used [0x00000000d5e00000,0x00000000d5e8d220,0x00000000d5f80000)
  to   space 1024K, 0% used [0x00000000d5f80000,0x00000000d5f80000,0x00000000d6080000)
 ParOldGen       total 221696K, used 221614K [0x0000000080000000, 0x000000008d880000, 0x00000000d5580000)
  object space 221696K, 99% used [0x0000000080000000,0x000000008d86bbc8,0x000000008d880000)
 Metaspace       used 74429K, committed 76032K, reserved 1179648K
  class space    used 7846K, committed 8576K, reserved 1048576K
}
Event: 22621.157 GC heap after
{Heap after GC invocations=257 (full 3):
 PSYoungGen      total 9216K, used 224K [0x00000000d5580000, 0x00000000d6000000, 0x0000000100000000)
  eden space 8704K, 0% used [0x00000000d5580000,0x00000000d5580000,0x00000000d5e00000)
  from space 512K, 43% used [0x00000000d5f80000,0x00000000d5fb8000,0x00000000d6000000)
  to   space 512K, 0% used [0x00000000d5f00000,0x00000000d5f00000,0x00000000d5f80000)
 ParOldGen       total 222208K, used 221926K [0x0000000080000000, 0x000000008d900000, 0x00000000d5580000)
  object space 222208K, 99% used [0x0000000080000000,0x000000008d8b9be8,0x000000008d900000)
 Metaspace       used 74429K, committed 76032K, reserved 1179648K
  class space    used 7846K, committed 8576K, reserved 1048576K
}
Event: 56253.826 GC heap before
{Heap before GC invocations=258 (full 3):
 PSYoungGen      total 9216K, used 8928K [0x00000000d5580000, 0x00000000d6000000, 0x0000000100000000)
  eden space 8704K, 100% used [0x00000000d5580000,0x00000000d5e00000,0x00000000d5e00000)
  from space 512K, 43% used [0x00000000d5f80000,0x00000000d5fb8000,0x00000000d6000000)
  to   space 512K, 0% used [0x00000000d5f00000,0x00000000d5f00000,0x00000000d5f80000)
 ParOldGen       total 222208K, used 221926K [0x0000000080000000, 0x000000008d900000, 0x00000000d5580000)
  object space 222208K, 99% used [0x0000000080000000,0x000000008d8b9be8,0x000000008d900000)
 Metaspace       used 75322K, committed 76992K, reserved 1179648K
  class space    used 7939K, committed 8704K, reserved 1048576K
}
Event: 56253.943 GC heap after
{Heap after GC invocations=258 (full 3):
 PSYoungGen      total 9216K, used 384K [0x00000000d5580000, 0x00000000d6000000, 0x0000000100000000)
  eden space 8704K, 0% used [0x00000000d5580000,0x00000000d5580000,0x00000000d5e00000)
  from space 512K, 75% used [0x00000000d5f00000,0x00000000d5f60000,0x00000000d5f80000)
  to   space 512K, 0% used [0x00000000d5f80000,0x00000000d5f80000,0x00000000d6000000)
 ParOldGen       total 222208K, used 222006K [0x0000000080000000, 0x000000008d900000, 0x00000000d5580000)
  object space 222208K, 99% used [0x0000000080000000,0x000000008d8cdbe8,0x000000008d900000)
 Metaspace       used 75322K, committed 76992K, reserved 1179648K
  class space    used 7939K, committed 8704K, reserved 1048576K
}
Event: 56884.255 GC heap before
{Heap before GC invocations=259 (full 3):
 PSYoungGen      total 9216K, used 9088K [0x00000000d5580000, 0x00000000d6000000, 0x0000000100000000)
  eden space 8704K, 100% used [0x00000000d5580000,0x00000000d5e00000,0x00000000d5e00000)
  from space 512K, 75% used [0x00000000d5f00000,0x00000000d5f60000,0x00000000d5f80000)
  to   space 512K, 0% used [0x00000000d5f80000,0x00000000d5f80000,0x00000000d6000000)
 ParOldGen       total 222208K, used 222006K [0x0000000080000000, 0x000000008d900000, 0x00000000d5580000)
  object space 222208K, 99% used [0x0000000080000000,0x000000008d8cdbe8,0x000000008d900000)
 Metaspace       used 75390K, committed 77056K, reserved 1179648K
  class space    used 7939K, committed 8704K, reserved 1048576K
}
Event: 56884.325 GC heap after
{Heap after GC invocations=259 (full 3):
 PSYoungGen      total 9216K, used 288K [0x00000000d5580000, 0x00000000d6000000, 0x0000000100000000)
  eden space 8704K, 0% used [0x00000000d5580000,0x00000000d5580000,0x00000000d5e00000)
  from space 512K, 56% used [0x00000000d5f80000,0x00000000d5fc8020,0x00000000d6000000)
  to   space 512K, 0% used [0x00000000d5f00000,0x00000000d5f00000,0x00000000d5f80000)
 ParOldGen       total 222720K, used 222275K [0x0000000080000000, 0x000000008d980000, 0x00000000d5580000)
  object space 222720K, 99% used [0x0000000080000000,0x000000008d910c38,0x000000008d980000)
 Metaspace       used 75390K, committed 77056K, reserved 1179648K
  class space    used 7939K, committed 8704K, reserved 1048576K
}

