# JRE version: OpenJDK Runtime Environment Temurin-21.0.10+7 (21.0.10+7) (build 21.0.10+7-LTS)
# Java VM: OpenJDK 64-Bit Server VM Temurin-21.0.10+7 (21.0.10+7-LTS, mixed mode, sharing, tiered, compressed oops, compressed class ptrs, parallel gc, windows-amd64)
GC Precious Log:
 CardTable entry size: 512
 CPUs: 8 total, 8 available
 Memory: 7918M
 Large Page Support: Disabled
 NUMA Support: Disabled
 Compressed Oops: Enabled (32-bit)
 Alignments: Space 512K, Generation 512K, Heap 2M
 Heap Min Capacity: 100M
 Heap Initial Capacity: 100M
 Heap Max Capacity: 2G
 Pre-touch: Disabled
 Parallel Workers: 8
Heap:
 PSYoungGen      total 6656K, used 5581K [0x00000000d5580000, 0x00000000d5d00000, 0x0000000100000000)
  eden space 5632K, 85% used [0x00000000d5580000,0x00000000d5a33518,0x00000000d5b00000)
  from space 1024K, 75% used [0x00000000d5b80000,0x00000000d5c40000,0x00000000d5c80000)
  to   space 512K, 0% used [0x00000000d5c80000,0x00000000d5c80000,0x00000000d5d00000)
 ParOldGen       total 687104K, used 686826K [0x0000000080000000, 0x00000000a9f00000, 0x00000000d5580000)
  object space 687104K, 99% used [0x0000000080000000,0x00000000a9eba9d0,0x00000000a9f00000)
 Metaspace       used 77803K, committed 79424K, reserved 1179648K
  class space    used 8228K, committed 8896K, reserved 1048576K
GC Heap History (20 events):
Event: 163.563 GC heap before
{Heap before GC invocations=871 (full 3):
 PSYoungGen      total 6656K, used 6010K [0x00000000d5580000, 0x00000000d5e80000, 0x0000000100000000)
  eden space 5632K, 99% used [0x00000000d5580000,0x00000000d5affff0,0x00000000d5b00000)
  from space 1024K, 36% used [0x00000000d5c80000,0x00000000d5cdea50,0x00000000d5d80000)
  to   space 512K, 0% used [0x00000000d5e00000,0x00000000d5e00000,0x00000000d5e80000)
 ParOldGen       total 682496K, used 682466K [0x0000000080000000, 0x00000000a9a80000, 0x00000000d5580000)
  object space 682496K, 99% used [0x0000000080000000,0x00000000a9a78928,0x00000000a9a80000)
 Metaspace       used 75724K, committed 77312K, reserved 1179648K
  class space    used 8043K, committed 8704K, reserved 1048576K
}
Event: 163.565 GC heap after
{Heap after GC invocations=871 (full 3):
 PSYoungGen      total 6144K, used 483K [0x00000000d5580000, 0x00000000d5e80000, 0x0000000100000000)
  eden space 5632K, 0% used [0x00000000d5580000,0x00000000d5580000,0x00000000d5b00000)
  from space 512K, 94% used [0x00000000d5e00000,0x00000000d5e78e00,0x00000000d5e80000)
  to   space 1536K, 0% used [0x00000000d5b80000,0x00000000d5b80000,0x00000000d5d00000)
 ParOldGen       total 683520K, used 683055K [0x0000000080000000, 0x00000000a9b80000, 0x00000000d5580000)
  object space 683520K, 99% used [0x0000000080000000,0x00000000a9b0be30,0x00000000a9b80000)
 Metaspace       used 75724K, committed 77312K, reserved 1179648K
  class space    used 8043K, committed 8704K, reserved 1048576K
}
Event: 163.611 GC heap before
{Heap before GC invocations=872 (full 3):
 PSYoungGen      total 6144K, used 6115K [0x00000000d5580000, 0x00000000d5e80000, 0x0000000100000000)
  eden space 5632K, 99% used [0x00000000d5580000,0x00000000d5afffd0,0x00000000d5b00000)
  from space 512K, 94% used [0x00000000d5e00000,0x00000000d5e78e00,0x00000000d5e80000)
  to   space 1536K, 0% used [0x00000000d5b80000,0x00000000d5b80000,0x00000000d5d00000)
 ParOldGen       total 683520K, used 683055K [0x0000000080000000, 0x00000000a9b80000, 0x00000000d5580000)
  object space 683520K, 99% used [0x0000000080000000,0x00000000a9b0be30,0x00000000a9b80000)
 Metaspace       used 76096K, committed 77696K, reserved 1179648K
  class space    used 8076K, committed 8768K, reserved 1048576K
}
Event: 163.612 GC heap after
{Heap after GC invocations=872 (full 3):
 PSYoungGen      total 7168K, used 384K [0x00000000d5580000, 0x00000000d5e80000, 0x0000000100000000)
  eden space 5632K, 0% used [0x00000000d5580000,0x00000000d5580000,0x00000000d5b00000)
  from space 1536K, 25% used [0x00000000d5b80000,0x00000000d5be0020,0x00000000d5d00000)
  to   space 1024K, 0% used [0x00000000d5d80000,0x00000000d5d80000,0x00000000d5e80000)
 ParOldGen       total 683520K, used 683431K [0x0000000080000000, 0x00000000a9b80000, 0x00000000d5580000)
  object space 683520K, 99% used [0x0000000080000000,0x00000000a9b69e60,0x00000000a9b80000)
 Metaspace       used 76096K, committed 77696K, reserved 1179648K
  class space    used 8076K, committed 8768K, reserved 1048576K
}
Event: 163.692 GC heap before
{Heap before GC invocations=873 (full 3):
 PSYoungGen      total 7168K, used 6016K [0x00000000d5580000, 0x00000000d5e80000, 0x0000000100000000)
  eden space 5632K, 100% used [0x00000000d5580000,0x00000000d5b00000,0x00000000d5b00000)
  from space 1536K, 25% used [0x00000000d5b80000,0x00000000d5be0020,0x00000000d5d00000)
  to   space 1024K, 0% used [0x00000000d5d80000,0x00000000d5d80000,0x00000000d5e80000)
 ParOldGen       total 683520K, used 683431K [0x0000000080000000, 0x00000000a9b80000, 0x00000000d5580000)
  object space 683520K, 99% used [0x0000000080000000,0x00000000a9b69e60,0x00000000a9b80000)
 Metaspace       used 76529K, committed 78144K, reserved 1179648K
  class space    used 8117K, committed 8768K, reserved 1048576K
}
Event: 163.696 GC heap after
{Heap after GC invocations=873 (full 3):
 PSYoungGen      total 6656K, used 915K [0x00000000d5580000, 0x00000000d5e80000, 0x0000000100000000)
  eden space 5632K, 0% used [0x00000000d5580000,0x00000000d5580000,0x00000000d5b00000)
  from space 1024K, 89% used [0x00000000d5d80000,0x00000000d5e64c90,0x00000000d5e80000)
  to   space 1024K, 0% used [0x00000000d5c80000,0x00000000d5c80000,0x00000000d5d80000)
 ParOldGen       total 684032K, used 683737K [0x0000000080000000, 0x00000000a9c00000, 0x00000000d5580000)
  object space 684032K, 99% used [0x0000000080000000,0x00000000a9bb6670,0x00000000a9c00000)
 Metaspace       used 76529K, committed 78144K, reserved 1179648K
  class space    used 8117K, committed 8768K, reserved 1048576K
}
Event: 163.744 GC heap before
{Heap before GC invocations=874 (full 3):
 PSYoungGen      total 6656K, used 6535K [0x00000000d5580000, 0x00000000d5e80000, 0x0000000100000000)
  eden space 5632K, 99% used [0x00000000d5580000,0x00000000d5afd1f8,0x00000000d5b00000)
  from space 1024K, 89% used [0x00000000d5d80000,0x00000000d5e64c90,0x00000000d5e80000)
  to   space 1024K, 0% used [0x00000000d5c80000,0x00000000d5c80000,0x00000000d5d80000)
 ParOldGen       total 684032K, used 683737K [0x0000000080000000, 0x00000000a9c00000, 0x00000000d5580000)
  object space 684032K, 99% used [0x0000000080000000,0x00000000a9bb6670,0x00000000a9c00000)
 Metaspace       used 76818K, committed 78464K, reserved 1179648K
  class space    used 8157K, committed 8832K, reserved 1048576K
}
Event: 163.747 GC heap after
{Heap after GC invocations=874 (full 3):
 PSYoungGen      total 6656K, used 828K [0x00000000d5580000, 0x00000000d5e00000, 0x0000000100000000)
  eden space 5632K, 0% used [0x00000000d5580000,0x00000000d5580000,0x00000000d5b00000)
  from space 1024K, 80% used [0x00000000d5c80000,0x00000000d5d4f018,0x00000000d5d80000)
  to   space 512K, 0% used [0x00000000d5d80000,0x00000000d5d80000,0x00000000d5e00000)
 ParOldGen       total 684544K, used 684417K [0x0000000080000000, 0x00000000a9c80000, 0x00000000d5580000)
  object space 684544K, 99% used [0x0000000080000000,0x00000000a9c60670,0x00000000a9c80000)
 Metaspace       used 76818K, committed 78464K, reserved 1179648K
  class space    used 8157K, committed 8832K, reserved 1048576K
}
Event: 184.502 GC heap before
{Heap before GC invocations=875 (full 3):
 PSYoungGen      total 6656K, used 6399K [0x00000000d5580000, 0x00000000d5e00000, 0x0000000100000000)
  eden space 5632K, 98% used [0x00000000d5580000,0x00000000d5af0d30,0x00000000d5b00000)
  from space 1024K, 80% used [0x00000000d5c80000,0x00000000d5d4f018,0x00000000d5d80000)
  to   space 512K, 0% used [0x00000000d5d80000,0x00000000d5d80000,0x00000000d5e00000)
 ParOldGen       total 684544K, used 684417K [0x0000000080000000, 0x00000000a9c80000, 0x00000000d5580000)
  object space 684544K, 99% used [0x0000000080000000,0x00000000a9c60670,0x00000000a9c80000)
 Metaspace       used 77124K, committed 78720K, reserved 1179648K
  class space    used 8181K, committed 8832K, reserved 1048576K
}
Event: 184.505 GC heap after
{Heap after GC invocations=875 (full 3):
 PSYoungGen      total 6144K, used 489K [0x00000000d5580000, 0x00000000d5e00000, 0x0000000100000000)
  eden space 5632K, 0% used [0x00000000d5580000,0x00000000d5580000,0x00000000d5b00000)
  from space 512K, 95% used [0x00000000d5d80000,0x00000000d5dfa550,0x00000000d5e00000)
  to   space 1024K, 0% used [0x00000000d5c00000,0x00000000d5c00000,0x00000000d5d00000)
 ParOldGen       total 685056K, used 684609K [0x0000000080000000, 0x00000000a9d00000, 0x00000000d5580000)
  object space 685056K, 99% used [0x0000000080000000,0x00000000a9c90690,0x00000000a9d00000)
 Metaspace       used 77124K, committed 78720K, reserved 1179648K
  class space    used 8181K, committed 8832K, reserved 1048576K
}
Event: 184.594 GC heap before
{Heap before GC invocations=876 (full 3):
 PSYoungGen      total 6144K, used 6121K [0x00000000d5580000, 0x00000000d5e00000, 0x0000000100000000)
  eden space 5632K, 100% used [0x00000000d5580000,0x00000000d5b00000,0x00000000d5b00000)
  from space 512K, 95% used [0x00000000d5d80000,0x00000000d5dfa550,0x00000000d5e00000)
  to   space 1024K, 0% used [0x00000000d5c00000,0x00000000d5c00000,0x00000000d5d00000)
 ParOldGen       total 685056K, used 684609K [0x0000000080000000, 0x00000000a9d00000, 0x00000000d5580000)
  object space 685056K, 99% used [0x0000000080000000,0x00000000a9c90690,0x00000000a9d00000)
 Metaspace       used 77343K, committed 79040K, reserved 1179648K
  class space    used 8199K, committed 8896K, reserved 1048576K
}
Event: 184.596 GC heap after
{Heap after GC invocations=876 (full 3):
 PSYoungGen      total 6656K, used 274K [0x00000000d5580000, 0x00000000d5e00000, 0x0000000100000000)
  eden space 5632K, 0% used [0x00000000d5580000,0x00000000d5580000,0x00000000d5b00000)
  from space 1024K, 26% used [0x00000000d5c00000,0x00000000d5c44900,0x00000000d5d00000)
  to   space 512K, 0% used [0x00000000d5d80000,0x00000000d5d80000,0x00000000d5e00000)
 ParOldGen       total 685056K, used 684697K [0x0000000080000000, 0x00000000a9d00000, 0x00000000d5580000)
  object space 685056K, 99% used [0x0000000080000000,0x00000000a9ca6690,0x00000000a9d00000)
 Metaspace       used 77343K, committed 79040K, reserved 1179648K
  class space    used 8199K, committed 8896K, reserved 1048576K
}
Event: 187.940 GC heap before
{Heap before GC invocations=877 (full 3):
 PSYoungGen      total 6656K, used 5906K [0x00000000d5580000, 0x00000000d5e00000, 0x0000000100000000)
  eden space 5632K, 100% used [0x00000000d5580000,0x00000000d5b00000,0x00000000d5b00000)
  from space 1024K, 26% used [0x00000000d5c00000,0x00000000d5c44900,0x00000000d5d00000)
  to   space 512K, 0% used [0x00000000d5d80000,0x00000000d5d80000,0x00000000d5e00000)
 ParOldGen       total 685056K, used 684697K [0x0000000080000000, 0x00000000a9d00000, 0x00000000d5580000)
  object space 685056K, 99% used [0x0000000080000000,0x00000000a9ca6690,0x00000000a9d00000)
 Metaspace       used 77520K, committed 79168K, reserved 1179648K
  class space    used 8218K, committed 8896K, reserved 1048576K
}
Event: 187.944 GC heap after
{Heap after GC invocations=877 (full 3):
 PSYoungGen      total 6144K, used 501K [0x00000000d5580000, 0x00000000d5e00000, 0x0000000100000000)
  eden space 5632K, 0% used [0x00000000d5580000,0x00000000d5580000,0x00000000d5b00000)
  from space 512K, 97% used [0x00000000d5d80000,0x00000000d5dfd700,0x00000000d5e00000)
  to   space 1536K, 0% used [0x00000000d5b00000,0x00000000d5b00000,0x00000000d5c80000)
 ParOldGen       total 685568K, used 685540K [0x0000000080000000, 0x00000000a9d80000, 0x00000000d5580000)
  object space 685568K, 99% used [0x0000000080000000,0x00000000a9d791e0,0x00000000a9d80000)
 Metaspace       used 77520K, committed 79168K, reserved 1179648K
  class space    used 8218K, committed 8896K, reserved 1048576K
}
Event: 188.033 GC heap before
{Heap before GC invocations=878 (full 3):
 PSYoungGen      total 6144K, used 6133K [0x00000000d5580000, 0x00000000d5e00000, 0x0000000100000000)
  eden space 5632K, 100% used [0x00000000d5580000,0x00000000d5b00000,0x00000000d5b00000)
  from space 512K, 97% used [0x00000000d5d80000,0x00000000d5dfd700,0x00000000d5e00000)
  to   space 1536K, 0% used [0x00000000d5b00000,0x00000000d5b00000,0x00000000d5c80000)
 ParOldGen       total 685568K, used 685540K [0x0000000080000000, 0x00000000a9d80000, 0x00000000d5580000)
  object space 685568K, 99% used [0x0000000080000000,0x00000000a9d791e0,0x00000000a9d80000)
 Metaspace       used 77638K, committed 79296K, reserved 1179648K
  class space    used 8223K, committed 8896K, reserved 1048576K
}
Event: 188.036 GC heap after
{Heap after GC invocations=878 (full 3):
 PSYoungGen      total 7168K, used 1024K [0x00000000d5580000, 0x00000000d5e00000, 0x0000000100000000)
  eden space 5632K, 0% used [0x00000000d5580000,0x00000000d5580000,0x00000000d5b00000)
  from space 1536K, 66% used [0x00000000d5b00000,0x00000000d5c00000,0x00000000d5c80000)
  to   space 1536K, 0% used [0x00000000d5c80000,0x00000000d5c80000,0x00000000d5e00000)
 ParOldGen       total 686080K, used 685721K [0x0000000080000000, 0x00000000a9e00000, 0x00000000d5580000)
  object space 686080K, 99% used [0x0000000080000000,0x00000000a9da6500,0x00000000a9e00000)
 Metaspace       used 77638K, committed 79296K, reserved 1179648K
  class space    used 8223K, committed 8896K, reserved 1048576K
}
Event: 188.376 GC heap before
{Heap before GC invocations=879 (full 3):
 PSYoungGen      total 7168K, used 6655K [0x00000000d5580000, 0x00000000d5e00000, 0x0000000100000000)
  eden space 5632K, 99% used [0x00000000d5580000,0x00000000d5afffa0,0x00000000d5b00000)
  from space 1536K, 66% used [0x00000000d5b00000,0x00000000d5c00000,0x00000000d5c80000)
  to   space 1536K, 0% used [0x00000000d5c80000,0x00000000d5c80000,0x00000000d5e00000)
 ParOldGen       total 686080K, used 685721K [0x0000000080000000, 0x00000000a9e00000, 0x00000000d5580000)
  object space 686080K, 99% used [0x0000000080000000,0x00000000a9da6500,0x00000000a9e00000)
 Metaspace       used 77698K, committed 79360K, reserved 1179648K
  class space    used 8226K, committed 8896K, reserved 1048576K
}
Event: 188.379 GC heap after
{Heap after GC invocations=879 (full 3):
 PSYoungGen      total 6656K, used 752K [0x00000000d5580000, 0x00000000d5d80000, 0x0000000100000000)
  eden space 5632K, 0% used [0x00000000d5580000,0x00000000d5580000,0x00000000d5b00000)
  from space 1024K, 73% used [0x00000000d5c80000,0x00000000d5d3c030,0x00000000d5d80000)
  to   space 1024K, 0% used [0x00000000d5b80000,0x00000000d5b80000,0x00000000d5c80000)
 ParOldGen       total 687104K, used 686664K [0x0000000080000000, 0x00000000a9f00000, 0x00000000d5580000)
  object space 687104K, 99% used [0x0000000080000000,0x00000000a9e920b0,0x00000000a9f00000)
 Metaspace       used 77698K, committed 79360K, reserved 1179648K
  class space    used 8226K, committed 8896K, reserved 1048576K
}
Event: 244.718 GC heap before
{Heap before GC invocations=880 (full 3):
 PSYoungGen      total 6656K, used 6384K [0x00000000d5580000, 0x00000000d5d80000, 0x0000000100000000)
  eden space 5632K, 100% used [0x00000000d5580000,0x00000000d5b00000,0x00000000d5b00000)
  from space 1024K, 73% used [0x00000000d5c80000,0x00000000d5d3c030,0x00000000d5d80000)
  to   space 1024K, 0% used [0x00000000d5b80000,0x00000000d5b80000,0x00000000d5c80000)
 ParOldGen       total 687104K, used 686664K [0x0000000080000000, 0x00000000a9f00000, 0x00000000d5580000)
  object space 687104K, 99% used [0x0000000080000000,0x00000000a9e920b0,0x00000000a9f00000)
 Metaspace       used 77748K, committed 79360K, reserved 1179648K
  class space    used 8227K, committed 8896K, reserved 1048576K
}
Event: 244.722 GC heap after
{Heap after GC invocations=880 (full 3):
 PSYoungGen      total 6656K, used 768K [0x00000000d5580000, 0x00000000d5d00000, 0x0000000100000000)
  eden space 5632K, 0% used [0x00000000d5580000,0x00000000d5580000,0x00000000d5b00000)
  from space 1024K, 75% used [0x00000000d5b80000,0x00000000d5c40000,0x00000000d5c80000)
  to   space 512K, 0% used [0x00000000d5c80000,0x00000000d5c80000,0x00000000d5d00000)
 ParOldGen       total 687104K, used 686826K [0x0000000080000000, 0x00000000a9f00000, 0x00000000d5580000)
  object space 687104K, 99% used [0x0000000080000000,0x00000000a9eba9d0,0x00000000a9f00000)
 Metaspace       used 77748K, committed 79360K, reserved 1179648K
  class space    used 8227K, committed 8896K, reserved 1048576K
}

