# JRE version: OpenJDK Runtime Environment Temurin-21.0.10+7 (21.0.10+7) (build 21.0.10+7-LTS)
# Java VM: OpenJDK 64-Bit Server VM Temurin-21.0.10+7 (21.0.10+7-LTS, mixed mode, sharing, tiered, compressed oops, compressed class ptrs, parallel gc, windows-amd64)
GC Precious Log:
 CardTable entry size: 512
 CPUs: 8 total, 8 available
 Memory: 7918M
 Large Page Support: Disabled
 NUMA Support: Disabled
 Compressed Oops: Enabled (32-bit)
 Alignments: Space 512K, Generation 512K, Heap 2M
 Heap Min Capacity: 100M
 Heap Initial Capacity: 100M
 Heap Max Capacity: 2G
 Pre-touch: Disabled
 Parallel Workers: 8
Heap:
 PSYoungGen      total 16384K, used 7056K [0x00000000d5580000, 0x00000000d6880000, 0x0000000100000000)
  eden space 15872K, 41% used [0x00000000d5580000,0x00000000d5be43d0,0x00000000d6500000)
  from space 512K, 100% used [0x00000000d6800000,0x00000000d6880000,0x00000000d6880000)
  to   space 1536K, 0% used [0x00000000d6580000,0x00000000d6580000,0x00000000d6700000)
 ParOldGen       total 96768K, used 96699K [0x0000000080000000, 0x0000000085e80000, 0x00000000d5580000)
  object space 96768K, 99% used [0x0000000080000000,0x0000000085e6ec30,0x0000000085e80000)
 Metaspace       used 68018K, committed 69568K, reserved 1114112K
  class space    used 7140K, committed 7808K, reserved 1048576K
GC Heap History (20 events):
Event: 12.339 GC heap before
{Heap before GC invocations=110 (full 3):
 PSYoungGen      total 16896K, used 16800K [0x00000000d5580000, 0x00000000d6700000, 0x0000000100000000)
  eden space 16384K, 100% used [0x00000000d5580000,0x00000000d6580000,0x00000000d6580000)
  from space 512K, 81% used [0x00000000d6680000,0x00000000d66e8000,0x00000000d6700000)
  to   space 512K, 0% used [0x00000000d6600000,0x00000000d6600000,0x00000000d6680000)
 ParOldGen       total 87552K, used 87071K [0x0000000080000000, 0x0000000085580000, 0x00000000d5580000)
  object space 87552K, 99% used [0x0000000080000000,0x0000000085507d40,0x0000000085580000)
 Metaspace       used 61050K, committed 62592K, reserved 1114112K
  class space    used 6475K, committed 7104K, reserved 1048576K
}
Event: 12.340 GC heap after
{Heap after GC invocations=110 (full 3):
 PSYoungGen      total 16896K, used 448K [0x00000000d5580000, 0x00000000d6700000, 0x0000000100000000)
  eden space 16384K, 0% used [0x00000000d5580000,0x00000000d5580000,0x00000000d6580000)
  from space 512K, 87% used [0x00000000d6600000,0x00000000d6670000,0x00000000d6680000)
  to   space 512K, 0% used [0x00000000d6680000,0x00000000d6680000,0x00000000d6700000)
 ParOldGen       total 87552K, used 87431K [0x0000000080000000, 0x0000000085580000, 0x00000000d5580000)
  object space 87552K, 99% used [0x0000000080000000,0x0000000085561d40,0x0000000085580000)
 Metaspace       used 61050K, committed 62592K, reserved 1114112K
  class space    used 6475K, committed 7104K, reserved 1048576K
}
Event: 12.351 GC heap before
{Heap before GC invocations=111 (full 3):
 PSYoungGen      total 16896K, used 16832K [0x00000000d5580000, 0x00000000d6700000, 0x0000000100000000)
  eden space 16384K, 100% used [0x00000000d5580000,0x00000000d6580000,0x00000000d6580000)
  from space 512K, 87% used [0x00000000d6600000,0x00000000d6670000,0x00000000d6680000)
  to   space 512K, 0% used [0x00000000d6680000,0x00000000d6680000,0x00000000d6700000)
 ParOldGen       total 87552K, used 87431K [0x0000000080000000, 0x0000000085580000, 0x00000000d5580000)
  object space 87552K, 99% used [0x0000000080000000,0x0000000085561d40,0x0000000085580000)
 Metaspace       used 61128K, committed 62656K, reserved 1114112K
  class space    used 6481K, committed 7104K, reserved 1048576K
}
Event: 12.352 GC heap after
{Heap after GC invocations=111 (full 3):
 PSYoungGen      total 16896K, used 416K [0x00000000d5580000, 0x00000000d6700000, 0x0000000100000000)
  eden space 16384K, 0% used [0x00000000d5580000,0x00000000d5580000,0x00000000d6580000)
  from space 512K, 81% used [0x00000000d6680000,0x00000000d66e8000,0x00000000d6700000)
  to   space 512K, 0% used [0x00000000d6600000,0x00000000d6600000,0x00000000d6680000)
 ParOldGen       total 88064K, used 87792K [0x0000000080000000, 0x0000000085600000, 0x00000000d5580000)
  object space 88064K, 99% used [0x0000000080000000,0x00000000855bc0a8,0x0000000085600000)
 Metaspace       used 61128K, committed 62656K, reserved 1114112K
  class space    used 6481K, committed 7104K, reserved 1048576K
}
Event: 12.364 GC heap before
{Heap before GC invocations=112 (full 3):
 PSYoungGen      total 16896K, used 16800K [0x00000000d5580000, 0x00000000d6700000, 0x0000000100000000)
  eden space 16384K, 100% used [0x00000000d5580000,0x00000000d6580000,0x00000000d6580000)
  from space 512K, 81% used [0x00000000d6680000,0x00000000d66e8000,0x00000000d6700000)
  to   space 512K, 0% used [0x00000000d6600000,0x00000000d6600000,0x00000000d6680000)
 ParOldGen       total 88064K, used 87792K [0x0000000080000000, 0x0000000085600000, 0x00000000d5580000)
  object space 88064K, 99% used [0x0000000080000000,0x00000000855bc0a8,0x0000000085600000)
 Metaspace       used 61188K, committed 62720K, reserved 1114112K
  class space    used 6486K, committed 7104K, reserved 1048576K
}
Event: 12.366 GC heap after
{Heap after GC invocations=112 (full 3):
 PSYoungGen      total 16896K, used 416K [0x00000000d5580000, 0x00000000d6700000, 0x0000000100000000)
  eden space 16384K, 0% used [0x00000000d5580000,0x00000000d5580000,0x00000000d6580000)
  from space 512K, 81% used [0x00000000d6600000,0x00000000d6668000,0x00000000d6680000)
  to   space 512K, 0% used [0x00000000d6680000,0x00000000d6680000,0x00000000d6700000)
 ParOldGen       total 88576K, used 88109K [0x0000000080000000, 0x0000000085680000, 0x00000000d5580000)
  object space 88576K, 99% used [0x0000000080000000,0x000000008560b400,0x0000000085680000)
 Metaspace       used 61188K, committed 62720K, reserved 1114112K
  class space    used 6486K, committed 7104K, reserved 1048576K
}
Event: 12.415 GC heap before
{Heap before GC invocations=113 (full 3):
 PSYoungGen      total 16896K, used 16796K [0x00000000d5580000, 0x00000000d6700000, 0x0000000100000000)
  eden space 16384K, 99% used [0x00000000d5580000,0x00000000d657f248,0x00000000d6580000)
  from space 512K, 81% used [0x00000000d6600000,0x00000000d6668000,0x00000000d6680000)
  to   space 512K, 0% used [0x00000000d6680000,0x00000000d6680000,0x00000000d6700000)
 ParOldGen       total 88576K, used 88109K [0x0000000080000000, 0x0000000085680000, 0x00000000d5580000)
  object space 88576K, 99% used [0x0000000080000000,0x000000008560b400,0x0000000085680000)
 Metaspace       used 61743K, committed 63296K, reserved 1114112K
  class space    used 6542K, committed 7232K, reserved 1048576K
}
Event: 12.417 GC heap after
{Heap after GC invocations=113 (full 3):
 PSYoungGen      total 16384K, used 506K [0x00000000d5580000, 0x00000000d6880000, 0x0000000100000000)
  eden space 15872K, 0% used [0x00000000d5580000,0x00000000d5580000,0x00000000d6500000)
  from space 512K, 98% used [0x00000000d6680000,0x00000000d66fe900,0x00000000d6700000)
  to   space 1536K, 0% used [0x00000000d6500000,0x00000000d6500000,0x00000000d6680000)
 ParOldGen       total 89088K, used 88581K [0x0000000080000000, 0x0000000085700000, 0x00000000d5580000)
  object space 89088K, 99% used [0x0000000080000000,0x0000000085681440,0x0000000085700000)
 Metaspace       used 61743K, committed 63296K, reserved 1114112K
  class space    used 6542K, committed 7232K, reserved 1048576K
}
Event: 12.602 GC heap before
{Heap before GC invocations=114 (full 3):
 PSYoungGen      total 16384K, used 16378K [0x00000000d5580000, 0x00000000d6880000, 0x0000000100000000)
  eden space 15872K, 100% used [0x00000000d5580000,0x00000000d6500000,0x00000000d6500000)
  from space 512K, 98% used [0x00000000d6680000,0x00000000d66fe900,0x00000000d6700000)
  to   space 1536K, 0% used [0x00000000d6500000,0x00000000d6500000,0x00000000d6680000)
 ParOldGen       total 89088K, used 88581K [0x0000000080000000, 0x0000000085700000, 0x00000000d5580000)
  object space 89088K, 99% used [0x0000000080000000,0x0000000085681440,0x0000000085700000)
 Metaspace       used 62485K, committed 64064K, reserved 1114112K
  class space    used 6624K, committed 7296K, reserved 1048576K
}
Event: 12.605 GC heap after
{Heap after GC invocations=114 (full 3):
 PSYoungGen      total 17408K, used 1511K [0x00000000d5580000, 0x00000000d6a00000, 0x0000000100000000)
  eden space 15872K, 0% used [0x00000000d5580000,0x00000000d5580000,0x00000000d6500000)
  from space 1536K, 98% used [0x00000000d6500000,0x00000000d6679d80,0x00000000d6680000)
  to   space 2560K, 0% used [0x00000000d6780000,0x00000000d6780000,0x00000000d6a00000)
 ParOldGen       total 89600K, used 89301K [0x0000000080000000, 0x0000000085780000, 0x00000000d5580000)
  object space 89600K, 99% used [0x0000000080000000,0x0000000085735510,0x0000000085780000)
 Metaspace       used 62485K, committed 64064K, reserved 1114112K
  class space    used 6624K, committed 7296K, reserved 1048576K
}
Event: 12.806 GC heap before
{Heap before GC invocations=115 (full 3):
 PSYoungGen      total 17408K, used 17383K [0x00000000d5580000, 0x00000000d6a00000, 0x0000000100000000)
  eden space 15872K, 100% used [0x00000000d5580000,0x00000000d6500000,0x00000000d6500000)
  from space 1536K, 98% used [0x00000000d6500000,0x00000000d6679d80,0x00000000d6680000)
  to   space 2560K, 0% used [0x00000000d6780000,0x00000000d6780000,0x00000000d6a00000)
 ParOldGen       total 89600K, used 89301K [0x0000000080000000, 0x0000000085780000, 0x00000000d5580000)
  object space 89600K, 99% used [0x0000000080000000,0x0000000085735510,0x0000000085780000)
 Metaspace       used 63502K, committed 65088K, reserved 1114112K
  class space    used 6721K, committed 7360K, reserved 1048576K
}
Event: 12.811 GC heap after
{Heap after GC invocations=115 (full 3):
 PSYoungGen      total 16896K, used 920K [0x00000000d5580000, 0x00000000d6880000, 0x0000000100000000)
  eden space 15872K, 0% used [0x00000000d5580000,0x00000000d5580000,0x00000000d6500000)
  from space 1024K, 89% used [0x00000000d6780000,0x00000000d6866220,0x00000000d6880000)
  to   space 1536K, 0% used [0x00000000d6580000,0x00000000d6580000,0x00000000d6700000)
 ParOldGen       total 91136K, used 90858K [0x0000000080000000, 0x0000000085900000, 0x00000000d5580000)
  object space 91136K, 99% used [0x0000000080000000,0x00000000858ba948,0x0000000085900000)
 Metaspace       used 63502K, committed 65088K, reserved 1114112K
  class space    used 6721K, committed 7360K, reserved 1048576K
}
Event: 13.011 GC heap before
{Heap before GC invocations=116 (full 3):
 PSYoungGen      total 16896K, used 15883K [0x00000000d5580000, 0x00000000d6880000, 0x0000000100000000)
  eden space 15872K, 94% used [0x00000000d5580000,0x00000000d641cdb8,0x00000000d6500000)
  from space 1024K, 89% used [0x00000000d6780000,0x00000000d6866220,0x00000000d6880000)
  to   space 1536K, 0% used [0x00000000d6580000,0x00000000d6580000,0x00000000d6700000)
 ParOldGen       total 92672K, used 92338K [0x0000000080000000, 0x0000000085a80000, 0x00000000d5580000)
  object space 92672K, 99% used [0x0000000080000000,0x0000000085a2cbe0,0x0000000085a80000)
 Metaspace       used 64487K, committed 66048K, reserved 1114112K
  class space    used 6818K, committed 7488K, reserved 1048576K
}
Event: 13.014 GC heap after
{Heap after GC invocations=116 (full 3):
 PSYoungGen      total 17408K, used 1455K [0x00000000d5580000, 0x00000000d6900000, 0x0000000100000000)
  eden space 15872K, 0% used [0x00000000d5580000,0x00000000d5580000,0x00000000d6500000)
  from space 1536K, 94% used [0x00000000d6580000,0x00000000d66ebef0,0x00000000d6700000)
  to   space 2048K, 0% used [0x00000000d6700000,0x00000000d6700000,0x00000000d6900000)
 ParOldGen       total 93184K, used 93024K [0x0000000080000000, 0x0000000085b00000, 0x00000000d5580000)
  object space 93184K, 99% used [0x0000000080000000,0x0000000085ad8320,0x0000000085b00000)
 Metaspace       used 64487K, committed 66048K, reserved 1114112K
  class space    used 6818K, committed 7488K, reserved 1048576K
}
Event: 13.252 GC heap before
{Heap before GC invocations=117 (full 3):
 PSYoungGen      total 17408K, used 17327K [0x00000000d5580000, 0x00000000d6900000, 0x0000000100000000)
  eden space 15872K, 100% used [0x00000000d5580000,0x00000000d6500000,0x00000000d6500000)
  from space 1536K, 94% used [0x00000000d6580000,0x00000000d66ebef0,0x00000000d6700000)
  to   space 2048K, 0% used [0x00000000d6700000,0x00000000d6700000,0x00000000d6900000)
 ParOldGen       total 93184K, used 93059K [0x0000000080000000, 0x0000000085b00000, 0x00000000d5580000)
  object space 93184K, 99% used [0x0000000080000000,0x0000000085ae0c58,0x0000000085b00000)
 Metaspace       used 65282K, committed 66944K, reserved 1114112K
  class space    used 6871K, committed 7552K, reserved 1048576K
}
Event: 13.255 GC heap after
{Heap after GC invocations=117 (full 3):
 PSYoungGen      total 16896K, used 992K [0x00000000d5580000, 0x00000000d6800000, 0x0000000100000000)
  eden space 15872K, 0% used [0x00000000d5580000,0x00000000d5580000,0x00000000d6500000)
  from space 1024K, 96% used [0x00000000d6700000,0x00000000d67f82c0,0x00000000d6800000)
  to   space 1536K, 0% used [0x00000000d6500000,0x00000000d6500000,0x00000000d6680000)
 ParOldGen       total 94720K, used 94269K [0x0000000080000000, 0x0000000085c80000, 0x00000000d5580000)
  object space 94720K, 99% used [0x0000000080000000,0x0000000085c0f708,0x0000000085c80000)
 Metaspace       used 65282K, committed 66944K, reserved 1114112K
  class space    used 6871K, committed 7552K, reserved 1048576K
}
Event: 13.565 GC heap before
{Heap before GC invocations=118 (full 3):
 PSYoungGen      total 16896K, used 16864K [0x00000000d5580000, 0x00000000d6800000, 0x0000000100000000)
  eden space 15872K, 100% used [0x00000000d5580000,0x00000000d6500000,0x00000000d6500000)
  from space 1024K, 96% used [0x00000000d6700000,0x00000000d67f82c0,0x00000000d6800000)
  to   space 1536K, 0% used [0x00000000d6500000,0x00000000d6500000,0x00000000d6680000)
 ParOldGen       total 94720K, used 94273K [0x0000000080000000, 0x0000000085c80000, 0x00000000d5580000)
  object space 94720K, 99% used [0x0000000080000000,0x0000000085c10658,0x0000000085c80000)
 Metaspace       used 66573K, committed 68160K, reserved 1114112K
  class space    used 6966K, committed 7616K, reserved 1048576K
}
Event: 13.568 GC heap after
{Heap after GC invocations=118 (full 3):
 PSYoungGen      total 17408K, used 1535K [0x00000000d5580000, 0x00000000d6b00000, 0x0000000100000000)
  eden space 15872K, 0% used [0x00000000d5580000,0x00000000d5580000,0x00000000d6500000)
  from space 1536K, 99% used [0x00000000d6500000,0x00000000d667fe10,0x00000000d6680000)
  to   space 3072K, 0% used [0x00000000d6800000,0x00000000d6800000,0x00000000d6b00000)
 ParOldGen       total 95232K, used 95157K [0x0000000080000000, 0x0000000085d00000, 0x00000000d5580000)
  object space 95232K, 99% used [0x0000000080000000,0x0000000085ced720,0x0000000085d00000)
 Metaspace       used 66573K, committed 68160K, reserved 1114112K
  class space    used 6966K, committed 7616K, reserved 1048576K
}
Event: 13.731 GC heap before
{Heap before GC invocations=119 (full 3):
 PSYoungGen      total 17408K, used 17407K [0x00000000d5580000, 0x00000000d6b00000, 0x0000000100000000)
  eden space 15872K, 100% used [0x00000000d5580000,0x00000000d6500000,0x00000000d6500000)
  from space 1536K, 99% used [0x00000000d6500000,0x00000000d667fe10,0x00000000d6680000)
  to   space 3072K, 0% used [0x00000000d6800000,0x00000000d6800000,0x00000000d6b00000)
 ParOldGen       total 95232K, used 95157K [0x0000000080000000, 0x0000000085d00000, 0x00000000d5580000)
  object space 95232K, 99% used [0x0000000080000000,0x0000000085ced720,0x0000000085d00000)
 Metaspace       used 67794K, committed 69376K, reserved 1114112K
  class space    used 7125K, committed 7808K, reserved 1048576K
}
Event: 13.734 GC heap after
{Heap after GC invocations=119 (full 3):
 PSYoungGen      total 16384K, used 512K [0x00000000d5580000, 0x00000000d6880000, 0x0000000100000000)
  eden space 15872K, 0% used [0x00000000d5580000,0x00000000d5580000,0x00000000d6500000)
  from space 512K, 100% used [0x00000000d6800000,0x00000000d6880000,0x00000000d6880000)
  to   space 1536K, 0% used [0x00000000d6580000,0x00000000d6580000,0x00000000d6700000)
 ParOldGen       total 96768K, used 96699K [0x0000000080000000, 0x0000000085e80000, 0x00000000d5580000)
  object space 96768K, 99% used [0x0000000080000000,0x0000000085e6ec30,0x0000000085e80000)
 Metaspace       used 67794K, committed 69376K, reserved 1114112K
  class space    used 7125K, committed 7808K, reserved 1048576K
}

