# JRE version: OpenJDK Runtime Environment Temurin-21.0.10+7 (21.0.10+7) (build 21.0.10+7-LTS)
# Java VM: OpenJDK 64-Bit Server VM Temurin-21.0.10+7 (21.0.10+7-LTS, mixed mode, sharing, tiered, compressed oops, compressed class ptrs, parallel gc, windows-amd64)
GC Precious Log:
 CardTable entry size: 512
 CPUs: 8 total, 8 available
 Memory: 7918M
 Large Page Support: Disabled
 NUMA Support: Disabled
 Compressed Oops: Enabled (32-bit)
 Alignments: Space 512K, Generation 512K, Heap 2M
 Heap Min Capacity: 100M
 Heap Initial Capacity: 100M
 Heap Max Capacity: 2G
 Pre-touch: Disabled
 Parallel Workers: 8
Heap:
 PSYoungGen      total 22528K, used 18257K [0x00000000d5580000, 0x00000000d7080000, 0x0000000100000000)
  eden space 22016K, 80% used [0x00000000d5580000,0x00000000d66d45e8,0x00000000d6b00000)
  from space 512K, 100% used [0x00000000d7000000,0x00000000d7080000,0x00000000d7080000)
  to   space 2048K, 0% used [0x00000000d6c80000,0x00000000d6c80000,0x00000000d6e80000)
 ParOldGen       total 68608K, used 19857K [0x0000000080000000, 0x0000000084300000, 0x00000000d5580000)
  object space 68608K, 28% used [0x0000000080000000,0x00000000813646c0,0x0000000084300000)
 Metaspace       used 39323K, committed 40512K, reserved 1114112K
  class space    used 4193K, committed 4736K, reserved 1048576K
GC Heap History (20 events):
Event: 13.477 GC heap before
{Heap before GC invocations=7 (full 0):
 PSYoungGen      total 29696K, used 24654K [0x00000000d5580000, 0x00000000d7900000, 0x0000000100000000)
  eden space 24576K, 80% used [0x00000000d5580000,0x00000000d68b62a8,0x00000000d6d80000)
  from space 5120K, 97% used [0x00000000d7400000,0x00000000d78dd8b8,0x00000000d7900000)
  to   space 5632K, 0% used [0x00000000d6e00000,0x00000000d6e00000,0x00000000d7380000)
 ParOldGen       total 68608K, used 7966K [0x0000000080000000, 0x0000000084300000, 0x00000000d5580000)
  object space 68608K, 11% used [0x0000000080000000,0x00000000807c7940,0x0000000084300000)
 Metaspace       used 20586K, committed 21504K, reserved 1114112K
  class space    used 2199K, committed 2560K, reserved 1048576K
}
Event: 13.491 GC heap after
{Heap after GC invocations=7 (full 0):
 PSYoungGen      total 29696K, used 4635K [0x00000000d5580000, 0x00000000d7780000, 0x0000000100000000)
  eden space 24576K, 0% used [0x00000000d5580000,0x00000000d5580000,0x00000000d6d80000)
  from space 5120K, 90% used [0x00000000d6e00000,0x00000000d7286c68,0x00000000d7300000)
  to   space 4608K, 0% used [0x00000000d7300000,0x00000000d7300000,0x00000000d7780000)
 ParOldGen       total 68608K, used 9443K [0x0000000080000000, 0x0000000084300000, 0x00000000d5580000)
  object space 68608K, 13% used [0x0000000080000000,0x0000000080938f40,0x0000000084300000)
 Metaspace       used 20586K, committed 21504K, reserved 1114112K
  class space    used 2199K, committed 2560K, reserved 1048576K
}
Event: 13.491 GC heap before
{Heap before GC invocations=8 (full 1):
 PSYoungGen      total 29696K, used 4635K [0x00000000d5580000, 0x00000000d7780000, 0x0000000100000000)
  eden space 24576K, 0% used [0x00000000d5580000,0x00000000d5580000,0x00000000d6d80000)
  from space 5120K, 90% used [0x00000000d6e00000,0x00000000d7286c68,0x00000000d7300000)
  to   space 4608K, 0% used [0x00000000d7300000,0x00000000d7300000,0x00000000d7780000)
 ParOldGen       total 68608K, used 9443K [0x0000000080000000, 0x0000000084300000, 0x00000000d5580000)
  object space 68608K, 13% used [0x0000000080000000,0x0000000080938f40,0x0000000084300000)
 Metaspace       used 20586K, committed 21504K, reserved 1114112K
  class space    used 2199K, committed 2560K, reserved 1048576K
}
Event: 13.593 GC heap after
{Heap after GC invocations=8 (full 1):
 PSYoungGen      total 29696K, used 0K [0x00000000d5580000, 0x00000000d7780000, 0x0000000100000000)
  eden space 24576K, 0% used [0x00000000d5580000,0x00000000d5580000,0x00000000d6d80000)
  from space 5120K, 0% used [0x00000000d6e00000,0x00000000d6e00000,0x00000000d7300000)
  to   space 4608K, 0% used [0x00000000d7300000,0x00000000d7300000,0x00000000d7780000)
 ParOldGen       total 68608K, used 13442K [0x0000000080000000, 0x0000000084300000, 0x00000000d5580000)
  object space 68608K, 19% used [0x0000000080000000,0x0000000080d20880,0x0000000084300000)
 Metaspace       used 20573K, committed 21504K, reserved 1114112K
  class space    used 2195K, committed 2560K, reserved 1048576K
}
Event: 14.146 GC heap before
{Heap before GC invocations=9 (full 1):
 PSYoungGen      total 29696K, used 24576K [0x00000000d5580000, 0x00000000d7780000, 0x0000000100000000)
  eden space 24576K, 100% used [0x00000000d5580000,0x00000000d6d80000,0x00000000d6d80000)
  from space 5120K, 0% used [0x00000000d6e00000,0x00000000d6e00000,0x00000000d7300000)
  to   space 4608K, 0% used [0x00000000d7300000,0x00000000d7300000,0x00000000d7780000)
 ParOldGen       total 68608K, used 13442K [0x0000000080000000, 0x0000000084300000, 0x00000000d5580000)
  object space 68608K, 19% used [0x0000000080000000,0x0000000080d20880,0x0000000084300000)
 Metaspace       used 22436K, committed 23424K, reserved 1114112K
  class space    used 2365K, committed 2752K, reserved 1048576K
}
Event: 14.150 GC heap after
{Heap after GC invocations=9 (full 1):
 PSYoungGen      total 27136K, used 2964K [0x00000000d5580000, 0x00000000d7600000, 0x0000000100000000)
  eden space 24064K, 0% used [0x00000000d5580000,0x00000000d5580000,0x00000000d6d00000)
  from space 3072K, 96% used [0x00000000d7300000,0x00000000d75e51d8,0x00000000d7600000)
  to   space 4096K, 0% used [0x00000000d6e00000,0x00000000d6e00000,0x00000000d7200000)
 ParOldGen       total 68608K, used 13450K [0x0000000080000000, 0x0000000084300000, 0x00000000d5580000)
  object space 68608K, 19% used [0x0000000080000000,0x0000000080d22880,0x0000000084300000)
 Metaspace       used 22436K, committed 23424K, reserved 1114112K
  class space    used 2365K, committed 2752K, reserved 1048576K
}
Event: 14.554 GC heap before
{Heap before GC invocations=10 (full 1):
 PSYoungGen      total 27136K, used 27024K [0x00000000d5580000, 0x00000000d7600000, 0x0000000100000000)
  eden space 24064K, 99% used [0x00000000d5580000,0x00000000d6cff180,0x00000000d6d00000)
  from space 3072K, 96% used [0x00000000d7300000,0x00000000d75e51d8,0x00000000d7600000)
  to   space 4096K, 0% used [0x00000000d6e00000,0x00000000d6e00000,0x00000000d7200000)
 ParOldGen       total 68608K, used 13450K [0x0000000080000000, 0x0000000084300000, 0x00000000d5580000)
  object space 68608K, 19% used [0x0000000080000000,0x0000000080d22880,0x0000000084300000)
 Metaspace       used 26319K, committed 27328K, reserved 1114112K
  class space    used 2647K, committed 3008K, reserved 1048576K
}
Event: 14.557 GC heap after
{Heap after GC invocations=10 (full 1):
 PSYoungGen      total 25088K, used 1378K [0x00000000d5580000, 0x00000000d7380000, 0x0000000100000000)
  eden space 23552K, 0% used [0x00000000d5580000,0x00000000d5580000,0x00000000d6c80000)
  from space 1536K, 89% used [0x00000000d6e00000,0x00000000d6f58a08,0x00000000d6f80000)
  to   space 2560K, 0% used [0x00000000d7100000,0x00000000d7100000,0x00000000d7380000)
 ParOldGen       total 68608K, used 13450K [0x0000000080000000, 0x0000000084300000, 0x00000000d5580000)
  object space 68608K, 19% used [0x0000000080000000,0x0000000080d22880,0x0000000084300000)
 Metaspace       used 26319K, committed 27328K, reserved 1114112K
  class space    used 2647K, committed 3008K, reserved 1048576K
}
Event: 14.974 GC heap before
{Heap before GC invocations=11 (full 1):
 PSYoungGen      total 25088K, used 24930K [0x00000000d5580000, 0x00000000d7380000, 0x0000000100000000)
  eden space 23552K, 100% used [0x00000000d5580000,0x00000000d6c80000,0x00000000d6c80000)
  from space 1536K, 89% used [0x00000000d6e00000,0x00000000d6f58a08,0x00000000d6f80000)
  to   space 2560K, 0% used [0x00000000d7100000,0x00000000d7100000,0x00000000d7380000)
 ParOldGen       total 68608K, used 13450K [0x0000000080000000, 0x0000000084300000, 0x00000000d5580000)
  object space 68608K, 19% used [0x0000000080000000,0x0000000080d22880,0x0000000084300000)
 Metaspace       used 27739K, committed 28736K, reserved 1114112K
  class space    used 2741K, committed 3136K, reserved 1048576K
}
Event: 14.979 GC heap after
{Heap after GC invocations=11 (full 1):
 PSYoungGen      total 25600K, used 2113K [0x00000000d5580000, 0x00000000d7380000, 0x0000000100000000)
  eden space 23040K, 0% used [0x00000000d5580000,0x00000000d5580000,0x00000000d6c00000)
  from space 2560K, 82% used [0x00000000d7100000,0x00000000d7310708,0x00000000d7380000)
  to   space 2560K, 0% used [0x00000000d6e80000,0x00000000d6e80000,0x00000000d7100000)
 ParOldGen       total 68608K, used 15169K [0x0000000080000000, 0x0000000084300000, 0x00000000d5580000)
  object space 68608K, 22% used [0x0000000080000000,0x0000000080ed0440,0x0000000084300000)
 Metaspace       used 27739K, committed 28736K, reserved 1114112K
  class space    used 2741K, committed 3136K, reserved 1048576K
}
Event: 15.992 GC heap before
{Heap before GC invocations=12 (full 1):
 PSYoungGen      total 25600K, used 25153K [0x00000000d5580000, 0x00000000d7380000, 0x0000000100000000)
  eden space 23040K, 100% used [0x00000000d5580000,0x00000000d6c00000,0x00000000d6c00000)
  from space 2560K, 82% used [0x00000000d7100000,0x00000000d7310708,0x00000000d7380000)
  to   space 2560K, 0% used [0x00000000d6e80000,0x00000000d6e80000,0x00000000d7100000)
 ParOldGen       total 68608K, used 15169K [0x0000000080000000, 0x0000000084300000, 0x00000000d5580000)
  object space 68608K, 22% used [0x0000000080000000,0x0000000080ed0440,0x0000000084300000)
 Metaspace       used 30709K, committed 31744K, reserved 1114112K
  class space    used 3161K, committed 3584K, reserved 1048576K
}
Event: 15.999 GC heap after
{Heap after GC invocations=12 (full 1):
 PSYoungGen      total 24064K, used 1185K [0x00000000d5580000, 0x00000000d7180000, 0x0000000100000000)
  eden space 22528K, 0% used [0x00000000d5580000,0x00000000d5580000,0x00000000d6b80000)
  from space 1536K, 77% used [0x00000000d6e80000,0x00000000d6fa87a0,0x00000000d7000000)
  to   space 1536K, 0% used [0x00000000d7000000,0x00000000d7000000,0x00000000d7180000)
 ParOldGen       total 68608K, used 16898K [0x0000000080000000, 0x0000000084300000, 0x00000000d5580000)
  object space 68608K, 24% used [0x0000000080000000,0x0000000081080bc0,0x0000000084300000)
 Metaspace       used 30709K, committed 31744K, reserved 1114112K
  class space    used 3161K, committed 3584K, reserved 1048576K
}
Event: 16.559 GC heap before
{Heap before GC invocations=13 (full 1):
 PSYoungGen      total 24064K, used 23713K [0x00000000d5580000, 0x00000000d7180000, 0x0000000100000000)
  eden space 22528K, 100% used [0x00000000d5580000,0x00000000d6b80000,0x00000000d6b80000)
  from space 1536K, 77% used [0x00000000d6e80000,0x00000000d6fa87a0,0x00000000d7000000)
  to   space 1536K, 0% used [0x00000000d7000000,0x00000000d7000000,0x00000000d7180000)
 ParOldGen       total 68608K, used 16898K [0x0000000080000000, 0x0000000084300000, 0x00000000d5580000)
  object space 68608K, 24% used [0x0000000080000000,0x0000000081080bc0,0x0000000084300000)
 Metaspace       used 32939K, committed 33984K, reserved 1114112K
  class space    used 3412K, committed 3840K, reserved 1048576K
}
Event: 16.564 GC heap after
{Heap after GC invocations=13 (full 1):
 PSYoungGen      total 23552K, used 1037K [0x00000000d5580000, 0x00000000d7180000, 0x0000000100000000)
  eden space 22016K, 0% used [0x00000000d5580000,0x00000000d5580000,0x00000000d6b00000)
  from space 1536K, 67% used [0x00000000d7000000,0x00000000d7103460,0x00000000d7180000)
  to   space 1536K, 0% used [0x00000000d6e80000,0x00000000d6e80000,0x00000000d7000000)
 ParOldGen       total 68608K, used 17898K [0x0000000080000000, 0x0000000084300000, 0x00000000d5580000)
  object space 68608K, 26% used [0x0000000080000000,0x000000008117a928,0x0000000084300000)
 Metaspace       used 32939K, committed 33984K, reserved 1114112K
  class space    used 3412K, committed 3840K, reserved 1048576K
}
Event: 16.995 GC heap before
{Heap before GC invocations=14 (full 1):
 PSYoungGen      total 23552K, used 22401K [0x00000000d5580000, 0x00000000d7180000, 0x0000000100000000)
  eden space 22016K, 97% used [0x00000000d5580000,0x00000000d6a5d068,0x00000000d6b00000)
  from space 1536K, 67% used [0x00000000d7000000,0x00000000d7103460,0x00000000d7180000)
  to   space 1536K, 0% used [0x00000000d6e80000,0x00000000d6e80000,0x00000000d7000000)
 ParOldGen       total 68608K, used 17898K [0x0000000080000000, 0x0000000084300000, 0x00000000d5580000)
  object space 68608K, 26% used [0x0000000080000000,0x000000008117a928,0x0000000084300000)
 Metaspace       used 34708K, committed 35840K, reserved 1114112K
  class space    used 3653K, committed 4160K, reserved 1048576K
}
Event: 16.999 GC heap after
{Heap after GC invocations=14 (full 1):
 PSYoungGen      total 23552K, used 1213K [0x00000000d5580000, 0x00000000d7080000, 0x0000000100000000)
  eden space 22016K, 0% used [0x00000000d5580000,0x00000000d5580000,0x00000000d6b00000)
  from space 1536K, 79% used [0x00000000d6e80000,0x00000000d6faf7c0,0x00000000d7000000)
  to   space 512K, 0% used [0x00000000d7000000,0x00000000d7000000,0x00000000d7080000)
 ParOldGen       total 68608K, used 18762K [0x0000000080000000, 0x0000000084300000, 0x00000000d5580000)
  object space 68608K, 27% used [0x0000000080000000,0x0000000081252880,0x0000000084300000)
 Metaspace       used 34708K, committed 35840K, reserved 1114112K
  class space    used 3653K, committed 4160K, reserved 1048576K
}
Event: 16.999 GC heap before
{Heap before GC invocations=15 (full 2):
 PSYoungGen      total 23552K, used 1213K [0x00000000d5580000, 0x00000000d7080000, 0x0000000100000000)
  eden space 22016K, 0% used [0x00000000d5580000,0x00000000d5580000,0x00000000d6b00000)
  from space 1536K, 79% used [0x00000000d6e80000,0x00000000d6faf7c0,0x00000000d7000000)
  to   space 512K, 0% used [0x00000000d7000000,0x00000000d7000000,0x00000000d7080000)
 ParOldGen       total 68608K, used 18762K [0x0000000080000000, 0x0000000084300000, 0x00000000d5580000)
  object space 68608K, 27% used [0x0000000080000000,0x0000000081252880,0x0000000084300000)
 Metaspace       used 34708K, committed 35840K, reserved 1114112K
  class space    used 3653K, committed 4160K, reserved 1048576K
}
Event: 17.083 GC heap after
{Heap after GC invocations=15 (full 2):
 PSYoungGen      total 23552K, used 0K [0x00000000d5580000, 0x00000000d7080000, 0x0000000100000000)
  eden space 22016K, 0% used [0x00000000d5580000,0x00000000d5580000,0x00000000d6b00000)
  from space 1536K, 0% used [0x00000000d6e80000,0x00000000d6e80000,0x00000000d7000000)
  to   space 512K, 0% used [0x00000000d7000000,0x00000000d7000000,0x00000000d7080000)
 ParOldGen       total 68608K, used 18869K [0x0000000080000000, 0x0000000084300000, 0x00000000d5580000)
  object space 68608K, 27% used [0x0000000080000000,0x000000008126d650,0x0000000084300000)
 Metaspace       used 34708K, committed 35840K, reserved 1114112K
  class space    used 3653K, committed 4160K, reserved 1048576K
}
Event: 17.562 GC heap before
{Heap before GC invocations=16 (full 2):
 PSYoungGen      total 23552K, used 22016K [0x00000000d5580000, 0x00000000d7080000, 0x0000000100000000)
  eden space 22016K, 100% used [0x00000000d5580000,0x00000000d6b00000,0x00000000d6b00000)
  from space 1536K, 0% used [0x00000000d6e80000,0x00000000d6e80000,0x00000000d7000000)
  to   space 512K, 0% used [0x00000000d7000000,0x00000000d7000000,0x00000000d7080000)
 ParOldGen       total 68608K, used 18869K [0x0000000080000000, 0x0000000084300000, 0x00000000d5580000)
  object space 68608K, 27% used [0x0000000080000000,0x000000008126d650,0x0000000084300000)
 Metaspace       used 37061K, committed 38208K, reserved 1114112K
  class space    used 3951K, committed 4480K, reserved 1048576K
}
Event: 17.565 GC heap after
{Heap after GC invocations=16 (full 2):
 PSYoungGen      total 22528K, used 512K [0x00000000d5580000, 0x00000000d7080000, 0x0000000100000000)
  eden space 22016K, 0% used [0x00000000d5580000,0x00000000d5580000,0x00000000d6b00000)
  from space 512K, 100% used [0x00000000d7000000,0x00000000d7080000,0x00000000d7080000)
  to   space 2048K, 0% used [0x00000000d6c80000,0x00000000d6c80000,0x00000000d6e80000)
 ParOldGen       total 68608K, used 19857K [0x0000000080000000, 0x0000000084300000, 0x00000000d5580000)
  object space 68608K, 28% used [0x0000000080000000,0x00000000813646c0,0x0000000084300000)
 Metaspace       used 37061K, committed 38208K, reserved 1114112K
  class space    used 3951K, committed 4480K, reserved 1048576K
}

