# JRE version: Java(TM) SE Runtime Environment (21.0.9+7) (build 21.0.9+7-LTS-338)
# Java VM: Java HotSpot(TM) 64-Bit Server VM (21.0.9+7-LTS-338, mixed mode, emulated-client, sharing, tiered, compressed oops, compressed class ptrs, g1 gc, windows-amd64)
GC Precious Log:
 CardTable entry size: 512
 Card Set container configuration: InlinePtr #cards 5 size 8 Array Of Cards #cards 12 size 40 Howl #buckets 4 coarsen threshold 1843 Howl Bitmap #cards 512 size 80 coarsen threshold 460 Card regions per heap region 1 cards per card region 2048
 CPUs: 8 total, 8 available
 Memory: 7918M
 Large Page Support: Disabled
 NUMA Support: Disabled
 Compressed Oops: Enabled (32-bit)
 Heap Region Size: 1M
 Heap Min Capacity: 8M
 Heap Initial Capacity: 124M
 Heap Max Capacity: 1980M
 Pre-touch: Disabled
 Parallel Workers: 8
 Concurrent Workers: 2
 Concurrent Refinement Workers: 8
 Periodic GC: Disabled
Heap:
 garbage-first heap   total 78848K, used 37231K [0x0000000084400000, 0x0000000100000000)
  region size 1024K, 16 young (16384K), 5 survivors (5120K)
 Metaspace       used 56909K, committed 57536K, reserved 1114112K
  class space    used 8041K, committed 8320K, reserved 1048576K
GC Heap History (18 events):
Event: 0.441 GC heap before
{Heap before GC invocations=0 (full 0):
 garbage-first heap   total 126976K, used 24576K [0x0000000084400000, 0x0000000100000000)
  region size 1024K, 23 young (23552K), 0 survivors (0K)
 Metaspace       used 4365K, committed 4608K, reserved 1114112K
  class space    used 573K, committed 704K, reserved 1048576K
}
Event: 0.447 GC heap after
{Heap after GC invocations=1 (full 0):
 garbage-first heap   total 126976K, used 9826K [0x0000000084400000, 0x0000000100000000)
  region size 1024K, 3 young (3072K), 3 survivors (3072K)
 Metaspace       used 4365K, committed 4608K, reserved 1114112K
  class space    used 573K, committed 704K, reserved 1048576K
}
Event: 0.869 GC heap before
{Heap before GC invocations=1 (full 0):
 garbage-first heap   total 126976K, used 35426K [0x0000000084400000, 0x0000000100000000)
  region size 1024K, 29 young (29696K), 3 survivors (3072K)
 Metaspace       used 10443K, committed 10816K, reserved 1114112K
  class space    used 1437K, committed 1600K, reserved 1048576K
}
Event: 0.873 GC heap after
{Heap after GC invocations=2 (full 0):
 garbage-first heap   total 126976K, used 12001K [0x0000000084400000, 0x0000000100000000)
  region size 1024K, 3 young (3072K), 3 survivors (3072K)
 Metaspace       used 10443K, committed 10816K, reserved 1114112K
  class space    used 1437K, committed 1600K, reserved 1048576K
}
Event: 2.264 GC heap before
{Heap before GC invocations=2 (full 0):
 garbage-first heap   total 126976K, used 74465K [0x0000000084400000, 0x0000000100000000)
  region size 1024K, 65 young (66560K), 3 survivors (3072K)
 Metaspace       used 20929K, committed 21312K, reserved 1114112K
  class space    used 2812K, committed 2944K, reserved 1048576K
}
Event: 2.270 GC heap after
{Heap after GC invocations=3 (full 0):
 garbage-first heap   total 126976K, used 17647K [0x0000000084400000, 0x0000000100000000)
  region size 1024K, 8 young (8192K), 8 survivors (8192K)
 Metaspace       used 20929K, committed 21312K, reserved 1114112K
  class space    used 2812K, committed 2944K, reserved 1048576K
}
Event: 2.296 GC heap before
{Heap before GC invocations=3 (full 0):
 garbage-first heap   total 126976K, used 18671K [0x0000000084400000, 0x0000000100000000)
  region size 1024K, 10 young (10240K), 8 survivors (8192K)
 Metaspace       used 21096K, committed 21504K, reserved 1114112K
  class space    used 2833K, committed 3008K, reserved 1048576K
}
Event: 2.303 GC heap after
{Heap after GC invocations=4 (full 0):
 garbage-first heap   total 126976K, used 18432K [0x0000000084400000, 0x0000000100000000)
  region size 1024K, 1 young (1024K), 1 survivors (1024K)
 Metaspace       used 21096K, committed 21504K, reserved 1114112K
  class space    used 2833K, committed 3008K, reserved 1048576K
}
Event: 3.043 GC heap before
{Heap before GC invocations=5 (full 0):
 garbage-first heap   total 65536K, used 55296K [0x0000000084400000, 0x0000000100000000)
  region size 1024K, 38 young (38912K), 1 survivors (1024K)
 Metaspace       used 27101K, committed 27648K, reserved 1114112K
  class space    used 3713K, committed 3968K, reserved 1048576K
}
Event: 3.047 GC heap after
{Heap after GC invocations=6 (full 0):
 garbage-first heap   total 65536K, used 21193K [0x0000000084400000, 0x0000000100000000)
  region size 1024K, 4 young (4096K), 4 survivors (4096K)
 Metaspace       used 27101K, committed 27648K, reserved 1114112K
  class space    used 3713K, committed 3968K, reserved 1048576K
}
Event: 3.523 GC heap before
{Heap before GC invocations=6 (full 0):
 garbage-first heap   total 65536K, used 51913K [0x0000000084400000, 0x0000000100000000)
  region size 1024K, 35 young (35840K), 4 survivors (4096K)
 Metaspace       used 33681K, committed 34304K, reserved 1114112K
  class space    used 4665K, committed 4928K, reserved 1048576K
}
Event: 3.530 GC heap after
{Heap after GC invocations=7 (full 0):
 garbage-first heap   total 65536K, used 22975K [0x0000000084400000, 0x0000000100000000)
  region size 1024K, 3 young (3072K), 3 survivors (3072K)
 Metaspace       used 33681K, committed 34304K, reserved 1114112K
  class space    used 4665K, committed 4928K, reserved 1048576K
}
Event: 3.892 GC heap before
{Heap before GC invocations=7 (full 0):
 garbage-first heap   total 65536K, used 34239K [0x0000000084400000, 0x0000000100000000)
  region size 1024K, 15 young (15360K), 3 survivors (3072K)
 Metaspace       used 35393K, committed 35968K, reserved 1114112K
  class space    used 5027K, committed 5312K, reserved 1048576K
}
Event: 3.895 GC heap after
{Heap after GC invocations=8 (full 0):
 garbage-first heap   total 65536K, used 23975K [0x0000000084400000, 0x0000000100000000)
  region size 1024K, 3 young (3072K), 3 survivors (3072K)
 Metaspace       used 35393K, committed 35968K, reserved 1114112K
  class space    used 5027K, committed 5312K, reserved 1048576K
}
Event: 4.934 GC heap before
{Heap before GC invocations=9 (full 0):
 garbage-first heap   total 65536K, used 54695K [0x0000000084400000, 0x0000000100000000)
  region size 1024K, 34 young (34816K), 3 survivors (3072K)
 Metaspace       used 44007K, committed 44608K, reserved 1114112K
  class space    used 6195K, committed 6464K, reserved 1048576K
}
Event: 4.938 GC heap after
{Heap after GC invocations=10 (full 0):
 garbage-first heap   total 78848K, used 26121K [0x0000000084400000, 0x0000000100000000)
  region size 1024K, 4 young (4096K), 4 survivors (4096K)
 Metaspace       used 44007K, committed 44608K, reserved 1114112K
  class space    used 6195K, committed 6464K, reserved 1048576K
}
Event: 5.960 GC heap before
{Heap before GC invocations=10 (full 0):
 garbage-first heap   total 78848K, used 65033K [0x0000000084400000, 0x0000000100000000)
  region size 1024K, 43 young (44032K), 4 survivors (4096K)
 Metaspace       used 54407K, committed 55040K, reserved 1114112K
  class space    used 7580K, committed 7872K, reserved 1048576K
}
Event: 5.964 GC heap after
{Heap after GC invocations=11 (full 0):
 garbage-first heap   total 78848K, used 26991K [0x0000000084400000, 0x0000000100000000)
  region size 1024K, 5 young (5120K), 5 survivors (5120K)
 Metaspace       used 54407K, committed 55040K, reserved 1114112K
  class space    used 7580K, committed 7872K, reserved 1048576K
}

