# JRE version: OpenJDK Runtime Environment Temurin-21.0.10+7 (21.0.10+7) (build 21.0.10+7-LTS)
# Java VM: OpenJDK 64-Bit Server VM Temurin-21.0.10+7 (21.0.10+7-LTS, mixed mode, sharing, tiered, compressed oops, compressed class ptrs, parallel gc, windows-amd64)
GC Precious Log:
 CardTable entry size: 512
 CPUs: 8 total, 8 available
 Memory: 7918M
 Large Page Support: Disabled
 NUMA Support: Disabled
 Compressed Oops: Enabled (32-bit)
 Alignments: Space 512K, Generation 512K, Heap 2M
 Heap Min Capacity: 100M
 Heap Initial Capacity: 100M
 Heap Max Capacity: 2G
 Pre-touch: Disabled
 Parallel Workers: 8
Heap:
 PSYoungGen      total 10752K, used 10331K [0x00000000d5580000, 0x00000000d6280000, 0x0000000100000000)
  eden space 9216K, 99% used [0x00000000d5580000,0x00000000d5e69ad0,0x00000000d5e80000)
  from space 1536K, 78% used [0x00000000d5e80000,0x00000000d5fad200,0x00000000d6000000)
  to   space 2048K, 0% used [0x00000000d6080000,0x00000000d6080000,0x00000000d6280000)
 ParOldGen       total 109056K, used 108829K [0x0000000080000000, 0x0000000086a80000, 0x00000000d5580000)
  object space 109056K, 99% used [0x0000000080000000,0x0000000086a47470,0x0000000086a80000)
 Metaspace       used 66716K, committed 68288K, reserved 1114112K
  class space    used 6986K, committed 7616K, reserved 1048576K
GC Heap History (20 events):
Event: 50.952 GC heap before
{Heap before GC invocations=183 (full 3):
 PSYoungGen      total 11264K, used 11040K [0x00000000d5580000, 0x00000000d6180000, 0x0000000100000000)
  eden space 10752K, 100% used [0x00000000d5580000,0x00000000d6000000,0x00000000d6000000)
  from space 512K, 56% used [0x00000000d6080000,0x00000000d60c8000,0x00000000d6100000)
  to   space 512K, 0% used [0x00000000d6100000,0x00000000d6100000,0x00000000d6180000)
 ParOldGen       total 104448K, used 104097K [0x0000000080000000, 0x0000000086600000, 0x00000000d5580000)
  object space 104448K, 99% used [0x0000000080000000,0x00000000865a85c8,0x0000000086600000)
 Metaspace       used 65053K, committed 66560K, reserved 1114112K
  class space    used 6842K, committed 7488K, reserved 1048576K
}
Event: 50.955 GC heap after
{Heap after GC invocations=183 (full 3):
 PSYoungGen      total 11264K, used 288K [0x00000000d5580000, 0x00000000d6180000, 0x0000000100000000)
  eden space 10752K, 0% used [0x00000000d5580000,0x00000000d5580000,0x00000000d6000000)
  from space 512K, 56% used [0x00000000d6100000,0x00000000d6148000,0x00000000d6180000)
  to   space 512K, 0% used [0x00000000d6080000,0x00000000d6080000,0x00000000d6100000)
 ParOldGen       total 104448K, used 104249K [0x0000000080000000, 0x0000000086600000, 0x00000000d5580000)
  object space 104448K, 99% used [0x0000000080000000,0x00000000865ce5c8,0x0000000086600000)
 Metaspace       used 65053K, committed 66560K, reserved 1114112K
  class space    used 6842K, committed 7488K, reserved 1048576K
}
Event: 50.996 GC heap before
{Heap before GC invocations=184 (full 3):
 PSYoungGen      total 11264K, used 11040K [0x00000000d5580000, 0x00000000d6180000, 0x0000000100000000)
  eden space 10752K, 100% used [0x00000000d5580000,0x00000000d6000000,0x00000000d6000000)
  from space 512K, 56% used [0x00000000d6100000,0x00000000d6148000,0x00000000d6180000)
  to   space 512K, 0% used [0x00000000d6080000,0x00000000d6080000,0x00000000d6100000)
 ParOldGen       total 104448K, used 104249K [0x0000000080000000, 0x0000000086600000, 0x00000000d5580000)
  object space 104448K, 99% used [0x0000000080000000,0x00000000865ce5c8,0x0000000086600000)
 Metaspace       used 65074K, committed 66624K, reserved 1114112K
  class space    used 6844K, committed 7488K, reserved 1048576K
}
Event: 50.998 GC heap after
{Heap after GC invocations=184 (full 3):
 PSYoungGen      total 11264K, used 346K [0x00000000d5580000, 0x00000000d6180000, 0x0000000100000000)
  eden space 10752K, 0% used [0x00000000d5580000,0x00000000d5580000,0x00000000d6000000)
  from space 512K, 67% used [0x00000000d6080000,0x00000000d60d6900,0x00000000d6100000)
  to   space 512K, 0% used [0x00000000d6100000,0x00000000d6100000,0x00000000d6180000)
 ParOldGen       total 104960K, used 104457K [0x0000000080000000, 0x0000000086680000, 0x00000000d5580000)
  object space 104960K, 99% used [0x0000000080000000,0x00000000866025c8,0x0000000086680000)
 Metaspace       used 65074K, committed 66624K, reserved 1114112K
  class space    used 6844K, committed 7488K, reserved 1048576K
}
Event: 51.012 GC heap before
{Heap before GC invocations=185 (full 3):
 PSYoungGen      total 11264K, used 11098K [0x00000000d5580000, 0x00000000d6180000, 0x0000000100000000)
  eden space 10752K, 100% used [0x00000000d5580000,0x00000000d6000000,0x00000000d6000000)
  from space 512K, 67% used [0x00000000d6080000,0x00000000d60d6900,0x00000000d6100000)
  to   space 512K, 0% used [0x00000000d6100000,0x00000000d6100000,0x00000000d6180000)
 ParOldGen       total 104960K, used 104457K [0x0000000080000000, 0x0000000086680000, 0x00000000d5580000)
  object space 104960K, 99% used [0x0000000080000000,0x00000000866025c8,0x0000000086680000)
 Metaspace       used 65074K, committed 66624K, reserved 1114112K
  class space    used 6844K, committed 7488K, reserved 1048576K
}
Event: 51.014 GC heap after
{Heap after GC invocations=185 (full 3):
 PSYoungGen      total 11264K, used 320K [0x00000000d5580000, 0x00000000d6180000, 0x0000000100000000)
  eden space 10752K, 0% used [0x00000000d5580000,0x00000000d5580000,0x00000000d6000000)
  from space 512K, 62% used [0x00000000d6100000,0x00000000d6150000,0x00000000d6180000)
  to   space 512K, 0% used [0x00000000d6080000,0x00000000d6080000,0x00000000d6100000)
 ParOldGen       total 104960K, used 104730K [0x0000000080000000, 0x0000000086680000, 0x00000000d5580000)
  object space 104960K, 99% used [0x0000000080000000,0x0000000086646b20,0x0000000086680000)
 Metaspace       used 65074K, committed 66624K, reserved 1114112K
  class space    used 6844K, committed 7488K, reserved 1048576K
}
Event: 51.028 GC heap before
{Heap before GC invocations=186 (full 3):
 PSYoungGen      total 11264K, used 11072K [0x00000000d5580000, 0x00000000d6180000, 0x0000000100000000)
  eden space 10752K, 100% used [0x00000000d5580000,0x00000000d6000000,0x00000000d6000000)
  from space 512K, 62% used [0x00000000d6100000,0x00000000d6150000,0x00000000d6180000)
  to   space 512K, 0% used [0x00000000d6080000,0x00000000d6080000,0x00000000d6100000)
 ParOldGen       total 104960K, used 104730K [0x0000000080000000, 0x0000000086680000, 0x00000000d5580000)
  object space 104960K, 99% used [0x0000000080000000,0x0000000086646b20,0x0000000086680000)
 Metaspace       used 65075K, committed 66624K, reserved 1114112K
  class space    used 6844K, committed 7488K, reserved 1048576K
}
Event: 51.031 GC heap after
{Heap after GC invocations=186 (full 3):
 PSYoungGen      total 11264K, used 320K [0x00000000d5580000, 0x00000000d6180000, 0x0000000100000000)
  eden space 10752K, 0% used [0x00000000d5580000,0x00000000d5580000,0x00000000d6000000)
  from space 512K, 62% used [0x00000000d6080000,0x00000000d60d0000,0x00000000d6100000)
  to   space 512K, 0% used [0x00000000d6100000,0x00000000d6100000,0x00000000d6180000)
 ParOldGen       total 104960K, used 104954K [0x0000000080000000, 0x0000000086680000, 0x00000000d5580000)
  object space 104960K, 99% used [0x0000000080000000,0x000000008667eb20,0x0000000086680000)
 Metaspace       used 65075K, committed 66624K, reserved 1114112K
  class space    used 6844K, committed 7488K, reserved 1048576K
}
Event: 51.100 GC heap before
{Heap before GC invocations=187 (full 3):
 PSYoungGen      total 11264K, used 11072K [0x00000000d5580000, 0x00000000d6180000, 0x0000000100000000)
  eden space 10752K, 100% used [0x00000000d5580000,0x00000000d6000000,0x00000000d6000000)
  from space 512K, 62% used [0x00000000d6080000,0x00000000d60d0000,0x00000000d6100000)
  to   space 512K, 0% used [0x00000000d6100000,0x00000000d6100000,0x00000000d6180000)
 ParOldGen       total 104960K, used 104954K [0x0000000080000000, 0x0000000086680000, 0x00000000d5580000)
  object space 104960K, 99% used [0x0000000080000000,0x000000008667eb20,0x0000000086680000)
 Metaspace       used 65075K, committed 66624K, reserved 1114112K
  class space    used 6844K, committed 7488K, reserved 1048576K
}
Event: 51.103 GC heap after
{Heap after GC invocations=187 (full 3):
 PSYoungGen      total 11264K, used 384K [0x00000000d5580000, 0x00000000d6180000, 0x0000000100000000)
  eden space 10752K, 0% used [0x00000000d5580000,0x00000000d5580000,0x00000000d6000000)
  from space 512K, 75% used [0x00000000d6100000,0x00000000d6160000,0x00000000d6180000)
  to   space 512K, 0% used [0x00000000d6080000,0x00000000d6080000,0x00000000d6100000)
 ParOldGen       total 105472K, used 105162K [0x0000000080000000, 0x0000000086700000, 0x00000000d5580000)
  object space 105472K, 99% used [0x0000000080000000,0x00000000866b2b20,0x0000000086700000)
 Metaspace       used 65075K, committed 66624K, reserved 1114112K
  class space    used 6844K, committed 7488K, reserved 1048576K
}
Event: 51.120 GC heap before
{Heap before GC invocations=188 (full 3):
 PSYoungGen      total 11264K, used 11136K [0x00000000d5580000, 0x00000000d6180000, 0x0000000100000000)
  eden space 10752K, 100% used [0x00000000d5580000,0x00000000d6000000,0x00000000d6000000)
  from space 512K, 75% used [0x00000000d6100000,0x00000000d6160000,0x00000000d6180000)
  to   space 512K, 0% used [0x00000000d6080000,0x00000000d6080000,0x00000000d6100000)
 ParOldGen       total 105472K, used 105162K [0x0000000080000000, 0x0000000086700000, 0x00000000d5580000)
  object space 105472K, 99% used [0x0000000080000000,0x00000000866b2b20,0x0000000086700000)
 Metaspace       used 65078K, committed 66624K, reserved 1114112K
  class space    used 6844K, committed 7488K, reserved 1048576K
}
Event: 51.123 GC heap after
{Heap after GC invocations=188 (full 3):
 PSYoungGen      total 11264K, used 320K [0x00000000d5580000, 0x00000000d6180000, 0x0000000100000000)
  eden space 10752K, 0% used [0x00000000d5580000,0x00000000d5580000,0x00000000d6000000)
  from space 512K, 62% used [0x00000000d6080000,0x00000000d60d0000,0x00000000d6100000)
  to   space 512K, 0% used [0x00000000d6100000,0x00000000d6100000,0x00000000d6180000)
 ParOldGen       total 105472K, used 105386K [0x0000000080000000, 0x0000000086700000, 0x00000000d5580000)
  object space 105472K, 99% used [0x0000000080000000,0x00000000866eab20,0x0000000086700000)
 Metaspace       used 65078K, committed 66624K, reserved 1114112K
  class space    used 6844K, committed 7488K, reserved 1048576K
}
Event: 51.250 GC heap before
{Heap before GC invocations=189 (full 3):
 PSYoungGen      total 11264K, used 11072K [0x00000000d5580000, 0x00000000d6180000, 0x0000000100000000)
  eden space 10752K, 100% used [0x00000000d5580000,0x00000000d6000000,0x00000000d6000000)
  from space 512K, 62% used [0x00000000d6080000,0x00000000d60d0000,0x00000000d6100000)
  to   space 512K, 0% used [0x00000000d6100000,0x00000000d6100000,0x00000000d6180000)
 ParOldGen       total 105472K, used 105386K [0x0000000080000000, 0x0000000086700000, 0x00000000d5580000)
  object space 105472K, 99% used [0x0000000080000000,0x00000000866eab20,0x0000000086700000)
 Metaspace       used 65120K, committed 66624K, reserved 1114112K
  class space    used 6854K, committed 7488K, reserved 1048576K
}
Event: 51.253 GC heap after
{Heap after GC invocations=189 (full 3):
 PSYoungGen      total 11264K, used 496K [0x00000000d5580000, 0x00000000d6200000, 0x0000000100000000)
  eden space 10752K, 0% used [0x00000000d5580000,0x00000000d5580000,0x00000000d6000000)
  from space 512K, 96% used [0x00000000d6100000,0x00000000d617c010,0x00000000d6180000)
  to   space 1024K, 0% used [0x00000000d6000000,0x00000000d6000000,0x00000000d6100000)
 ParOldGen       total 105984K, used 105799K [0x0000000080000000, 0x0000000086780000, 0x00000000d5580000)
  object space 105984K, 99% used [0x0000000080000000,0x0000000086751e88,0x0000000086780000)
 Metaspace       used 65120K, committed 66624K, reserved 1114112K
  class space    used 6854K, committed 7488K, reserved 1048576K
}
Event: 51.431 GC heap before
{Heap before GC invocations=190 (full 3):
 PSYoungGen      total 11264K, used 11248K [0x00000000d5580000, 0x00000000d6200000, 0x0000000100000000)
  eden space 10752K, 100% used [0x00000000d5580000,0x00000000d6000000,0x00000000d6000000)
  from space 512K, 96% used [0x00000000d6100000,0x00000000d617c010,0x00000000d6180000)
  to   space 1024K, 0% used [0x00000000d6000000,0x00000000d6000000,0x00000000d6100000)
 ParOldGen       total 105984K, used 105799K [0x0000000080000000, 0x0000000086780000, 0x00000000d5580000)
  object space 105984K, 99% used [0x0000000080000000,0x0000000086751e88,0x0000000086780000)
 Metaspace       used 65299K, committed 66816K, reserved 1114112K
  class space    used 6868K, committed 7488K, reserved 1048576K
}
Event: 51.436 GC heap after
{Heap after GC invocations=190 (full 3):
 PSYoungGen      total 11776K, used 1024K [0x00000000d5580000, 0x00000000d6200000, 0x0000000100000000)
  eden space 10752K, 0% used [0x00000000d5580000,0x00000000d5580000,0x00000000d6000000)
  from space 1024K, 100% used [0x00000000d6000000,0x00000000d6100000,0x00000000d6100000)
  to   space 512K, 0% used [0x00000000d6100000,0x00000000d6100000,0x00000000d6180000)
 ParOldGen       total 107008K, used 106512K [0x0000000080000000, 0x0000000086880000, 0x00000000d5580000)
  object space 107008K, 99% used [0x0000000080000000,0x0000000086804328,0x0000000086880000)
 Metaspace       used 65299K, committed 66816K, reserved 1114112K
  class space    used 6868K, committed 7488K, reserved 1048576K
}
Event: 51.602 GC heap before
{Heap before GC invocations=191 (full 3):
 PSYoungGen      total 11776K, used 11776K [0x00000000d5580000, 0x00000000d6200000, 0x0000000100000000)
  eden space 10752K, 100% used [0x00000000d5580000,0x00000000d6000000,0x00000000d6000000)
  from space 1024K, 100% used [0x00000000d6000000,0x00000000d6100000,0x00000000d6100000)
  to   space 512K, 0% used [0x00000000d6100000,0x00000000d6100000,0x00000000d6180000)
 ParOldGen       total 107008K, used 106512K [0x0000000080000000, 0x0000000086880000, 0x00000000d5580000)
  object space 107008K, 99% used [0x0000000080000000,0x0000000086804328,0x0000000086880000)
 Metaspace       used 65417K, committed 66880K, reserved 1114112K
  class space    used 6874K, committed 7488K, reserved 1048576K
}
Event: 51.610 GC heap after
{Heap after GC invocations=191 (full 3):
 PSYoungGen      total 9728K, used 496K [0x00000000d5580000, 0x00000000d6500000, 0x0000000100000000)
  eden space 9216K, 0% used [0x00000000d5580000,0x00000000d5580000,0x00000000d5e80000)
  from space 512K, 97% used [0x00000000d6100000,0x00000000d617c388,0x00000000d6180000)
  to   space 2560K, 0% used [0x00000000d5e80000,0x00000000d5e80000,0x00000000d6100000)
 ParOldGen       total 108544K, used 108380K [0x0000000080000000, 0x0000000086a00000, 0x00000000d5580000)
  object space 108544K, 99% used [0x0000000080000000,0x00000000869d70e8,0x0000000086a00000)
 Metaspace       used 65417K, committed 66880K, reserved 1114112K
  class space    used 6874K, committed 7488K, reserved 1048576K
}
Event: 51.791 GC heap before
{Heap before GC invocations=192 (full 3):
 PSYoungGen      total 9728K, used 9702K [0x00000000d5580000, 0x00000000d6500000, 0x0000000100000000)
  eden space 9216K, 99% used [0x00000000d5580000,0x00000000d5e7d7d0,0x00000000d5e80000)
  from space 512K, 97% used [0x00000000d6100000,0x00000000d617c388,0x00000000d6180000)
  to   space 2560K, 0% used [0x00000000d5e80000,0x00000000d5e80000,0x00000000d6100000)
 ParOldGen       total 108544K, used 108380K [0x0000000080000000, 0x0000000086a00000, 0x00000000d5580000)
  object space 108544K, 99% used [0x0000000080000000,0x00000000869d70e8,0x0000000086a00000)
 Metaspace       used 65683K, committed 67200K, reserved 1114112K
  class space    used 6887K, committed 7552K, reserved 1048576K
}
Event: 51.803 GC heap after
{Heap after GC invocations=192 (full 3):
 PSYoungGen      total 10752K, used 1204K [0x00000000d5580000, 0x00000000d6280000, 0x0000000100000000)
  eden space 9216K, 0% used [0x00000000d5580000,0x00000000d5580000,0x00000000d5e80000)
  from space 1536K, 78% used [0x00000000d5e80000,0x00000000d5fad200,0x00000000d6000000)
  to   space 2048K, 0% used [0x00000000d6080000,0x00000000d6080000,0x00000000d6280000)
 ParOldGen       total 109056K, used 108829K [0x0000000080000000, 0x0000000086a80000, 0x00000000d5580000)
  object space 109056K, 99% used [0x0000000080000000,0x0000000086a47470,0x0000000086a80000)
 Metaspace       used 65683K, committed 67200K, reserved 1114112K
  class space    used 6887K, committed 7552K, reserved 1048576K
}

