# JRE version: Java(TM) SE Runtime Environment (21.0.9+7) (build 21.0.9+7-LTS-338)
# Java VM: Java HotSpot(TM) 64-Bit Server VM (21.0.9+7-LTS-338, mixed mode, sharing, tiered, compressed oops, compressed class ptrs, g1 gc, windows-amd64)
GC Precious Log:
 CardTable entry size: 512
 Card Set container configuration: InlinePtr #cards 5 size 8 Array Of Cards #cards 12 size 40 Howl #buckets 4 coarsen threshold 1843 Howl Bitmap #cards 512 size 80 coarsen threshold 460 Card regions per heap region 1 cards per card region 2048
 CPUs: 8 total, 8 available
 Memory: 7918M
 Large Page Support: Disabled
 NUMA Support: Disabled
 Compressed Oops: Enabled (32-bit)
 Heap Region Size: 1M
 Heap Min Capacity: 8M
 Heap Initial Capacity: 124M
 Heap Max Capacity: 1980M
 Pre-touch: Disabled
 Parallel Workers: 8
 Concurrent Workers: 2
 Concurrent Refinement Workers: 8
 Periodic GC: Disabled
Heap:
 garbage-first heap   total 152576K, used 72704K [0x0000000084400000, 0x0000000100000000)
  region size 1024K, 19 young (19456K), 8 survivors (8192K)
 Metaspace       used 28616K, committed 28992K, reserved 1114112K
  class space    used 3205K, committed 3392K, reserved 1048576K
GC Heap History (14 events):
Event: 1.778 GC heap before
{Heap before GC invocations=0 (full 0):
 garbage-first heap   total 126976K, used 22528K [0x0000000084400000, 0x0000000100000000)
  region size 1024K, 23 young (23552K), 0 survivors (0K)
 Metaspace       used 5650K, committed 5888K, reserved 1114112K
  class space    used 656K, committed 768K, reserved 1048576K
}
Event: 1.792 GC heap after
{Heap after GC invocations=1 (full 0):
 garbage-first heap   total 126976K, used 3648K [0x0000000084400000, 0x0000000100000000)
  region size 1024K, 3 young (3072K), 3 survivors (3072K)
 Metaspace       used 5650K, committed 5888K, reserved 1114112K
  class space    used 656K, committed 768K, reserved 1048576K
}
Event: 2.883 GC heap before
{Heap before GC invocations=1 (full 0):
 garbage-first heap   total 126976K, used 34368K [0x0000000084400000, 0x0000000100000000)
  region size 1024K, 33 young (33792K), 3 survivors (3072K)
 Metaspace       used 8800K, committed 9024K, reserved 1114112K
  class space    used 1040K, committed 1152K, reserved 1048576K
}
Event: 2.894 GC heap after
{Heap after GC invocations=2 (full 0):
 garbage-first heap   total 126976K, used 5018K [0x0000000084400000, 0x0000000100000000)
  region size 1024K, 2 young (2048K), 2 survivors (2048K)
 Metaspace       used 8800K, committed 9024K, reserved 1114112K
  class space    used 1040K, committed 1152K, reserved 1048576K
}
Event: 5.408 GC heap before
{Heap before GC invocations=2 (full 0):
 garbage-first heap   total 126976K, used 78746K [0x0000000084400000, 0x0000000100000000)
  region size 1024K, 74 young (75776K), 2 survivors (2048K)
 Metaspace       used 15775K, committed 16064K, reserved 1114112K
  class space    used 1843K, committed 1984K, reserved 1048576K
}
Event: 5.434 GC heap after
{Heap after GC invocations=3 (full 0):
 garbage-first heap   total 126976K, used 13970K [0x0000000084400000, 0x0000000100000000)
  region size 1024K, 10 young (10240K), 10 survivors (10240K)
 Metaspace       used 15775K, committed 16064K, reserved 1114112K
  class space    used 1843K, committed 1984K, reserved 1048576K
}
Event: 7.885 GC heap before
{Heap before GC invocations=3 (full 0):
 garbage-first heap   total 126976K, used 112274K [0x0000000084400000, 0x0000000100000000)
  region size 1024K, 74 young (75776K), 10 survivors (10240K)
 Metaspace       used 17624K, committed 17920K, reserved 1114112K
  class space    used 1986K, committed 2112K, reserved 1048576K
}
Event: 7.917 GC heap after
{Heap after GC invocations=4 (full 0):
 garbage-first heap   total 126976K, used 16676K [0x0000000084400000, 0x0000000100000000)
  region size 1024K, 4 young (4096K), 4 survivors (4096K)
 Metaspace       used 17624K, committed 17920K, reserved 1114112K
  class space    used 1986K, committed 2112K, reserved 1048576K
}
Event: 9.114 GC heap before
{Heap before GC invocations=4 (full 0):
 garbage-first heap   total 126976K, used 47396K [0x0000000084400000, 0x0000000100000000)
  region size 1024K, 29 young (29696K), 4 survivors (4096K)
 Metaspace       used 21142K, committed 21504K, reserved 1114112K
  class space    used 2435K, committed 2624K, reserved 1048576K
}
Event: 9.132 GC heap after
{Heap after GC invocations=5 (full 0):
 garbage-first heap   total 126976K, used 27428K [0x0000000084400000, 0x0000000100000000)
  region size 1024K, 8 young (8192K), 8 survivors (8192K)
 Metaspace       used 21142K, committed 21504K, reserved 1114112K
  class space    used 2435K, committed 2624K, reserved 1048576K
}
Event: 11.624 GC heap before
{Heap before GC invocations=6 (full 0):
 garbage-first heap   total 96256K, used 95012K [0x0000000084400000, 0x0000000100000000)
  region size 1024K, 73 young (74752K), 8 survivors (8192K)
 Metaspace       used 26589K, committed 27008K, reserved 1114112K
  class space    used 3010K, committed 3200K, reserved 1048576K
}
Event: 11.680 GC heap after
{Heap after GC invocations=7 (full 0):
 garbage-first heap   total 126976K, used 48420K [0x0000000084400000, 0x0000000100000000)
  region size 1024K, 10 young (10240K), 10 survivors (10240K)
 Metaspace       used 26589K, committed 27008K, reserved 1114112K
  class space    used 3010K, committed 3200K, reserved 1048576K
}
Event: 14.642 GC heap before
{Heap before GC invocations=7 (full 0):
 garbage-first heap   total 126976K, used 106788K [0x0000000084400000, 0x0000000100000000)
  region size 1024K, 60 young (61440K), 10 survivors (10240K)
 Metaspace       used 28611K, committed 28992K, reserved 1114112K
  class space    used 3205K, committed 3392K, reserved 1048576K
}
Event: 14.676 GC heap after
{Heap after GC invocations=8 (full 0):
 garbage-first heap   total 152576K, used 61440K [0x0000000084400000, 0x0000000100000000)
  region size 1024K, 8 young (8192K), 8 survivors (8192K)
 Metaspace       used 28611K, committed 28992K, reserved 1114112K
  class space    used 3205K, committed 3392K, reserved 1048576K
}

