# JRE version: OpenJDK Runtime Environment Temurin-21.0.10+7 (21.0.10+7) (build 21.0.10+7-LTS)
# Java VM: OpenJDK 64-Bit Server VM Temurin-21.0.10+7 (21.0.10+7-LTS, mixed mode, sharing, tiered, compressed oops, compressed class ptrs, parallel gc, windows-amd64)
GC Precious Log:
 CardTable entry size: 512
 CPUs: 8 total, 8 available
 Memory: 7918M
 Large Page Support: Disabled
 NUMA Support: Disabled
 Compressed Oops: Enabled (32-bit)
 Alignments: Space 512K, Generation 512K, Heap 2M
 Heap Min Capacity: 100M
 Heap Initial Capacity: 100M
 Heap Max Capacity: 2G
 Pre-touch: Disabled
 Parallel Workers: 8
Heap:
 PSYoungGen      total 7168K, used 6882K [0x00000000d5580000, 0x00000000d6180000, 0x0000000100000000)
  eden space 6656K, 96% used [0x00000000d5580000,0x00000000d5bc0940,0x00000000d5c00000)
  from space 512K, 93% used [0x00000000d6100000,0x00000000d6178030,0x00000000d6180000)
  to   space 1536K, 0% used [0x00000000d5e80000,0x00000000d5e80000,0x00000000d6000000)
 ParOldGen       total 243200K, used 242880K [0x0000000080000000, 0x000000008ed80000, 0x00000000d5580000)
  object space 243200K, 99% used [0x0000000080000000,0x000000008ed302b8,0x000000008ed80000)
 Metaspace       used 70725K, committed 72384K, reserved 1114112K
  class space    used 7347K, committed 8064K, reserved 1048576K
GC Heap History (20 events):
Event: 19.434 GC heap before
{Heap before GC invocations=318 (full 3):
 PSYoungGen      total 12800K, used 12782K [0x00000000d5580000, 0x00000000d7900000, 0x0000000100000000)
  eden space 11264K, 100% used [0x00000000d5580000,0x00000000d6080000,0x00000000d6080000)
  from space 1536K, 98% used [0x00000000d6980000,0x00000000d6afbb60,0x00000000d6b00000)
  to   space 9216K, 0% used [0x00000000d6080000,0x00000000d6080000,0x00000000d6980000)
 ParOldGen       total 229376K, used 228903K [0x0000000080000000, 0x000000008e000000, 0x00000000d5580000)
  object space 229376K, 99% used [0x0000000080000000,0x000000008df89c40,0x000000008e000000)
 Metaspace       used 66561K, committed 68096K, reserved 1114112K
  class space    used 6997K, committed 7680K, reserved 1048576K
}
Event: 19.441 GC heap after
{Heap after GC invocations=318 (full 3):
 PSYoungGen      total 13824K, used 2230K [0x00000000d5580000, 0x00000000d6a00000, 0x0000000100000000)
  eden space 11264K, 0% used [0x00000000d5580000,0x00000000d5580000,0x00000000d6080000)
  from space 2560K, 87% used [0x00000000d6080000,0x00000000d62ad9d8,0x00000000d6300000)
  to   space 4608K, 0% used [0x00000000d6580000,0x00000000d6580000,0x00000000d6a00000)
 ParOldGen       total 230912K, used 230440K [0x0000000080000000, 0x000000008e180000, 0x00000000d5580000)
  object space 230912K, 99% used [0x0000000080000000,0x000000008e10a2a8,0x000000008e180000)
 Metaspace       used 66561K, committed 68096K, reserved 1114112K
  class space    used 6997K, committed 7680K, reserved 1048576K
}
Event: 19.829 GC heap before
{Heap before GC invocations=319 (full 3):
 PSYoungGen      total 13824K, used 13494K [0x00000000d5580000, 0x00000000d6a00000, 0x0000000100000000)
  eden space 11264K, 100% used [0x00000000d5580000,0x00000000d6080000,0x00000000d6080000)
  from space 2560K, 87% used [0x00000000d6080000,0x00000000d62ad9d8,0x00000000d6300000)
  to   space 4608K, 0% used [0x00000000d6580000,0x00000000d6580000,0x00000000d6a00000)
 ParOldGen       total 230912K, used 230440K [0x0000000080000000, 0x000000008e180000, 0x00000000d5580000)
  object space 230912K, 99% used [0x0000000080000000,0x000000008e10a2a8,0x000000008e180000)
 Metaspace       used 67428K, committed 68928K, reserved 1114112K
  class space    used 7043K, committed 7680K, reserved 1048576K
}
Event: 19.835 GC heap after
{Heap after GC invocations=319 (full 3):
 PSYoungGen      total 13312K, used 1678K [0x00000000d5580000, 0x00000000d6780000, 0x0000000100000000)
  eden space 11264K, 0% used [0x00000000d5580000,0x00000000d5580000,0x00000000d6080000)
  from space 2048K, 81% used [0x00000000d6580000,0x00000000d6723b80,0x00000000d6780000)
  to   space 2560K, 0% used [0x00000000d6280000,0x00000000d6280000,0x00000000d6500000)
 ParOldGen       total 232960K, used 232490K [0x0000000080000000, 0x000000008e380000, 0x00000000d5580000)
  object space 232960K, 99% used [0x0000000080000000,0x000000008e30a9b8,0x000000008e380000)
 Metaspace       used 67428K, committed 68928K, reserved 1114112K
  class space    used 7043K, committed 7680K, reserved 1048576K
}
Event: 20.267 GC heap before
{Heap before GC invocations=320 (full 3):
 PSYoungGen      total 13312K, used 12942K [0x00000000d5580000, 0x00000000d6780000, 0x0000000100000000)
  eden space 11264K, 100% used [0x00000000d5580000,0x00000000d6080000,0x00000000d6080000)
  from space 2048K, 81% used [0x00000000d6580000,0x00000000d6723b80,0x00000000d6780000)
  to   space 2560K, 0% used [0x00000000d6280000,0x00000000d6280000,0x00000000d6500000)
 ParOldGen       total 232960K, used 232490K [0x0000000080000000, 0x000000008e380000, 0x00000000d5580000)
  object space 232960K, 99% used [0x0000000080000000,0x000000008e30a9b8,0x000000008e380000)
 Metaspace       used 68262K, committed 69824K, reserved 1114112K
  class space    used 7110K, committed 7808K, reserved 1048576K
}
Event: 20.271 GC heap after
{Heap after GC invocations=320 (full 3):
 PSYoungGen      total 13312K, used 2017K [0x00000000d5580000, 0x00000000d6600000, 0x0000000100000000)
  eden space 11264K, 0% used [0x00000000d5580000,0x00000000d5580000,0x00000000d6080000)
  from space 2048K, 98% used [0x00000000d6280000,0x00000000d6478738,0x00000000d6480000)
  to   space 1536K, 0% used [0x00000000d6480000,0x00000000d6480000,0x00000000d6600000)
 ParOldGen       total 234496K, used 234008K [0x0000000080000000, 0x000000008e500000, 0x00000000d5580000)
  object space 234496K, 99% used [0x0000000080000000,0x000000008e486330,0x000000008e500000)
 Metaspace       used 68262K, committed 69824K, reserved 1114112K
  class space    used 7110K, committed 7808K, reserved 1048576K
}
Event: 20.397 GC heap before
{Heap before GC invocations=321 (full 3):
 PSYoungGen      total 13312K, used 13281K [0x00000000d5580000, 0x00000000d6600000, 0x0000000100000000)
  eden space 11264K, 100% used [0x00000000d5580000,0x00000000d6080000,0x00000000d6080000)
  from space 2048K, 98% used [0x00000000d6280000,0x00000000d6478738,0x00000000d6480000)
  to   space 1536K, 0% used [0x00000000d6480000,0x00000000d6480000,0x00000000d6600000)
 ParOldGen       total 234496K, used 234008K [0x0000000080000000, 0x000000008e500000, 0x00000000d5580000)
  object space 234496K, 99% used [0x0000000080000000,0x000000008e486330,0x000000008e500000)
 Metaspace       used 68467K, committed 70016K, reserved 1114112K
  class space    used 7122K, committed 7808K, reserved 1048576K
}
Event: 20.403 GC heap after
{Heap after GC invocations=321 (full 3):
 PSYoungGen      total 8192K, used 1518K [0x00000000d5580000, 0x00000000d7180000, 0x0000000100000000)
  eden space 6656K, 0% used [0x00000000d5580000,0x00000000d5580000,0x00000000d5c00000)
  from space 1536K, 98% used [0x00000000d6480000,0x00000000d65fb8e0,0x00000000d6600000)
  to   space 8704K, 0% used [0x00000000d5c00000,0x00000000d5c00000,0x00000000d6480000)
 ParOldGen       total 240128K, used 239881K [0x0000000080000000, 0x000000008ea80000, 0x00000000d5580000)
  object space 240128K, 99% used [0x0000000080000000,0x000000008ea424a0,0x000000008ea80000)
 Metaspace       used 68467K, committed 70016K, reserved 1114112K
  class space    used 7122K, committed 7808K, reserved 1048576K
}
Event: 21.389 GC heap before
{Heap before GC invocations=322 (full 3):
 PSYoungGen      total 8192K, used 8170K [0x00000000d5580000, 0x00000000d7180000, 0x0000000100000000)
  eden space 6656K, 99% used [0x00000000d5580000,0x00000000d5bff0a0,0x00000000d5c00000)
  from space 1536K, 98% used [0x00000000d6480000,0x00000000d65fb8e0,0x00000000d6600000)
  to   space 8704K, 0% used [0x00000000d5c00000,0x00000000d5c00000,0x00000000d6480000)
 ParOldGen       total 240128K, used 239881K [0x0000000080000000, 0x000000008ea80000, 0x00000000d5580000)
  object space 240128K, 99% used [0x0000000080000000,0x000000008ea424a0,0x000000008ea80000)
 Metaspace       used 68753K, committed 70272K, reserved 1114112K
  class space    used 7168K, committed 7808K, reserved 1048576K
}
Event: 21.392 GC heap after
{Heap after GC invocations=322 (full 3):
 PSYoungGen      total 7680K, used 928K [0x00000000d5580000, 0x00000000d6500000, 0x0000000100000000)
  eden space 6656K, 0% used [0x00000000d5580000,0x00000000d5580000,0x00000000d5c00000)
  from space 1024K, 90% used [0x00000000d5c00000,0x00000000d5ce8000,0x00000000d5d00000)
  to   space 3584K, 0% used [0x00000000d6180000,0x00000000d6180000,0x00000000d6500000)
 ParOldGen       total 240128K, used 239953K [0x0000000080000000, 0x000000008ea80000, 0x00000000d5580000)
  object space 240128K, 99% used [0x0000000080000000,0x000000008ea544a0,0x000000008ea80000)
 Metaspace       used 68753K, committed 70272K, reserved 1114112K
  class space    used 7168K, committed 7808K, reserved 1048576K
}
Event: 21.577 GC heap before
{Heap before GC invocations=323 (full 3):
 PSYoungGen      total 7680K, used 7584K [0x00000000d5580000, 0x00000000d6500000, 0x0000000100000000)
  eden space 6656K, 100% used [0x00000000d5580000,0x00000000d5c00000,0x00000000d5c00000)
  from space 1024K, 90% used [0x00000000d5c00000,0x00000000d5ce8000,0x00000000d5d00000)
  to   space 3584K, 0% used [0x00000000d6180000,0x00000000d6180000,0x00000000d6500000)
 ParOldGen       total 240128K, used 239953K [0x0000000080000000, 0x000000008ea80000, 0x00000000d5580000)
  object space 240128K, 99% used [0x0000000080000000,0x000000008ea544a0,0x000000008ea80000)
 Metaspace       used 69074K, committed 70592K, reserved 1114112K
  class space    used 7206K, committed 7872K, reserved 1048576K
}
Event: 21.581 GC heap after
{Heap after GC invocations=323 (full 3):
 PSYoungGen      total 7680K, used 896K [0x00000000d5580000, 0x00000000d6280000, 0x0000000100000000)
  eden space 6656K, 0% used [0x00000000d5580000,0x00000000d5580000,0x00000000d5c00000)
  from space 1024K, 87% used [0x00000000d6180000,0x00000000d6260000,0x00000000d6280000)
  to   space 1536K, 0% used [0x00000000d5f80000,0x00000000d5f80000,0x00000000d6100000)
 ParOldGen       total 241152K, used 240796K [0x0000000080000000, 0x000000008eb80000, 0x00000000d5580000)
  object space 241152K, 99% used [0x0000000080000000,0x000000008eb27120,0x000000008eb80000)
 Metaspace       used 69074K, committed 70592K, reserved 1114112K
  class space    used 7206K, committed 7872K, reserved 1048576K
}
Event: 21.825 GC heap before
{Heap before GC invocations=324 (full 3):
 PSYoungGen      total 7680K, used 7552K [0x00000000d5580000, 0x00000000d6280000, 0x0000000100000000)
  eden space 6656K, 100% used [0x00000000d5580000,0x00000000d5c00000,0x00000000d5c00000)
  from space 1024K, 87% used [0x00000000d6180000,0x00000000d6260000,0x00000000d6280000)
  to   space 1536K, 0% used [0x00000000d5f80000,0x00000000d5f80000,0x00000000d6100000)
 ParOldGen       total 241152K, used 240796K [0x0000000080000000, 0x000000008eb80000, 0x00000000d5580000)
  object space 241152K, 99% used [0x0000000080000000,0x000000008eb27120,0x000000008eb80000)
 Metaspace       used 69129K, committed 70656K, reserved 1114112K
  class space    used 7206K, committed 7872K, reserved 1048576K
}
Event: 21.828 GC heap after
{Heap after GC invocations=324 (full 3):
 PSYoungGen      total 8192K, used 512K [0x00000000d5580000, 0x00000000d6200000, 0x0000000100000000)
  eden space 6656K, 0% used [0x00000000d5580000,0x00000000d5580000,0x00000000d5c00000)
  from space 1536K, 33% used [0x00000000d5f80000,0x00000000d6000000,0x00000000d6100000)
  to   space 1024K, 0% used [0x00000000d6100000,0x00000000d6100000,0x00000000d6200000)
 ParOldGen       total 241664K, used 241500K [0x0000000080000000, 0x000000008ec00000, 0x00000000d5580000)
  object space 241664K, 99% used [0x0000000080000000,0x000000008ebd7120,0x000000008ec00000)
 Metaspace       used 69129K, committed 70656K, reserved 1114112K
  class space    used 7206K, committed 7872K, reserved 1048576K
}
Event: 21.995 GC heap before
{Heap before GC invocations=325 (full 3):
 PSYoungGen      total 8192K, used 7168K [0x00000000d5580000, 0x00000000d6200000, 0x0000000100000000)
  eden space 6656K, 100% used [0x00000000d5580000,0x00000000d5c00000,0x00000000d5c00000)
  from space 1536K, 33% used [0x00000000d5f80000,0x00000000d6000000,0x00000000d6100000)
  to   space 1024K, 0% used [0x00000000d6100000,0x00000000d6100000,0x00000000d6200000)
 ParOldGen       total 241664K, used 241500K [0x0000000080000000, 0x000000008ec00000, 0x00000000d5580000)
  object space 241664K, 99% used [0x0000000080000000,0x000000008ebd7120,0x000000008ec00000)
 Metaspace       used 69585K, committed 71232K, reserved 1114112K
  class space    used 7257K, committed 7936K, reserved 1048576K
}
Event: 21.996 GC heap after
{Heap after GC invocations=325 (full 3):
 PSYoungGen      total 7680K, used 570K [0x00000000d5580000, 0x00000000d6200000, 0x0000000100000000)
  eden space 6656K, 0% used [0x00000000d5580000,0x00000000d5580000,0x00000000d5c00000)
  from space 1024K, 55% used [0x00000000d6100000,0x00000000d618e8c8,0x00000000d6200000)
  to   space 1024K, 0% used [0x00000000d6000000,0x00000000d6000000,0x00000000d6100000)
 ParOldGen       total 242176K, used 241820K [0x0000000080000000, 0x000000008ec80000, 0x00000000d5580000)
  object space 242176K, 99% used [0x0000000080000000,0x000000008ec27120,0x000000008ec80000)
 Metaspace       used 69585K, committed 71232K, reserved 1114112K
  class space    used 7257K, committed 7936K, reserved 1048576K
}
Event: 24.571 GC heap before
{Heap before GC invocations=326 (full 3):
 PSYoungGen      total 7680K, used 7226K [0x00000000d5580000, 0x00000000d6200000, 0x0000000100000000)
  eden space 6656K, 100% used [0x00000000d5580000,0x00000000d5c00000,0x00000000d5c00000)
  from space 1024K, 55% used [0x00000000d6100000,0x00000000d618e8c8,0x00000000d6200000)
  to   space 1024K, 0% used [0x00000000d6000000,0x00000000d6000000,0x00000000d6100000)
 ParOldGen       total 242176K, used 241820K [0x0000000080000000, 0x000000008ec80000, 0x00000000d5580000)
  object space 242176K, 99% used [0x0000000080000000,0x000000008ec27120,0x000000008ec80000)
 Metaspace       used 70098K, committed 71680K, reserved 1114112K
  class space    used 7306K, committed 8000K, reserved 1048576K
}
Event: 24.573 GC heap after
{Heap after GC invocations=326 (full 3):
 PSYoungGen      total 7680K, used 304K [0x00000000d5580000, 0x00000000d6180000, 0x0000000100000000)
  eden space 6656K, 0% used [0x00000000d5580000,0x00000000d5580000,0x00000000d5c00000)
  from space 1024K, 29% used [0x00000000d6000000,0x00000000d604c010,0x00000000d6100000)
  to   space 512K, 0% used [0x00000000d6100000,0x00000000d6100000,0x00000000d6180000)
 ParOldGen       total 242688K, used 242216K [0x0000000080000000, 0x000000008ed00000, 0x00000000d5580000)
  object space 242688K, 99% used [0x0000000080000000,0x000000008ec8a2a8,0x000000008ed00000)
 Metaspace       used 70098K, committed 71680K, reserved 1114112K
  class space    used 7306K, committed 8000K, reserved 1048576K
}
Event: 31.869 GC heap before
{Heap before GC invocations=327 (full 3):
 PSYoungGen      total 7680K, used 6960K [0x00000000d5580000, 0x00000000d6180000, 0x0000000100000000)
  eden space 6656K, 100% used [0x00000000d5580000,0x00000000d5c00000,0x00000000d5c00000)
  from space 1024K, 29% used [0x00000000d6000000,0x00000000d604c010,0x00000000d6100000)
  to   space 512K, 0% used [0x00000000d6100000,0x00000000d6100000,0x00000000d6180000)
 ParOldGen       total 242688K, used 242216K [0x0000000080000000, 0x000000008ed00000, 0x00000000d5580000)
  object space 242688K, 99% used [0x0000000080000000,0x000000008ec8a2a8,0x000000008ed00000)
 Metaspace       used 70260K, committed 71808K, reserved 1114112K
  class space    used 7310K, committed 8000K, reserved 1048576K
}
Event: 31.872 GC heap after
{Heap after GC invocations=327 (full 3):
 PSYoungGen      total 7168K, used 480K [0x00000000d5580000, 0x00000000d6180000, 0x0000000100000000)
  eden space 6656K, 0% used [0x00000000d5580000,0x00000000d5580000,0x00000000d5c00000)
  from space 512K, 93% used [0x00000000d6100000,0x00000000d6178030,0x00000000d6180000)
  to   space 1536K, 0% used [0x00000000d5e80000,0x00000000d5e80000,0x00000000d6000000)
 ParOldGen       total 243200K, used 242880K [0x0000000080000000, 0x000000008ed80000, 0x00000000d5580000)
  object space 243200K, 99% used [0x0000000080000000,0x000000008ed302b8,0x000000008ed80000)
 Metaspace       used 70260K, committed 71808K, reserved 1114112K
  class space    used 7310K, committed 8000K, reserved 1048576K
}

