# JRE version: OpenJDK Runtime Environment Temurin-21.0.10+7 (21.0.10+7) (build 21.0.10+7-LTS)
# Java VM: OpenJDK 64-Bit Server VM Temurin-21.0.10+7 (21.0.10+7-LTS, mixed mode, sharing, tiered, compressed oops, compressed class ptrs, parallel gc, windows-amd64)
GC Precious Log:
 CardTable entry size: 512
 CPUs: 8 total, 8 available
 Memory: 7918M
 Large Page Support: Disabled
 NUMA Support: Disabled
 Compressed Oops: Enabled (32-bit)
 Alignments: Space 512K, Generation 512K, Heap 2M
 Heap Min Capacity: 100M
 Heap Initial Capacity: 100M
 Heap Max Capacity: 2G
 Pre-touch: Disabled
 Parallel Workers: 8
Heap:
 PSYoungGen      total 20480K, used 13666K [0x00000000d5580000, 0x00000000d6c80000, 0x0000000100000000)
  eden space 18432K, 70% used [0x00000000d5580000,0x00000000d6236ce0,0x00000000d6780000)
  from space 2048K, 31% used [0x00000000d6900000,0x00000000d69a1eb0,0x00000000d6b00000)
  to   space 1024K, 0% used [0x00000000d6b80000,0x00000000d6b80000,0x00000000d6c80000)
 ParOldGen       total 108032K, used 107851K [0x0000000080000000, 0x0000000086980000, 0x00000000d5580000)
  object space 108032K, 99% used [0x0000000080000000,0x0000000086952d60,0x0000000086980000)
 Metaspace       used 69865K, committed 71488K, reserved 1114112K
  class space    used 7228K, committed 7936K, reserved 1048576K
GC Heap History (20 events):
Event: 34.366 GC heap before
{Heap before GC invocations=131 (full 3):
 PSYoungGen      total 19456K, used 18944K [0x00000000d5580000, 0x00000000d6980000, 0x0000000100000000)
  eden space 18432K, 100% used [0x00000000d5580000,0x00000000d6780000,0x00000000d6780000)
  from space 1024K, 50% used [0x00000000d6780000,0x00000000d6800000,0x00000000d6880000)
  to   space 1024K, 0% used [0x00000000d6880000,0x00000000d6880000,0x00000000d6980000)
 ParOldGen       total 101376K, used 101226K [0x0000000080000000, 0x0000000086300000, 0x00000000d5580000)
  object space 101376K, 99% used [0x0000000080000000,0x00000000862da990,0x0000000086300000)
 Metaspace       used 65565K, committed 67072K, reserved 1114112K
  class space    used 6876K, committed 7488K, reserved 1048576K
}
Event: 34.368 GC heap after
{Heap after GC invocations=131 (full 3):
 PSYoungGen      total 18944K, used 288K [0x00000000d5580000, 0x00000000d6900000, 0x0000000100000000)
  eden space 18432K, 0% used [0x00000000d5580000,0x00000000d5580000,0x00000000d6780000)
  from space 512K, 56% used [0x00000000d6880000,0x00000000d68c8000,0x00000000d6900000)
  to   space 512K, 0% used [0x00000000d6800000,0x00000000d6800000,0x00000000d6880000)
 ParOldGen       total 101888K, used 101458K [0x0000000080000000, 0x0000000086380000, 0x00000000d5580000)
  object space 101888K, 99% used [0x0000000080000000,0x0000000086314990,0x0000000086380000)
 Metaspace       used 65565K, committed 67072K, reserved 1114112K
  class space    used 6876K, committed 7488K, reserved 1048576K
}
Event: 34.426 GC heap before
{Heap before GC invocations=132 (full 3):
 PSYoungGen      total 18944K, used 18720K [0x00000000d5580000, 0x00000000d6900000, 0x0000000100000000)
  eden space 18432K, 100% used [0x00000000d5580000,0x00000000d6780000,0x00000000d6780000)
  from space 512K, 56% used [0x00000000d6880000,0x00000000d68c8000,0x00000000d6900000)
  to   space 512K, 0% used [0x00000000d6800000,0x00000000d6800000,0x00000000d6880000)
 ParOldGen       total 101888K, used 101458K [0x0000000080000000, 0x0000000086380000, 0x00000000d5580000)
  object space 101888K, 99% used [0x0000000080000000,0x0000000086314990,0x0000000086380000)
 Metaspace       used 65569K, committed 67072K, reserved 1114112K
  class space    used 6876K, committed 7488K, reserved 1048576K
}
Event: 34.428 GC heap after
{Heap after GC invocations=132 (full 3):
 PSYoungGen      total 18944K, used 320K [0x00000000d5580000, 0x00000000d6900000, 0x0000000100000000)
  eden space 18432K, 0% used [0x00000000d5580000,0x00000000d5580000,0x00000000d6780000)
  from space 512K, 62% used [0x00000000d6800000,0x00000000d6850000,0x00000000d6880000)
  to   space 512K, 0% used [0x00000000d6880000,0x00000000d6880000,0x00000000d6900000)
 ParOldGen       total 101888K, used 101546K [0x0000000080000000, 0x0000000086380000, 0x00000000d5580000)
  object space 101888K, 99% used [0x0000000080000000,0x000000008632a990,0x0000000086380000)
 Metaspace       used 65569K, committed 67072K, reserved 1114112K
  class space    used 6876K, committed 7488K, reserved 1048576K
}
Event: 34.447 GC heap before
{Heap before GC invocations=133 (full 3):
 PSYoungGen      total 18944K, used 18752K [0x00000000d5580000, 0x00000000d6900000, 0x0000000100000000)
  eden space 18432K, 100% used [0x00000000d5580000,0x00000000d6780000,0x00000000d6780000)
  from space 512K, 62% used [0x00000000d6800000,0x00000000d6850000,0x00000000d6880000)
  to   space 512K, 0% used [0x00000000d6880000,0x00000000d6880000,0x00000000d6900000)
 ParOldGen       total 101888K, used 101546K [0x0000000080000000, 0x0000000086380000, 0x00000000d5580000)
  object space 101888K, 99% used [0x0000000080000000,0x000000008632a990,0x0000000086380000)
 Metaspace       used 65569K, committed 67072K, reserved 1114112K
  class space    used 6876K, committed 7488K, reserved 1048576K
}
Event: 34.450 GC heap after
{Heap after GC invocations=133 (full 3):
 PSYoungGen      total 18944K, used 352K [0x00000000d5580000, 0x00000000d6900000, 0x0000000100000000)
  eden space 18432K, 0% used [0x00000000d5580000,0x00000000d5580000,0x00000000d6780000)
  from space 512K, 68% used [0x00000000d6880000,0x00000000d68d8000,0x00000000d6900000)
  to   space 512K, 0% used [0x00000000d6800000,0x00000000d6800000,0x00000000d6880000)
 ParOldGen       total 101888K, used 101698K [0x0000000080000000, 0x0000000086380000, 0x00000000d5580000)
  object space 101888K, 99% used [0x0000000080000000,0x0000000086350990,0x0000000086380000)
 Metaspace       used 65569K, committed 67072K, reserved 1114112K
  class space    used 6876K, committed 7488K, reserved 1048576K
}
Event: 34.502 GC heap before
{Heap before GC invocations=134 (full 3):
 PSYoungGen      total 18944K, used 18784K [0x00000000d5580000, 0x00000000d6900000, 0x0000000100000000)
  eden space 18432K, 100% used [0x00000000d5580000,0x00000000d6780000,0x00000000d6780000)
  from space 512K, 68% used [0x00000000d6880000,0x00000000d68d8000,0x00000000d6900000)
  to   space 512K, 0% used [0x00000000d6800000,0x00000000d6800000,0x00000000d6880000)
 ParOldGen       total 101888K, used 101698K [0x0000000080000000, 0x0000000086380000, 0x00000000d5580000)
  object space 101888K, 99% used [0x0000000080000000,0x0000000086350990,0x0000000086380000)
 Metaspace       used 65569K, committed 67072K, reserved 1114112K
  class space    used 6876K, committed 7488K, reserved 1048576K
}
Event: 34.504 GC heap after
{Heap after GC invocations=134 (full 3):
 PSYoungGen      total 18944K, used 416K [0x00000000d5580000, 0x00000000d6900000, 0x0000000100000000)
  eden space 18432K, 0% used [0x00000000d5580000,0x00000000d5580000,0x00000000d6780000)
  from space 512K, 81% used [0x00000000d6800000,0x00000000d6868000,0x00000000d6880000)
  to   space 512K, 0% used [0x00000000d6880000,0x00000000d6880000,0x00000000d6900000)
 ParOldGen       total 102400K, used 102010K [0x0000000080000000, 0x0000000086400000, 0x00000000d5580000)
  object space 102400K, 99% used [0x0000000080000000,0x000000008639e990,0x0000000086400000)
 Metaspace       used 65569K, committed 67072K, reserved 1114112K
  class space    used 6876K, committed 7488K, reserved 1048576K
}
Event: 34.566 GC heap before
{Heap before GC invocations=135 (full 3):
 PSYoungGen      total 18944K, used 18848K [0x00000000d5580000, 0x00000000d6900000, 0x0000000100000000)
  eden space 18432K, 100% used [0x00000000d5580000,0x00000000d6780000,0x00000000d6780000)
  from space 512K, 81% used [0x00000000d6800000,0x00000000d6868000,0x00000000d6880000)
  to   space 512K, 0% used [0x00000000d6880000,0x00000000d6880000,0x00000000d6900000)
 ParOldGen       total 102400K, used 102010K [0x0000000080000000, 0x0000000086400000, 0x00000000d5580000)
  object space 102400K, 99% used [0x0000000080000000,0x000000008639e990,0x0000000086400000)
 Metaspace       used 65569K, committed 67072K, reserved 1114112K
  class space    used 6876K, committed 7488K, reserved 1048576K
}
Event: 34.568 GC heap after
{Heap after GC invocations=135 (full 3):
 PSYoungGen      total 18944K, used 480K [0x00000000d5580000, 0x00000000d6900000, 0x0000000100000000)
  eden space 18432K, 0% used [0x00000000d5580000,0x00000000d5580000,0x00000000d6780000)
  from space 512K, 93% used [0x00000000d6880000,0x00000000d68f8000,0x00000000d6900000)
  to   space 512K, 0% used [0x00000000d6800000,0x00000000d6800000,0x00000000d6880000)
 ParOldGen       total 102400K, used 102367K [0x0000000080000000, 0x0000000086400000, 0x00000000d5580000)
  object space 102400K, 99% used [0x0000000080000000,0x00000000863f7ce8,0x0000000086400000)
 Metaspace       used 65569K, committed 67072K, reserved 1114112K
  class space    used 6876K, committed 7488K, reserved 1048576K
}
Event: 34.852 GC heap before
{Heap before GC invocations=136 (full 3):
 PSYoungGen      total 18944K, used 18912K [0x00000000d5580000, 0x00000000d6900000, 0x0000000100000000)
  eden space 18432K, 100% used [0x00000000d5580000,0x00000000d6780000,0x00000000d6780000)
  from space 512K, 93% used [0x00000000d6880000,0x00000000d68f8000,0x00000000d6900000)
  to   space 512K, 0% used [0x00000000d6800000,0x00000000d6800000,0x00000000d6880000)
 ParOldGen       total 102400K, used 102367K [0x0000000080000000, 0x0000000086400000, 0x00000000d5580000)
  object space 102400K, 99% used [0x0000000080000000,0x00000000863f7ce8,0x0000000086400000)
 Metaspace       used 65677K, committed 67264K, reserved 1114112K
  class space    used 6894K, committed 7552K, reserved 1048576K
}
Event: 34.857 GC heap after
{Heap after GC invocations=136 (full 3):
 PSYoungGen      total 18944K, used 482K [0x00000000d5580000, 0x00000000d6b80000, 0x0000000100000000)
  eden space 18432K, 0% used [0x00000000d5580000,0x00000000d5580000,0x00000000d6780000)
  from space 512K, 94% used [0x00000000d6800000,0x00000000d6878800,0x00000000d6880000)
  to   space 2048K, 0% used [0x00000000d6980000,0x00000000d6980000,0x00000000d6b80000)
 ParOldGen       total 103424K, used 103384K [0x0000000080000000, 0x0000000086500000, 0x00000000d5580000)
  object space 103424K, 99% used [0x0000000080000000,0x00000000864f6260,0x0000000086500000)
 Metaspace       used 65677K, committed 67264K, reserved 1114112K
  class space    used 6894K, committed 7552K, reserved 1048576K
}
Event: 35.465 GC heap before
{Heap before GC invocations=137 (full 3):
 PSYoungGen      total 18944K, used 18914K [0x00000000d5580000, 0x00000000d6b80000, 0x0000000100000000)
  eden space 18432K, 100% used [0x00000000d5580000,0x00000000d6780000,0x00000000d6780000)
  from space 512K, 94% used [0x00000000d6800000,0x00000000d6878800,0x00000000d6880000)
  to   space 2048K, 0% used [0x00000000d6980000,0x00000000d6980000,0x00000000d6b80000)
 ParOldGen       total 103424K, used 103384K [0x0000000080000000, 0x0000000086500000, 0x00000000d5580000)
  object space 103424K, 99% used [0x0000000080000000,0x00000000864f6260,0x0000000086500000)
 Metaspace       used 66831K, committed 68352K, reserved 1114112K
  class space    used 6994K, committed 7616K, reserved 1048576K
}
Event: 35.469 GC heap after
{Heap after GC invocations=137 (full 3):
 PSYoungGen      total 20480K, used 1616K [0x00000000d5580000, 0x00000000d6b80000, 0x0000000100000000)
  eden space 18432K, 0% used [0x00000000d5580000,0x00000000d5580000,0x00000000d6780000)
  from space 2048K, 78% used [0x00000000d6980000,0x00000000d6b142d0,0x00000000d6b80000)
  to   space 2048K, 0% used [0x00000000d6780000,0x00000000d6780000,0x00000000d6980000)
 ParOldGen       total 103936K, used 103869K [0x0000000080000000, 0x0000000086580000, 0x00000000d5580000)
  object space 103936K, 99% used [0x0000000080000000,0x000000008656f5d0,0x0000000086580000)
 Metaspace       used 66831K, committed 68352K, reserved 1114112K
  class space    used 6994K, committed 7616K, reserved 1048576K
}
Event: 35.821 GC heap before
{Heap before GC invocations=138 (full 3):
 PSYoungGen      total 20480K, used 20044K [0x00000000d5580000, 0x00000000d6b80000, 0x0000000100000000)
  eden space 18432K, 99% used [0x00000000d5580000,0x00000000d677f128,0x00000000d6780000)
  from space 2048K, 78% used [0x00000000d6980000,0x00000000d6b142d0,0x00000000d6b80000)
  to   space 2048K, 0% used [0x00000000d6780000,0x00000000d6780000,0x00000000d6980000)
 ParOldGen       total 103936K, used 103869K [0x0000000080000000, 0x0000000086580000, 0x00000000d5580000)
  object space 103936K, 99% used [0x0000000080000000,0x000000008656f5d0,0x0000000086580000)
 Metaspace       used 67762K, committed 69312K, reserved 1114112K
  class space    used 7048K, committed 7680K, reserved 1048576K
}
Event: 35.828 GC heap after
{Heap after GC invocations=138 (full 3):
 PSYoungGen      total 20480K, used 2024K [0x00000000d5580000, 0x00000000d7080000, 0x0000000100000000)
  eden space 18432K, 0% used [0x00000000d5580000,0x00000000d5580000,0x00000000d6780000)
  from space 2048K, 98% used [0x00000000d6780000,0x00000000d697a170,0x00000000d6980000)
  to   space 4608K, 0% used [0x00000000d6c00000,0x00000000d6c00000,0x00000000d7080000)
 ParOldGen       total 105984K, used 105821K [0x0000000080000000, 0x0000000086780000, 0x00000000d5580000)
  object space 105984K, 99% used [0x0000000080000000,0x0000000086757650,0x0000000086780000)
 Metaspace       used 67762K, committed 69312K, reserved 1114112K
  class space    used 7048K, committed 7680K, reserved 1048576K
}
Event: 36.153 GC heap before
{Heap before GC invocations=139 (full 3):
 PSYoungGen      total 20480K, used 20456K [0x00000000d5580000, 0x00000000d7080000, 0x0000000100000000)
  eden space 18432K, 100% used [0x00000000d5580000,0x00000000d6780000,0x00000000d6780000)
  from space 2048K, 98% used [0x00000000d6780000,0x00000000d697a170,0x00000000d6980000)
  to   space 4608K, 0% used [0x00000000d6c00000,0x00000000d6c00000,0x00000000d7080000)
 ParOldGen       total 105984K, used 105821K [0x0000000080000000, 0x0000000086780000, 0x00000000d5580000)
  object space 105984K, 99% used [0x0000000080000000,0x0000000086757650,0x0000000086780000)
 Metaspace       used 68792K, committed 70400K, reserved 1114112K
  class space    used 7130K, committed 7808K, reserved 1048576K
}
Event: 36.157 GC heap after
{Heap after GC invocations=139 (full 3):
 PSYoungGen      total 19456K, used 800K [0x00000000d5580000, 0x00000000d6d00000, 0x0000000100000000)
  eden space 18432K, 0% used [0x00000000d5580000,0x00000000d5580000,0x00000000d6780000)
  from space 1024K, 78% used [0x00000000d6c00000,0x00000000d6cc8020,0x00000000d6d00000)
  to   space 2048K, 0% used [0x00000000d6900000,0x00000000d6900000,0x00000000d6b00000)
 ParOldGen       total 107520K, used 107181K [0x0000000080000000, 0x0000000086900000, 0x00000000d5580000)
  object space 107520K, 99% used [0x0000000080000000,0x00000000868ab5c0,0x0000000086900000)
 Metaspace       used 68792K, committed 70400K, reserved 1114112K
  class space    used 7130K, committed 7808K, reserved 1048576K
}
Event: 1420.430 GC heap before
{Heap before GC invocations=140 (full 3):
 PSYoungGen      total 19456K, used 19232K [0x00000000d5580000, 0x00000000d6d00000, 0x0000000100000000)
  eden space 18432K, 100% used [0x00000000d5580000,0x00000000d6780000,0x00000000d6780000)
  from space 1024K, 78% used [0x00000000d6c00000,0x00000000d6cc8020,0x00000000d6d00000)
  to   space 2048K, 0% used [0x00000000d6900000,0x00000000d6900000,0x00000000d6b00000)
 ParOldGen       total 107520K, used 107181K [0x0000000080000000, 0x0000000086900000, 0x00000000d5580000)
  object space 107520K, 99% used [0x0000000080000000,0x00000000868ab5c0,0x0000000086900000)
 Metaspace       used 69704K, committed 71232K, reserved 1114112K
  class space    used 7226K, committed 7872K, reserved 1048576K
}
Event: 1420.614 GC heap after
{Heap after GC invocations=140 (full 3):
 PSYoungGen      total 20480K, used 647K [0x00000000d5580000, 0x00000000d6c80000, 0x0000000100000000)
  eden space 18432K, 0% used [0x00000000d5580000,0x00000000d5580000,0x00000000d6780000)
  from space 2048K, 31% used [0x00000000d6900000,0x00000000d69a1eb0,0x00000000d6b00000)
  to   space 1024K, 0% used [0x00000000d6b80000,0x00000000d6b80000,0x00000000d6c80000)
 ParOldGen       total 108032K, used 107851K [0x0000000080000000, 0x0000000086980000, 0x00000000d5580000)
  object space 108032K, 99% used [0x0000000080000000,0x0000000086952d60,0x0000000086980000)
 Metaspace       used 69704K, committed 71232K, reserved 1114112K
  class space    used 7226K, committed 7872K, reserved 1048576K
}

