# JRE version: OpenJDK Runtime Environment Temurin-21.0.10+7 (21.0.10+7) (build 21.0.10+7-LTS)
# Java VM: OpenJDK 64-Bit Server VM Temurin-21.0.10+7 (21.0.10+7-LTS, mixed mode, sharing, tiered, compressed oops, compressed class ptrs, parallel gc, windows-amd64)
GC Precious Log:
 CardTable entry size: 512
 CPUs: 8 total, 8 available
 Memory: 7918M
 Large Page Support: Disabled
 NUMA Support: Disabled
 Compressed Oops: Enabled (32-bit)
 Alignments: Space 512K, Generation 512K, Heap 2M
 Heap Min Capacity: 100M
 Heap Initial Capacity: 100M
 Heap Max Capacity: 2G
 Pre-touch: Disabled
 Parallel Workers: 8
Heap:
 PSYoungGen      total 2560K, used 1991K [0x00000000d5580000, 0x00000000d5a00000, 0x0000000100000000)
  eden space 2048K, 89% used [0x00000000d5580000,0x00000000d5749cb8,0x00000000d5780000)
  from space 512K, 31% used [0x00000000d5980000,0x00000000d59a8000,0x00000000d5a00000)
  to   space 1024K, 0% used [0x00000000d5800000,0x00000000d5800000,0x00000000d5900000)
 ParOldGen       total 150528K, used 150091K [0x0000000080000000, 0x0000000089300000, 0x00000000d5580000)
  object space 150528K, 99% used [0x0000000080000000,0x0000000089292d90,0x0000000089300000)
 Metaspace       used 71825K, committed 73472K, reserved 1179648K
  class space    used 7435K, committed 8128K, reserved 1048576K
GC Heap History (20 events):
Event: 1991.339 GC heap before
{Heap before GC invocations=218 (full 3):
 PSYoungGen      total 3584K, used 3023K [0x00000000d5580000, 0x00000000d5b00000, 0x0000000100000000)
  eden space 1536K, 100% used [0x00000000d5580000,0x00000000d5700000,0x00000000d5700000)
  from space 2048K, 72% used [0x00000000d5900000,0x00000000d5a73e40,0x00000000d5b00000)
  to   space 2048K, 0% used [0x00000000d5700000,0x00000000d5700000,0x00000000d5900000)
 ParOldGen       total 138240K, used 137791K [0x0000000080000000, 0x0000000088700000, 0x00000000d5580000)
  object space 138240K, 99% used [0x0000000080000000,0x000000008868fe80,0x0000000088700000)
 Metaspace       used 71775K, committed 73408K, reserved 1179648K
  class space    used 7435K, committed 8128K, reserved 1048576K
}
Event: 1991.342 GC heap after
{Heap after GC invocations=218 (full 3):
 PSYoungGen      total 3584K, used 1600K [0x00000000d5580000, 0x00000000d5b80000, 0x0000000100000000)
  eden space 1536K, 0% used [0x00000000d5580000,0x00000000d5580000,0x00000000d5700000)
  from space 2048K, 78% used [0x00000000d5700000,0x00000000d5890000,0x00000000d5900000)
  to   space 2048K, 0% used [0x00000000d5980000,0x00000000d5980000,0x00000000d5b80000)
 ParOldGen       total 139264K, used 139151K [0x0000000080000000, 0x0000000088800000, 0x00000000d5580000)
  object space 139264K, 99% used [0x0000000080000000,0x00000000887e3cc0,0x0000000088800000)
 Metaspace       used 71775K, committed 73408K, reserved 1179648K
  class space    used 7435K, committed 8128K, reserved 1048576K
}
Event: 1991.352 GC heap before
{Heap before GC invocations=219 (full 3):
 PSYoungGen      total 3584K, used 3136K [0x00000000d5580000, 0x00000000d5b80000, 0x0000000100000000)
  eden space 1536K, 100% used [0x00000000d5580000,0x00000000d5700000,0x00000000d5700000)
  from space 2048K, 78% used [0x00000000d5700000,0x00000000d5890000,0x00000000d5900000)
  to   space 2048K, 0% used [0x00000000d5980000,0x00000000d5980000,0x00000000d5b80000)
 ParOldGen       total 139264K, used 139151K [0x0000000080000000, 0x0000000088800000, 0x00000000d5580000)
  object space 139264K, 99% used [0x0000000080000000,0x00000000887e3cc0,0x0000000088800000)
 Metaspace       used 71775K, committed 73408K, reserved 1179648K
  class space    used 7435K, committed 8128K, reserved 1048576K
}
Event: 1991.355 GC heap after
{Heap after GC invocations=219 (full 3):
 PSYoungGen      total 3584K, used 1498K [0x00000000d5580000, 0x00000000d5b00000, 0x0000000100000000)
  eden space 2048K, 0% used [0x00000000d5580000,0x00000000d5580000,0x00000000d5780000)
  from space 1536K, 97% used [0x00000000d5980000,0x00000000d5af6900,0x00000000d5b00000)
  to   space 1536K, 0% used [0x00000000d5800000,0x00000000d5800000,0x00000000d5980000)
 ParOldGen       total 140800K, used 140687K [0x0000000080000000, 0x0000000088980000, 0x00000000d5580000)
  object space 140800K, 99% used [0x0000000080000000,0x0000000088963cc0,0x0000000088980000)
 Metaspace       used 71775K, committed 73408K, reserved 1179648K
  class space    used 7435K, committed 8128K, reserved 1048576K
}
Event: 1991.367 GC heap before
{Heap before GC invocations=220 (full 3):
 PSYoungGen      total 3584K, used 3546K [0x00000000d5580000, 0x00000000d5b00000, 0x0000000100000000)
  eden space 2048K, 99% used [0x00000000d5580000,0x00000000d577ffd8,0x00000000d5780000)
  from space 1536K, 97% used [0x00000000d5980000,0x00000000d5af6900,0x00000000d5b00000)
  to   space 1536K, 0% used [0x00000000d5800000,0x00000000d5800000,0x00000000d5980000)
 ParOldGen       total 140800K, used 140687K [0x0000000080000000, 0x0000000088980000, 0x00000000d5580000)
  object space 140800K, 99% used [0x0000000080000000,0x0000000088963cc0,0x0000000088980000)
 Metaspace       used 71775K, committed 73408K, reserved 1179648K
  class space    used 7435K, committed 8128K, reserved 1048576K
}
Event: 1991.370 GC heap after
{Heap after GC invocations=220 (full 3):
 PSYoungGen      total 3072K, used 448K [0x00000000d5580000, 0x00000000d5a00000, 0x0000000100000000)
  eden space 2560K, 0% used [0x00000000d5580000,0x00000000d5580000,0x00000000d5800000)
  from space 512K, 87% used [0x00000000d5800000,0x00000000d5870000,0x00000000d5880000)
  to   space 1024K, 0% used [0x00000000d5900000,0x00000000d5900000,0x00000000d5a00000)
 ParOldGen       total 142336K, used 142075K [0x0000000080000000, 0x0000000088b00000, 0x00000000d5580000)
  object space 142336K, 99% used [0x0000000080000000,0x0000000088abeec0,0x0000000088b00000)
 Metaspace       used 71775K, committed 73408K, reserved 1179648K
  class space    used 7435K, committed 8128K, reserved 1048576K
}
Event: 1991.383 GC heap before
{Heap before GC invocations=221 (full 3):
 PSYoungGen      total 3072K, used 3007K [0x00000000d5580000, 0x00000000d5a00000, 0x0000000100000000)
  eden space 2560K, 99% used [0x00000000d5580000,0x00000000d57fff90,0x00000000d5800000)
  from space 512K, 87% used [0x00000000d5800000,0x00000000d5870000,0x00000000d5880000)
  to   space 1024K, 0% used [0x00000000d5900000,0x00000000d5900000,0x00000000d5a00000)
 ParOldGen       total 142336K, used 142075K [0x0000000080000000, 0x0000000088b00000, 0x00000000d5580000)
  object space 142336K, 99% used [0x0000000080000000,0x0000000088abeec0,0x0000000088b00000)
 Metaspace       used 71780K, committed 73408K, reserved 1179648K
  class space    used 7435K, committed 8128K, reserved 1048576K
}
Event: 1991.385 GC heap after
{Heap after GC invocations=221 (full 3):
 PSYoungGen      total 2048K, used 1007K [0x00000000d5580000, 0x00000000d5d80000, 0x0000000100000000)
  eden space 1024K, 0% used [0x00000000d5580000,0x00000000d5580000,0x00000000d5680000)
  from space 1024K, 98% used [0x00000000d5900000,0x00000000d59fbe40,0x00000000d5a00000)
  to   space 2560K, 0% used [0x00000000d5680000,0x00000000d5680000,0x00000000d5900000)
 ParOldGen       total 143360K, used 142953K [0x0000000080000000, 0x0000000088c00000, 0x00000000d5580000)
  object space 143360K, 99% used [0x0000000080000000,0x0000000088b9a5a0,0x0000000088c00000)
 Metaspace       used 71780K, committed 73408K, reserved 1179648K
  class space    used 7435K, committed 8128K, reserved 1048576K
}
Event: 1991.389 GC heap before
{Heap before GC invocations=222 (full 3):
 PSYoungGen      total 2048K, used 2031K [0x00000000d5580000, 0x00000000d5d80000, 0x0000000100000000)
  eden space 1024K, 100% used [0x00000000d5580000,0x00000000d5680000,0x00000000d5680000)
  from space 1024K, 98% used [0x00000000d5900000,0x00000000d59fbe40,0x00000000d5a00000)
  to   space 2560K, 0% used [0x00000000d5680000,0x00000000d5680000,0x00000000d5900000)
 ParOldGen       total 143360K, used 142953K [0x0000000080000000, 0x0000000088c00000, 0x00000000d5580000)
  object space 143360K, 99% used [0x0000000080000000,0x0000000088b9a5a0,0x0000000088c00000)
 Metaspace       used 71780K, committed 73408K, reserved 1179648K
  class space    used 7435K, committed 8128K, reserved 1048576K
}
Event: 1991.392 GC heap after
{Heap after GC invocations=222 (full 3):
 PSYoungGen      total 2048K, used 960K [0x00000000d5580000, 0x00000000d5a00000, 0x0000000100000000)
  eden space 1024K, 0% used [0x00000000d5580000,0x00000000d5580000,0x00000000d5680000)
  from space 1024K, 93% used [0x00000000d5680000,0x00000000d5770000,0x00000000d5780000)
  to   space 1536K, 0% used [0x00000000d5880000,0x00000000d5880000,0x00000000d5a00000)
 ParOldGen       total 144384K, used 143995K [0x0000000080000000, 0x0000000088d00000, 0x00000000d5580000)
  object space 144384K, 99% used [0x0000000080000000,0x0000000088c9ef50,0x0000000088d00000)
 Metaspace       used 71780K, committed 73408K, reserved 1179648K
  class space    used 7435K, committed 8128K, reserved 1048576K
}
Event: 1991.396 GC heap before
{Heap before GC invocations=223 (full 3):
 PSYoungGen      total 2048K, used 1984K [0x00000000d5580000, 0x00000000d5a00000, 0x0000000100000000)
  eden space 1024K, 100% used [0x00000000d5580000,0x00000000d5680000,0x00000000d5680000)
  from space 1024K, 93% used [0x00000000d5680000,0x00000000d5770000,0x00000000d5780000)
  to   space 1536K, 0% used [0x00000000d5880000,0x00000000d5880000,0x00000000d5a00000)
 ParOldGen       total 144384K, used 143995K [0x0000000080000000, 0x0000000088d00000, 0x00000000d5580000)
  object space 144384K, 99% used [0x0000000080000000,0x0000000088c9ef50,0x0000000088d00000)
 Metaspace       used 71780K, committed 73408K, reserved 1179648K
  class space    used 7435K, committed 8128K, reserved 1048576K
}
Event: 1991.398 GC heap after
{Heap after GC invocations=223 (full 3):
 PSYoungGen      total 3072K, used 1056K [0x00000000d5580000, 0x00000000d5a00000, 0x0000000100000000)
  eden space 1536K, 0% used [0x00000000d5580000,0x00000000d5580000,0x00000000d5700000)
  from space 1536K, 68% used [0x00000000d5880000,0x00000000d5988000,0x00000000d5a00000)
  to   space 1536K, 0% used [0x00000000d5700000,0x00000000d5700000,0x00000000d5880000)
 ParOldGen       total 145408K, used 144899K [0x0000000080000000, 0x0000000088e00000, 0x00000000d5580000)
  object space 145408K, 99% used [0x0000000080000000,0x0000000088d80f50,0x0000000088e00000)
 Metaspace       used 71780K, committed 73408K, reserved 1179648K
  class space    used 7435K, committed 8128K, reserved 1048576K
}
Event: 1991.405 GC heap before
{Heap before GC invocations=224 (full 3):
 PSYoungGen      total 3072K, used 2592K [0x00000000d5580000, 0x00000000d5a00000, 0x0000000100000000)
  eden space 1536K, 100% used [0x00000000d5580000,0x00000000d5700000,0x00000000d5700000)
  from space 1536K, 68% used [0x00000000d5880000,0x00000000d5988000,0x00000000d5a00000)
  to   space 1536K, 0% used [0x00000000d5700000,0x00000000d5700000,0x00000000d5880000)
 ParOldGen       total 145408K, used 144899K [0x0000000080000000, 0x0000000088e00000, 0x00000000d5580000)
  object space 145408K, 99% used [0x0000000080000000,0x0000000088d80f50,0x0000000088e00000)
 Metaspace       used 71780K, committed 73408K, reserved 1179648K
  class space    used 7435K, committed 8128K, reserved 1048576K
}
Event: 1991.409 GC heap after
{Heap after GC invocations=224 (full 3):
 PSYoungGen      total 3072K, used 1327K [0x00000000d5580000, 0x00000000d5a80000, 0x0000000100000000)
  eden space 1536K, 0% used [0x00000000d5580000,0x00000000d5580000,0x00000000d5700000)
  from space 1536K, 86% used [0x00000000d5700000,0x00000000d584be40,0x00000000d5880000)
  to   space 1536K, 0% used [0x00000000d5900000,0x00000000d5900000,0x00000000d5a80000)
 ParOldGen       total 145920K, used 145883K [0x0000000080000000, 0x0000000088e80000, 0x00000000d5580000)
  object space 145920K, 99% used [0x0000000080000000,0x0000000088e76f50,0x0000000088e80000)
 Metaspace       used 71780K, committed 73408K, reserved 1179648K
  class space    used 7435K, committed 8128K, reserved 1048576K
}
Event: 1991.413 GC heap before
{Heap before GC invocations=225 (full 3):
 PSYoungGen      total 3072K, used 2863K [0x00000000d5580000, 0x00000000d5a80000, 0x0000000100000000)
  eden space 1536K, 100% used [0x00000000d5580000,0x00000000d5700000,0x00000000d5700000)
  from space 1536K, 86% used [0x00000000d5700000,0x00000000d584be40,0x00000000d5880000)
  to   space 1536K, 0% used [0x00000000d5900000,0x00000000d5900000,0x00000000d5a80000)
 ParOldGen       total 145920K, used 145883K [0x0000000080000000, 0x0000000088e80000, 0x00000000d5580000)
  object space 145920K, 99% used [0x0000000080000000,0x0000000088e76f50,0x0000000088e80000)
 Metaspace       used 71780K, committed 73408K, reserved 1179648K
  class space    used 7435K, committed 8128K, reserved 1048576K
}
Event: 1991.416 GC heap after
{Heap after GC invocations=225 (full 3):
 PSYoungGen      total 3072K, used 1536K [0x00000000d5580000, 0x00000000d5b80000, 0x0000000100000000)
  eden space 1536K, 0% used [0x00000000d5580000,0x00000000d5580000,0x00000000d5700000)
  from space 1536K, 100% used [0x00000000d5900000,0x00000000d5a80000,0x00000000d5a80000)
  to   space 2048K, 0% used [0x00000000d5700000,0x00000000d5700000,0x00000000d5900000)
 ParOldGen       total 147456K, used 147131K [0x0000000080000000, 0x0000000089000000, 0x00000000d5580000)
  object space 147456K, 99% used [0x0000000080000000,0x0000000088faed90,0x0000000089000000)
 Metaspace       used 71780K, committed 73408K, reserved 1179648K
  class space    used 7435K, committed 8128K, reserved 1048576K
}
Event: 1991.421 GC heap before
{Heap before GC invocations=226 (full 3):
 PSYoungGen      total 3072K, used 3072K [0x00000000d5580000, 0x00000000d5b80000, 0x0000000100000000)
  eden space 1536K, 100% used [0x00000000d5580000,0x00000000d5700000,0x00000000d5700000)
  from space 1536K, 100% used [0x00000000d5900000,0x00000000d5a80000,0x00000000d5a80000)
  to   space 2048K, 0% used [0x00000000d5700000,0x00000000d5700000,0x00000000d5900000)
 ParOldGen       total 147456K, used 147131K [0x0000000080000000, 0x0000000089000000, 0x00000000d5580000)
  object space 147456K, 99% used [0x0000000080000000,0x0000000088faed90,0x0000000089000000)
 Metaspace       used 71780K, committed 73408K, reserved 1179648K
  class space    used 7435K, committed 8128K, reserved 1048576K
}
Event: 1991.426 GC heap after
{Heap after GC invocations=226 (full 3):
 PSYoungGen      total 3584K, used 1568K [0x00000000d5580000, 0x00000000d5b80000, 0x0000000100000000)
  eden space 1536K, 0% used [0x00000000d5580000,0x00000000d5580000,0x00000000d5700000)
  from space 2048K, 76% used [0x00000000d5700000,0x00000000d5888000,0x00000000d5900000)
  to   space 2048K, 0% used [0x00000000d5980000,0x00000000d5980000,0x00000000d5b80000)
 ParOldGen       total 148992K, used 148571K [0x0000000080000000, 0x0000000089180000, 0x00000000d5580000)
  object space 148992K, 99% used [0x0000000080000000,0x0000000089116d90,0x0000000089180000)
 Metaspace       used 71780K, committed 73408K, reserved 1179648K
  class space    used 7435K, committed 8128K, reserved 1048576K
}
Event: 1994.302 GC heap before
{Heap before GC invocations=227 (full 3):
 PSYoungGen      total 3584K, used 3104K [0x00000000d5580000, 0x00000000d5b80000, 0x0000000100000000)
  eden space 1536K, 100% used [0x00000000d5580000,0x00000000d5700000,0x00000000d5700000)
  from space 2048K, 76% used [0x00000000d5700000,0x00000000d5888000,0x00000000d5900000)
  to   space 2048K, 0% used [0x00000000d5980000,0x00000000d5980000,0x00000000d5b80000)
 ParOldGen       total 148992K, used 148571K [0x0000000080000000, 0x0000000089180000, 0x00000000d5580000)
  object space 148992K, 99% used [0x0000000080000000,0x0000000089116d90,0x0000000089180000)
 Metaspace       used 71796K, committed 73408K, reserved 1179648K
  class space    used 7435K, committed 8128K, reserved 1048576K
}
Event: 1994.307 GC heap after
{Heap after GC invocations=227 (full 3):
 PSYoungGen      total 2560K, used 160K [0x00000000d5580000, 0x00000000d5a00000, 0x0000000100000000)
  eden space 2048K, 0% used [0x00000000d5580000,0x00000000d5580000,0x00000000d5780000)
  from space 512K, 31% used [0x00000000d5980000,0x00000000d59a8000,0x00000000d5a00000)
  to   space 1024K, 0% used [0x00000000d5800000,0x00000000d5800000,0x00000000d5900000)
 ParOldGen       total 150528K, used 150091K [0x0000000080000000, 0x0000000089300000, 0x00000000d5580000)
  object space 150528K, 99% used [0x0000000080000000,0x0000000089292d90,0x0000000089300000)
 Metaspace       used 71796K, committed 73408K, reserved 1179648K
  class space    used 7435K, committed 8128K, reserved 1048576K
}

